{"/app/src/api/routes/users.ts":{"path":"/app/src/api/routes/users.ts","statementMap":{"0":{"start":{"line":2,"column":22},"end":{"line":12,"column":3}},"1":{"start":{"line":3,"column":4},"end":{"line":3,"column":33}},"2":{"start":{"line":3,"column":26},"end":{"line":3,"column":33}},"3":{"start":{"line":4,"column":15},"end":{"line":4,"column":52}},"4":{"start":{"line":5,"column":4},"end":{"line":7,"column":5}},"5":{"start":{"line":6,"column":6},"end":{"line":6,"column":68}},"6":{"start":{"line":6,"column":51},"end":{"line":6,"column":63}},"7":{"start":{"line":8,"column":4},"end":{"line":8,"column":39}},"8":{"start":{"line":10,"column":4},"end":{"line":10,"column":33}},"9":{"start":{"line":10,"column":26},"end":{"line":10,"column":33}},"10":{"start":{"line":11,"column":4},"end":{"line":11,"column":17}},"11":{"start":{"line":13,"column":25},"end":{"line":17,"column":2}},"12":{"start":{"line":14,"column":4},"end":{"line":14,"column":72}},"13":{"start":{"line":16,"column":4},"end":{"line":16,"column":21}},"14":{"start":{"line":18,"column":19},"end":{"line":34,"column":4}},"15":{"start":{"line":19,"column":18},"end":{"line":26,"column":5}},"16":{"start":{"line":20,"column":8},"end":{"line":24,"column":10}},"17":{"start":{"line":21,"column":21},"end":{"line":21,"column":23}},"18":{"start":{"line":22,"column":12},"end":{"line":22,"column":95}},"19":{"start":{"line":22,"column":29},"end":{"line":22,"column":95}},"20":{"start":{"line":22,"column":77},"end":{"line":22,"column":95}},"21":{"start":{"line":23,"column":12},"end":{"line":23,"column":22}},"22":{"start":{"line":25,"column":8},"end":{"line":25,"column":26}},"23":{"start":{"line":27,"column":4},"end":{"line":33,"column":6}},"24":{"start":{"line":28,"column":8},"end":{"line":28,"column":46}},"25":{"start":{"line":28,"column":35},"end":{"line":28,"column":46}},"26":{"start":{"line":29,"column":21},"end":{"line":29,"column":23}},"27":{"start":{"line":30,"column":8},"end":{"line":30,"column":137}},"28":{"start":{"line":30,"column":25},"end":{"line":30,"column":137}},"29":{"start":{"line":30,"column":38},"end":{"line":30,"column":50}},"30":{"start":{"line":30,"column":56},"end":{"line":30,"column":57}},"31":{"start":{"line":30,"column":78},"end":{"line":30,"column":137}},"32":{"start":{"line":30,"column":102},"end":{"line":30,"column":137}},"33":{"start":{"line":31,"column":8},"end":{"line":31,"column":40}},"34":{"start":{"line":32,"column":8},"end":{"line":32,"column":22}},"35":{"start":{"line":35,"column":16},"end":{"line":43,"column":1}},"36":{"start":{"line":36,"column":28},"end":{"line":36,"column":110}},"37":{"start":{"line":36,"column":91},"end":{"line":36,"column":106}},"38":{"start":{"line":37,"column":4},"end":{"line":42,"column":7}},"39":{"start":{"line":38,"column":36},"end":{"line":38,"column":97}},"40":{"start":{"line":38,"column":42},"end":{"line":38,"column":70}},"41":{"start":{"line":38,"column":85},"end":{"line":38,"column":95}},"42":{"start":{"line":39,"column":35},"end":{"line":39,"column":100}},"43":{"start":{"line":39,"column":41},"end":{"line":39,"column":73}},"44":{"start":{"line":39,"column":88},"end":{"line":39,"column":98}},"45":{"start":{"line":40,"column":32},"end":{"line":40,"column":116}},"46":{"start":{"line":41,"column":8},"end":{"line":41,"column":78}},"47":{"start":{"line":44,"column":22},"end":{"line":46,"column":1}},"48":{"start":{"line":45,"column":4},"end":{"line":45,"column":62}},"49":{"start":{"line":47,"column":0},"end":{"line":47,"column":62}},"50":{"start":{"line":48,"column":0},"end":{"line":48,"column":28}},"51":{"start":{"line":49,"column":0},"end":{"line":49,"column":42}},"52":{"start":{"line":50,"column":0},"end":{"line":50,"column":50}},"53":{"start":{"line":51,"column":0},"end":{"line":51,"column":34}},"54":{"start":{"line":52,"column":0},"end":{"line":52,"column":32}},"55":{"start":{"line":53,"column":0},"end":{"line":53,"column":50}},"56":{"start":{"line":54,"column":0},"end":{"line":54,"column":40}},"57":{"start":{"line":55,"column":0},"end":{"line":55,"column":70}},"58":{"start":{"line":56,"column":0},"end":{"line":56,"column":62}},"59":{"start":{"line":57,"column":0},"end":{"line":57,"column":62}},"60":{"start":{"line":58,"column":21},"end":{"line":58,"column":49}},"61":{"start":{"line":59,"column":15},"end":{"line":59,"column":33}},"62":{"start":{"line":60,"column":14},"end":{"line":60,"column":28}},"63":{"start":{"line":61,"column":15},"end":{"line":61,"column":43}},"64":{"start":{"line":62,"column":13},"end":{"line":62,"column":55}},"65":{"start":{"line":63,"column":20},"end":{"line":63,"column":40}},"66":{"start":{"line":64,"column":15},"end":{"line":64,"column":33}},"67":{"start":{"line":65,"column":15},"end":{"line":65,"column":43}},"68":{"start":{"line":66,"column":21},"end":{"line":66,"column":55}},"69":{"start":{"line":67,"column":25},"end":{"line":67,"column":63}},"70":{"start":{"line":68,"column":25},"end":{"line":68,"column":71}},"71":{"start":{"line":69,"column":29},"end":{"line":69,"column":79}},"72":{"start":{"line":70,"column":17},"end":{"line":70,"column":37}},"73":{"start":{"line":71,"column":24},"end":{"line":71,"column":61}},"74":{"start":{"line":72,"column":32},"end":{"line":72,"column":83}},"75":{"start":{"line":73,"column":23},"end":{"line":73,"column":48}},"76":{"start":{"line":74,"column":20},"end":{"line":74,"column":69}},"77":{"start":{"line":75,"column":23},"end":{"line":75,"column":59}},"78":{"start":{"line":76,"column":22},"end":{"line":76,"column":57}},"79":{"start":{"line":77,"column":21},"end":{"line":77,"column":55}},"80":{"start":{"line":78,"column":22},"end":{"line":78,"column":46}},"81":{"start":{"line":79,"column":20},"end":{"line":79,"column":53}},"82":{"start":{"line":80,"column":23},"end":{"line":80,"column":68}},"83":{"start":{"line":81,"column":17},"end":{"line":81,"column":47}},"84":{"start":{"line":82,"column":20},"end":{"line":82,"column":70}},"85":{"start":{"line":83,"column":36},"end":{"line":83,"column":74}},"86":{"start":{"line":84,"column":19},"end":{"line":84,"column":41}},"87":{"start":{"line":86,"column":19},"end":{"line":86,"column":51}},"88":{"start":{"line":87,"column":15},"end":{"line":111,"column":3}},"89":{"start":{"line":96,"column":22},"end":{"line":111,"column":2}},"90":{"start":{"line":97,"column":4},"end":{"line":99,"column":5}},"91":{"start":{"line":98,"column":8},"end":{"line":98,"column":63}},"92":{"start":{"line":100,"column":4},"end":{"line":110,"column":8}},"93":{"start":{"line":100,"column":59},"end":{"line":110,"column":6}},"94":{"start":{"line":101,"column":8},"end":{"line":109,"column":31}},"95":{"start":{"line":115,"column":13},"end":{"line":129,"column":3}},"96":{"start":{"line":127,"column":19},"end":{"line":129,"column":2}},"97":{"start":{"line":128,"column":4},"end":{"line":128,"column":38}},"98":{"start":{"line":131,"column":4},"end":{"line":269,"column":7}},"99":{"start":{"line":133,"column":8},"end":{"line":136,"column":9}},"100":{"start":{"line":135,"column":12},"end":{"line":135,"column":108}},"101":{"start":{"line":138,"column":26},"end":{"line":138,"column":37}},"102":{"start":{"line":139,"column":23},"end":{"line":139,"column":31}},"103":{"start":{"line":140,"column":22},"end":{"line":140,"column":34}},"104":{"start":{"line":142,"column":8},"end":{"line":161,"column":9}},"105":{"start":{"line":143,"column":32},"end":{"line":159,"column":14}},"106":{"start":{"line":160,"column":12},"end":{"line":160,"column":75}},"107":{"start":{"line":160,"column":63},"end":{"line":160,"column":73}},"108":{"start":{"line":162,"column":22},"end":{"line":259,"column":17}},"109":{"start":{"line":200,"column":87},"end":{"line":202,"column":33}},"110":{"start":{"line":260,"column":25},"end":{"line":260,"column":34}},"111":{"start":{"line":261,"column":8},"end":{"line":264,"column":9}},"112":{"start":{"line":262,"column":12},"end":{"line":262,"column":24}},"113":{"start":{"line":263,"column":12},"end":{"line":263,"column":91}},"114":{"start":{"line":265,"column":8},"end":{"line":268,"column":10}},"115":{"start":{"line":271,"column":27},"end":{"line":276,"column":4}},"116":{"start":{"line":277,"column":20},"end":{"line":290,"column":3}},"117":{"start":{"line":280,"column":19},"end":{"line":290,"column":2}},"118":{"start":{"line":281,"column":4},"end":{"line":288,"column":5}},"119":{"start":{"line":287,"column":8},"end":{"line":287,"column":52}},"120":{"start":{"line":289,"column":4},"end":{"line":289,"column":35}},"121":{"start":{"line":292,"column":4},"end":{"line":314,"column":7}},"122":{"start":{"line":294,"column":27},"end":{"line":294,"column":35}},"123":{"start":{"line":295,"column":22},"end":{"line":298,"column":10}},"124":{"start":{"line":299,"column":33},"end":{"line":299,"column":83}},"125":{"start":{"line":300,"column":8},"end":{"line":313,"column":11}},"126":{"start":{"line":302,"column":34},"end":{"line":302,"column":73}},"127":{"start":{"line":303,"column":24},"end":{"line":306,"column":86}},"128":{"start":{"line":307,"column":12},"end":{"line":312,"column":14}},"129":{"start":{"line":316,"column":31},"end":{"line":321,"column":3}},"130":{"start":{"line":326,"column":24},"end":{"line":329,"column":31}},"131":{"start":{"line":331,"column":4},"end":{"line":351,"column":7}},"132":{"start":{"line":333,"column":27},"end":{"line":333,"column":35}},"133":{"start":{"line":334,"column":22},"end":{"line":338,"column":10}},"134":{"start":{"line":339,"column":33},"end":{"line":339,"column":83}},"135":{"start":{"line":340,"column":20},"end":{"line":348,"column":10}},"136":{"start":{"line":342,"column":12},"end":{"line":347,"column":15}},"137":{"start":{"line":349,"column":8},"end":{"line":349,"column":91}},"138":{"start":{"line":349,"column":27},"end":{"line":349,"column":89}},"139":{"start":{"line":350,"column":8},"end":{"line":350,"column":19}},"140":{"start":{"line":353,"column":23},"end":{"line":383,"column":3}},"141":{"start":{"line":360,"column":17},"end":{"line":383,"column":2}},"142":{"start":{"line":362,"column":26},"end":{"line":362,"column":37}},"143":{"start":{"line":363,"column":4},"end":{"line":382,"column":7}},"144":{"start":{"line":375,"column":8},"end":{"line":381,"column":11}},"145":{"start":{"line":388,"column":27},"end":{"line":388,"column":43}},"146":{"start":{"line":389,"column":4},"end":{"line":390,"column":21}},"147":{"start":{"line":390,"column":8},"end":{"line":390,"column":21}},"148":{"start":{"line":391,"column":4},"end":{"line":391,"column":46}},"149":{"start":{"line":396,"column":15},"end":{"line":405,"column":3}},"150":{"start":{"line":401,"column":22},"end":{"line":405,"column":2}},"151":{"start":{"line":402,"column":4},"end":{"line":404,"column":8}},"152":{"start":{"line":402,"column":59},"end":{"line":404,"column":6}},"153":{"start":{"line":403,"column":8},"end":{"line":403,"column":49}},"154":{"start":{"line":407,"column":4},"end":{"line":453,"column":7}},"155":{"start":{"line":408,"column":21},"end":{"line":411,"column":10}},"156":{"start":{"line":412,"column":8},"end":{"line":414,"column":9}},"157":{"start":{"line":413,"column":12},"end":{"line":413,"column":62}},"158":{"start":{"line":415,"column":28},"end":{"line":415,"column":74}},"159":{"start":{"line":416,"column":8},"end":{"line":429,"column":9}},"160":{"start":{"line":418,"column":12},"end":{"line":420,"column":13}},"161":{"start":{"line":419,"column":16},"end":{"line":419,"column":70}},"162":{"start":{"line":421,"column":31},"end":{"line":421,"column":81}},"163":{"start":{"line":421,"column":57},"end":{"line":421,"column":80}},"164":{"start":{"line":422,"column":34},"end":{"line":422,"column":84}},"165":{"start":{"line":422,"column":59},"end":{"line":422,"column":83}},"166":{"start":{"line":423,"column":12},"end":{"line":425,"column":13}},"167":{"start":{"line":424,"column":16},"end":{"line":424,"column":70}},"168":{"start":{"line":428,"column":12},"end":{"line":428,"column":138}},"169":{"start":{"line":432,"column":8},"end":{"line":434,"column":9}},"170":{"start":{"line":433,"column":12},"end":{"line":433,"column":66}},"171":{"start":{"line":436,"column":22},"end":{"line":436,"column":61}},"172":{"start":{"line":437,"column":22},"end":{"line":437,"column":61}},"173":{"start":{"line":438,"column":23},"end":{"line":438,"column":64}},"174":{"start":{"line":439,"column":20},"end":{"line":439,"column":55}},"175":{"start":{"line":441,"column":8},"end":{"line":451,"column":30}},"176":{"start":{"line":452,"column":8},"end":{"line":452,"column":57}},"177":{"start":{"line":462,"column":4},"end":{"line":488,"column":7}},"178":{"start":{"line":463,"column":8},"end":{"line":463,"column":98}},"179":{"start":{"line":464,"column":8},"end":{"line":465,"column":19}},"180":{"start":{"line":465,"column":12},"end":{"line":465,"column":19}},"181":{"start":{"line":466,"column":25},"end":{"line":469,"column":10}},"182":{"start":{"line":470,"column":8},"end":{"line":470,"column":72}},"183":{"start":{"line":471,"column":8},"end":{"line":472,"column":19}},"184":{"start":{"line":472,"column":12},"end":{"line":472,"column":19}},"185":{"start":{"line":473,"column":24},"end":{"line":473,"column":58}},"186":{"start":{"line":474,"column":8},"end":{"line":474,"column":78}},"187":{"start":{"line":475,"column":8},"end":{"line":480,"column":9}},"188":{"start":{"line":476,"column":12},"end":{"line":479,"column":15}},"189":{"start":{"line":481,"column":8},"end":{"line":486,"column":9}},"190":{"start":{"line":482,"column":12},"end":{"line":485,"column":15}},"191":{"start":{"line":487,"column":8},"end":{"line":487,"column":89}},"192":{"start":{"line":490,"column":26},"end":{"line":505,"column":3}},"193":{"start":{"line":496,"column":22},"end":{"line":505,"column":2}},"194":{"start":{"line":497,"column":4},"end":{"line":499,"column":5}},"195":{"start":{"line":498,"column":8},"end":{"line":498,"column":60}},"196":{"start":{"line":500,"column":18},"end":{"line":502,"column":6}},"197":{"start":{"line":503,"column":4},"end":{"line":504,"column":56}},"198":{"start":{"line":504,"column":8},"end":{"line":504,"column":56}},"199":{"start":{"line":506,"column":24},"end":{"line":519,"column":3}},"200":{"start":{"line":512,"column":22},"end":{"line":519,"column":2}},"201":{"start":{"line":513,"column":18},"end":{"line":515,"column":6}},"202":{"start":{"line":516,"column":4},"end":{"line":517,"column":56}},"203":{"start":{"line":517,"column":8},"end":{"line":517,"column":56}},"204":{"start":{"line":518,"column":4},"end":{"line":518,"column":52}},"205":{"start":{"line":520,"column":12},"end":{"line":540,"column":3}},"206":{"start":{"line":524,"column":19},"end":{"line":540,"column":2}},"207":{"start":{"line":525,"column":4},"end":{"line":539,"column":8}},"208":{"start":{"line":525,"column":66},"end":{"line":539,"column":6}},"209":{"start":{"line":526,"column":8},"end":{"line":531,"column":9}},"210":{"start":{"line":530,"column":12},"end":{"line":530,"column":64}},"211":{"start":{"line":532,"column":18},"end":{"line":535,"column":10}},"212":{"start":{"line":536,"column":8},"end":{"line":537,"column":60}},"213":{"start":{"line":537,"column":12},"end":{"line":537,"column":60}},"214":{"start":{"line":538,"column":8},"end":{"line":538,"column":17}},"215":{"start":{"line":545,"column":16},"end":{"line":560,"column":3}},"216":{"start":{"line":549,"column":19},"end":{"line":560,"column":2}},"217":{"start":{"line":550,"column":4},"end":{"line":552,"column":5}},"218":{"start":{"line":551,"column":8},"end":{"line":551,"column":60}},"219":{"start":{"line":553,"column":14},"end":{"line":556,"column":6}},"220":{"start":{"line":557,"column":4},"end":{"line":558,"column":56}},"221":{"start":{"line":558,"column":8},"end":{"line":558,"column":56}},"222":{"start":{"line":559,"column":4},"end":{"line":559,"column":13}},"223":{"start":{"line":561,"column":26},"end":{"line":577,"column":3}},"224":{"start":{"line":567,"column":19},"end":{"line":577,"column":2}},"225":{"start":{"line":568,"column":4},"end":{"line":570,"column":5}},"226":{"start":{"line":569,"column":8},"end":{"line":569,"column":60}},"227":{"start":{"line":571,"column":17},"end":{"line":573,"column":6}},"228":{"start":{"line":574,"column":4},"end":{"line":575,"column":56}},"229":{"start":{"line":575,"column":8},"end":{"line":575,"column":56}},"230":{"start":{"line":576,"column":4},"end":{"line":576,"column":33}},"231":{"start":{"line":578,"column":28},"end":{"line":592,"column":3}},"232":{"start":{"line":584,"column":19},"end":{"line":592,"column":2}},"233":{"start":{"line":586,"column":17},"end":{"line":588,"column":6}},"234":{"start":{"line":589,"column":4},"end":{"line":590,"column":56}},"235":{"start":{"line":590,"column":8},"end":{"line":590,"column":56}},"236":{"start":{"line":591,"column":4},"end":{"line":591,"column":178}},"237":{"start":{"line":596,"column":23},"end":{"line":645,"column":3}},"238":{"start":{"line":607,"column":19},"end":{"line":645,"column":2}},"239":{"start":{"line":609,"column":4},"end":{"line":611,"column":5}},"240":{"start":{"line":610,"column":8},"end":{"line":610,"column":106}},"241":{"start":{"line":612,"column":23},"end":{"line":619,"column":5}},"242":{"start":{"line":620,"column":14},"end":{"line":622,"column":82}},"243":{"start":{"line":623,"column":4},"end":{"line":624,"column":73}},"244":{"start":{"line":624,"column":8},"end":{"line":624,"column":73}},"245":{"start":{"line":628,"column":4},"end":{"line":637,"column":5}},"246":{"start":{"line":636,"column":8},"end":{"line":636,"column":58}},"247":{"start":{"line":638,"column":4},"end":{"line":644,"column":6}},"248":{"start":{"line":646,"column":23},"end":{"line":659,"column":3}},"249":{"start":{"line":652,"column":22},"end":{"line":659,"column":2}},"250":{"start":{"line":653,"column":4},"end":{"line":655,"column":5}},"251":{"start":{"line":654,"column":8},"end":{"line":654,"column":60}},"252":{"start":{"line":656,"column":18},"end":{"line":656,"column":88}},"253":{"start":{"line":657,"column":4},"end":{"line":658,"column":56}},"254":{"start":{"line":658,"column":8},"end":{"line":658,"column":56}},"255":{"start":{"line":660,"column":21},"end":{"line":688,"column":3}},"256":{"start":{"line":669,"column":19},"end":{"line":688,"column":2}},"257":{"start":{"line":671,"column":19},"end":{"line":671,"column":123}},"258":{"start":{"line":672,"column":4},"end":{"line":681,"column":5}},"259":{"start":{"line":678,"column":8},"end":{"line":679,"column":22}},"260":{"start":{"line":679,"column":12},"end":{"line":679,"column":22}},"261":{"start":{"line":680,"column":8},"end":{"line":680,"column":60}},"262":{"start":{"line":682,"column":14},"end":{"line":684,"column":6}},"263":{"start":{"line":685,"column":4},"end":{"line":686,"column":56}},"264":{"start":{"line":686,"column":8},"end":{"line":686,"column":56}},"265":{"start":{"line":687,"column":4},"end":{"line":687,"column":62}},"266":{"start":{"line":692,"column":19},"end":{"line":699,"column":3}},"267":{"start":{"line":695,"column":22},"end":{"line":699,"column":2}},"268":{"start":{"line":696,"column":4},"end":{"line":698,"column":8}},"269":{"start":{"line":696,"column":59},"end":{"line":698,"column":6}},"270":{"start":{"line":697,"column":8},"end":{"line":697,"column":53}},"271":{"start":{"line":701,"column":4},"end":{"line":729,"column":7}},"272":{"start":{"line":702,"column":18},"end":{"line":705,"column":10}},"273":{"start":{"line":706,"column":8},"end":{"line":707,"column":59}},"274":{"start":{"line":707,"column":12},"end":{"line":707,"column":59}},"275":{"start":{"line":711,"column":24},"end":{"line":719,"column":9}},"276":{"start":{"line":720,"column":30},"end":{"line":720,"column":32}},"277":{"start":{"line":721,"column":8},"end":{"line":725,"column":9}},"278":{"start":{"line":722,"column":12},"end":{"line":724,"column":13}},"279":{"start":{"line":723,"column":16},"end":{"line":723,"column":48}},"280":{"start":{"line":726,"column":8},"end":{"line":728,"column":28}},"281":{"start":{"line":731,"column":33},"end":{"line":746,"column":3}},"282":{"start":{"line":738,"column":22},"end":{"line":746,"column":2}},"283":{"start":{"line":739,"column":4},"end":{"line":741,"column":5}},"284":{"start":{"line":740,"column":8},"end":{"line":740,"column":91}},"285":{"start":{"line":742,"column":18},"end":{"line":742,"column":231}},"286":{"start":{"line":743,"column":4},"end":{"line":744,"column":56}},"287":{"start":{"line":744,"column":8},"end":{"line":744,"column":56}},"288":{"start":{"line":745,"column":4},"end":{"line":745,"column":52}},"289":{"start":{"line":756,"column":21},"end":{"line":838,"column":3}},"290":{"start":{"line":767,"column":19},"end":{"line":838,"column":2}},"291":{"start":{"line":768,"column":4},"end":{"line":837,"column":8}},"292":{"start":{"line":768,"column":66},"end":{"line":837,"column":6}},"293":{"start":{"line":770,"column":25},"end":{"line":770,"column":50}},"294":{"start":{"line":771,"column":21},"end":{"line":779,"column":10}},"295":{"start":{"line":780,"column":8},"end":{"line":781,"column":60}},"296":{"start":{"line":781,"column":12},"end":{"line":781,"column":60}},"297":{"start":{"line":782,"column":28},"end":{"line":784,"column":39}},"298":{"start":{"line":785,"column":20},"end":{"line":785,"column":127}},"299":{"start":{"line":786,"column":20},"end":{"line":790,"column":9}},"300":{"start":{"line":791,"column":8},"end":{"line":794,"column":9}},"301":{"start":{"line":793,"column":12},"end":{"line":793,"column":23}},"302":{"start":{"line":796,"column":8},"end":{"line":796,"column":45}},"303":{"start":{"line":797,"column":8},"end":{"line":797,"column":33}},"304":{"start":{"line":798,"column":8},"end":{"line":798,"column":32}},"305":{"start":{"line":800,"column":8},"end":{"line":803,"column":9}},"306":{"start":{"line":802,"column":12},"end":{"line":802,"column":23}},"307":{"start":{"line":805,"column":29},"end":{"line":819,"column":10}},"308":{"start":{"line":820,"column":8},"end":{"line":821,"column":23}},"309":{"start":{"line":821,"column":12},"end":{"line":821,"column":23}},"310":{"start":{"line":823,"column":30},"end":{"line":830,"column":10}},"311":{"start":{"line":831,"column":8},"end":{"line":835,"column":9}},"312":{"start":{"line":832,"column":12},"end":{"line":834,"column":27}},"313":{"start":{"line":834,"column":16},"end":{"line":834,"column":27}},"314":{"start":{"line":836,"column":8},"end":{"line":836,"column":62}},"315":{"start":{"line":842,"column":23},"end":{"line":857,"column":3}},"316":{"start":{"line":849,"column":22},"end":{"line":857,"column":2}},"317":{"start":{"line":850,"column":18},"end":{"line":854,"column":39}},"318":{"start":{"line":855,"column":4},"end":{"line":856,"column":62}},"319":{"start":{"line":856,"column":8},"end":{"line":856,"column":62}},"320":{"start":{"line":862,"column":38},"end":{"line":880,"column":3}},"321":{"start":{"line":868,"column":17},"end":{"line":880,"column":2}},"322":{"start":{"line":869,"column":4},"end":{"line":879,"column":7}},"323":{"start":{"line":873,"column":31},"end":{"line":873,"column":82}},"324":{"start":{"line":874,"column":29},"end":{"line":876,"column":13}},"325":{"start":{"line":881,"column":16},"end":{"line":894,"column":3}},"326":{"start":{"line":886,"column":22},"end":{"line":894,"column":2}},"327":{"start":{"line":887,"column":4},"end":{"line":892,"column":8}},"328":{"start":{"line":887,"column":59},"end":{"line":892,"column":6}},"329":{"start":{"line":888,"column":21},"end":{"line":888,"column":80}},"330":{"start":{"line":889,"column":8},"end":{"line":890,"column":62}},"331":{"start":{"line":890,"column":12},"end":{"line":890,"column":62}},"332":{"start":{"line":891,"column":8},"end":{"line":891,"column":44}},"333":{"start":{"line":893,"column":4},"end":{"line":893,"column":54}},"334":{"start":{"line":895,"column":26},"end":{"line":916,"column":3}},"335":{"start":{"line":901,"column":19},"end":{"line":916,"column":2}},"336":{"start":{"line":902,"column":17},"end":{"line":902,"column":81}},"337":{"start":{"line":903,"column":4},"end":{"line":904,"column":55}},"338":{"start":{"line":904,"column":8},"end":{"line":904,"column":55}},"339":{"start":{"line":905,"column":24},"end":{"line":905,"column":26}},"340":{"start":{"line":906,"column":4},"end":{"line":911,"column":5}},"341":{"start":{"line":907,"column":8},"end":{"line":909,"column":9}},"342":{"start":{"line":908,"column":12},"end":{"line":908,"column":109}},"343":{"start":{"line":910,"column":8},"end":{"line":910,"column":39}},"344":{"start":{"line":912,"column":4},"end":{"line":914,"column":5}},"345":{"start":{"line":913,"column":8},"end":{"line":913,"column":36}},"346":{"start":{"line":915,"column":4},"end":{"line":915,"column":98}},"347":{"start":{"line":917,"column":0},"end":{"line":940,"column":3}},"348":{"start":{"line":942,"column":4},"end":{"line":946,"column":7}},"349":{"start":{"line":943,"column":8},"end":{"line":945,"column":9}},"350":{"start":{"line":944,"column":12},"end":{"line":944,"column":66}},"351":{"start":{"line":953,"column":4},"end":{"line":961,"column":7}},"352":{"start":{"line":954,"column":8},"end":{"line":960,"column":21}},"353":{"start":{"line":964,"column":4},"end":{"line":969,"column":7}},"354":{"start":{"line":965,"column":8},"end":{"line":968,"column":17}}},"fnMap":{"0":{"name":"(anonymous_0)","decl":{"start":{"line":2,"column":74},"end":{"line":2,"column":75}},"loc":{"start":{"line":2,"column":96},"end":{"line":9,"column":1}},"line":2},"1":{"name":"(anonymous_1)","decl":{"start":{"line":6,"column":38},"end":{"line":6,"column":39}},"loc":{"start":{"line":6,"column":49},"end":{"line":6,"column":65}},"line":6},"2":{"name":"(anonymous_2)","decl":{"start":{"line":9,"column":6},"end":{"line":9,"column":7}},"loc":{"start":{"line":9,"column":28},"end":{"line":12,"column":1}},"line":9},"3":{"name":"(anonymous_3)","decl":{"start":{"line":13,"column":80},"end":{"line":13,"column":81}},"loc":{"start":{"line":13,"column":95},"end":{"line":15,"column":1}},"line":13},"4":{"name":"(anonymous_4)","decl":{"start":{"line":15,"column":5},"end":{"line":15,"column":6}},"loc":{"start":{"line":15,"column":20},"end":{"line":17,"column":1}},"line":15},"5":{"name":"(anonymous_5)","decl":{"start":{"line":18,"column":51},"end":{"line":18,"column":52}},"loc":{"start":{"line":18,"column":63},"end":{"line":34,"column":1}},"line":18},"6":{"name":"(anonymous_6)","decl":{"start":{"line":19,"column":18},"end":{"line":19,"column":19}},"loc":{"start":{"line":19,"column":30},"end":{"line":26,"column":5}},"line":19},"7":{"name":"(anonymous_7)","decl":{"start":{"line":20,"column":48},"end":{"line":20,"column":49}},"loc":{"start":{"line":20,"column":61},"end":{"line":24,"column":9}},"line":20},"8":{"name":"(anonymous_8)","decl":{"start":{"line":27,"column":11},"end":{"line":27,"column":12}},"loc":{"start":{"line":27,"column":26},"end":{"line":33,"column":5}},"line":27},"9":{"name":"(anonymous_9)","decl":{"start":{"line":35,"column":44},"end":{"line":35,"column":45}},"loc":{"start":{"line":35,"column":89},"end":{"line":43,"column":1}},"line":35},"10":{"name":"adopt","decl":{"start":{"line":36,"column":13},"end":{"line":36,"column":18}},"loc":{"start":{"line":36,"column":26},"end":{"line":36,"column":112}},"line":36},"11":{"name":"(anonymous_11)","decl":{"start":{"line":36,"column":70},"end":{"line":36,"column":71}},"loc":{"start":{"line":36,"column":89},"end":{"line":36,"column":108}},"line":36},"12":{"name":"(anonymous_12)","decl":{"start":{"line":37,"column":36},"end":{"line":37,"column":37}},"loc":{"start":{"line":37,"column":63},"end":{"line":42,"column":5}},"line":37},"13":{"name":"fulfilled","decl":{"start":{"line":38,"column":17},"end":{"line":38,"column":26}},"loc":{"start":{"line":38,"column":34},"end":{"line":38,"column":99}},"line":38},"14":{"name":"rejected","decl":{"start":{"line":39,"column":17},"end":{"line":39,"column":25}},"loc":{"start":{"line":39,"column":33},"end":{"line":39,"column":102}},"line":39},"15":{"name":"step","decl":{"start":{"line":40,"column":17},"end":{"line":40,"column":21}},"loc":{"start":{"line":40,"column":30},"end":{"line":40,"column":118}},"line":40},"16":{"name":"(anonymous_16)","decl":{"start":{"line":44,"column":56},"end":{"line":44,"column":57}},"loc":{"start":{"line":44,"column":71},"end":{"line":46,"column":1}},"line":44},"17":{"name":"(anonymous_17)","decl":{"start":{"line":96,"column":14},"end":{"line":96,"column":15}},"loc":{"start":{"line":96,"column":22},"end":{"line":111,"column":2}},"line":96},"18":{"name":"(anonymous_18)","decl":{"start":{"line":96,"column":54},"end":{"line":96,"column":55}},"loc":{"start":{"line":96,"column":122},"end":{"line":111,"column":1}},"line":96},"19":{"name":"(anonymous_19)","decl":{"start":{"line":100,"column":42},"end":{"line":100,"column":43}},"loc":{"start":{"line":100,"column":59},"end":{"line":110,"column":6}},"line":100},"20":{"name":"(anonymous_20)","decl":{"start":{"line":100,"column":93},"end":{"line":100,"column":94}},"loc":{"start":{"line":100,"column":106},"end":{"line":110,"column":5}},"line":100},"21":{"name":"(anonymous_21)","decl":{"start":{"line":127,"column":11},"end":{"line":127,"column":12}},"loc":{"start":{"line":127,"column":19},"end":{"line":129,"column":2}},"line":127},"22":{"name":"(anonymous_22)","decl":{"start":{"line":127,"column":51},"end":{"line":127,"column":52}},"loc":{"start":{"line":127,"column":94},"end":{"line":129,"column":1}},"line":127},"23":{"name":"listImpl","decl":{"start":{"line":130,"column":9},"end":{"line":130,"column":17}},"loc":{"start":{"line":130,"column":43},"end":{"line":270,"column":1}},"line":130},"24":{"name":"(anonymous_24)","decl":{"start":{"line":131,"column":43},"end":{"line":131,"column":44}},"loc":{"start":{"line":131,"column":56},"end":{"line":269,"column":5}},"line":131},"25":{"name":"(anonymous_25)","decl":{"start":{"line":160,"column":56},"end":{"line":160,"column":57}},"loc":{"start":{"line":160,"column":63},"end":{"line":160,"column":73}},"line":160},"26":{"name":"(anonymous_26)","decl":{"start":{"line":200,"column":79},"end":{"line":200,"column":80}},"loc":{"start":{"line":200,"column":87},"end":{"line":202,"column":33}},"line":200},"27":{"name":"(anonymous_27)","decl":{"start":{"line":280,"column":11},"end":{"line":280,"column":12}},"loc":{"start":{"line":280,"column":19},"end":{"line":290,"column":2}},"line":280},"28":{"name":"(anonymous_28)","decl":{"start":{"line":280,"column":51},"end":{"line":280,"column":52}},"loc":{"start":{"line":280,"column":79},"end":{"line":290,"column":1}},"line":280},"29":{"name":"listMentorsImpl","decl":{"start":{"line":291,"column":9},"end":{"line":291,"column":24}},"loc":{"start":{"line":291,"column":27},"end":{"line":315,"column":1}},"line":291},"30":{"name":"(anonymous_30)","decl":{"start":{"line":292,"column":43},"end":{"line":292,"column":44}},"loc":{"start":{"line":292,"column":56},"end":{"line":314,"column":5}},"line":292},"31":{"name":"(anonymous_31)","decl":{"start":{"line":300,"column":25},"end":{"line":300,"column":26}},"loc":{"start":{"line":300,"column":32},"end":{"line":313,"column":9}},"line":300},"32":{"name":"listMentorStatsImpl","decl":{"start":{"line":330,"column":9},"end":{"line":330,"column":28}},"loc":{"start":{"line":330,"column":31},"end":{"line":352,"column":1}},"line":330},"33":{"name":"(anonymous_33)","decl":{"start":{"line":331,"column":43},"end":{"line":331,"column":44}},"loc":{"start":{"line":331,"column":56},"end":{"line":351,"column":5}},"line":331},"34":{"name":"(anonymous_34)","decl":{"start":{"line":340,"column":30},"end":{"line":340,"column":31}},"loc":{"start":{"line":340,"column":37},"end":{"line":348,"column":9}},"line":340},"35":{"name":"(anonymous_35)","decl":{"start":{"line":349,"column":17},"end":{"line":349,"column":18}},"loc":{"start":{"line":349,"column":27},"end":{"line":349,"column":89}},"line":349},"36":{"name":"(anonymous_36)","decl":{"start":{"line":360,"column":11},"end":{"line":360,"column":12}},"loc":{"start":{"line":360,"column":17},"end":{"line":383,"column":2}},"line":360},"37":{"name":"(anonymous_37)","decl":{"start":{"line":360,"column":51},"end":{"line":360,"column":52}},"loc":{"start":{"line":360,"column":64},"end":{"line":383,"column":1}},"line":360},"38":{"name":"(anonymous_38)","decl":{"start":{"line":373,"column":12},"end":{"line":373,"column":13}},"loc":{"start":{"line":373,"column":19},"end":{"line":382,"column":5}},"line":373},"39":{"name":"redactEmail","decl":{"start":{"line":387,"column":9},"end":{"line":387,"column":20}},"loc":{"start":{"line":387,"column":28},"end":{"line":392,"column":1}},"line":387},"40":{"name":"(anonymous_40)","decl":{"start":{"line":401,"column":14},"end":{"line":401,"column":15}},"loc":{"start":{"line":401,"column":22},"end":{"line":405,"column":2}},"line":401},"41":{"name":"(anonymous_41)","decl":{"start":{"line":401,"column":54},"end":{"line":401,"column":55}},"loc":{"start":{"line":401,"column":89},"end":{"line":405,"column":1}},"line":401},"42":{"name":"(anonymous_42)","decl":{"start":{"line":402,"column":42},"end":{"line":402,"column":43}},"loc":{"start":{"line":402,"column":59},"end":{"line":404,"column":6}},"line":402},"43":{"name":"(anonymous_43)","decl":{"start":{"line":402,"column":93},"end":{"line":402,"column":94}},"loc":{"start":{"line":402,"column":106},"end":{"line":404,"column":5}},"line":402},"44":{"name":"updateImpl","decl":{"start":{"line":406,"column":9},"end":{"line":406,"column":19}},"loc":{"start":{"line":406,"column":44},"end":{"line":454,"column":1}},"line":406},"45":{"name":"(anonymous_45)","decl":{"start":{"line":407,"column":43},"end":{"line":407,"column":44}},"loc":{"start":{"line":407,"column":56},"end":{"line":453,"column":5}},"line":407},"46":{"name":"(anonymous_46)","decl":{"start":{"line":421,"column":50},"end":{"line":421,"column":51}},"loc":{"start":{"line":421,"column":57},"end":{"line":421,"column":80}},"line":421},"47":{"name":"(anonymous_47)","decl":{"start":{"line":422,"column":52},"end":{"line":422,"column":53}},"loc":{"start":{"line":422,"column":59},"end":{"line":422,"column":83}},"line":422},"48":{"name":"updateWechatUnionId","decl":{"start":{"line":461,"column":9},"end":{"line":461,"column":28}},"loc":{"start":{"line":461,"column":74},"end":{"line":489,"column":1}},"line":461},"49":{"name":"(anonymous_49)","decl":{"start":{"line":462,"column":43},"end":{"line":462,"column":44}},"loc":{"start":{"line":462,"column":56},"end":{"line":488,"column":5}},"line":462},"50":{"name":"(anonymous_50)","decl":{"start":{"line":496,"column":14},"end":{"line":496,"column":15}},"loc":{"start":{"line":496,"column":22},"end":{"line":505,"column":2}},"line":496},"51":{"name":"(anonymous_51)","decl":{"start":{"line":496,"column":54},"end":{"line":496,"column":55}},"loc":{"start":{"line":496,"column":113},"end":{"line":505,"column":1}},"line":496},"52":{"name":"(anonymous_52)","decl":{"start":{"line":512,"column":14},"end":{"line":512,"column":15}},"loc":{"start":{"line":512,"column":22},"end":{"line":519,"column":2}},"line":512},"53":{"name":"(anonymous_53)","decl":{"start":{"line":512,"column":54},"end":{"line":512,"column":55}},"loc":{"start":{"line":512,"column":102},"end":{"line":519,"column":1}},"line":512},"54":{"name":"(anonymous_54)","decl":{"start":{"line":524,"column":11},"end":{"line":524,"column":12}},"loc":{"start":{"line":524,"column":19},"end":{"line":540,"column":2}},"line":524},"55":{"name":"(anonymous_55)","decl":{"start":{"line":524,"column":51},"end":{"line":524,"column":52}},"loc":{"start":{"line":524,"column":94},"end":{"line":540,"column":1}},"line":524},"56":{"name":"(anonymous_56)","decl":{"start":{"line":525,"column":49},"end":{"line":525,"column":50}},"loc":{"start":{"line":525,"column":66},"end":{"line":539,"column":6}},"line":525},"57":{"name":"(anonymous_57)","decl":{"start":{"line":525,"column":100},"end":{"line":525,"column":101}},"loc":{"start":{"line":525,"column":113},"end":{"line":539,"column":5}},"line":525},"58":{"name":"(anonymous_58)","decl":{"start":{"line":549,"column":11},"end":{"line":549,"column":12}},"loc":{"start":{"line":549,"column":19},"end":{"line":560,"column":2}},"line":549},"59":{"name":"(anonymous_59)","decl":{"start":{"line":549,"column":51},"end":{"line":549,"column":52}},"loc":{"start":{"line":549,"column":94},"end":{"line":560,"column":1}},"line":549},"60":{"name":"(anonymous_60)","decl":{"start":{"line":567,"column":11},"end":{"line":567,"column":12}},"loc":{"start":{"line":567,"column":19},"end":{"line":577,"column":2}},"line":567},"61":{"name":"(anonymous_61)","decl":{"start":{"line":567,"column":51},"end":{"line":567,"column":52}},"loc":{"start":{"line":567,"column":98},"end":{"line":577,"column":1}},"line":567},"62":{"name":"(anonymous_62)","decl":{"start":{"line":584,"column":11},"end":{"line":584,"column":12}},"loc":{"start":{"line":584,"column":19},"end":{"line":592,"column":2}},"line":584},"63":{"name":"(anonymous_63)","decl":{"start":{"line":584,"column":51},"end":{"line":584,"column":52}},"loc":{"start":{"line":584,"column":85},"end":{"line":592,"column":1}},"line":584},"64":{"name":"(anonymous_64)","decl":{"start":{"line":607,"column":11},"end":{"line":607,"column":12}},"loc":{"start":{"line":607,"column":19},"end":{"line":645,"column":2}},"line":607},"65":{"name":"(anonymous_65)","decl":{"start":{"line":607,"column":51},"end":{"line":607,"column":52}},"loc":{"start":{"line":607,"column":107},"end":{"line":645,"column":1}},"line":607},"66":{"name":"(anonymous_66)","decl":{"start":{"line":652,"column":14},"end":{"line":652,"column":15}},"loc":{"start":{"line":652,"column":22},"end":{"line":659,"column":2}},"line":652},"67":{"name":"(anonymous_67)","decl":{"start":{"line":652,"column":54},"end":{"line":652,"column":55}},"loc":{"start":{"line":652,"column":110},"end":{"line":659,"column":1}},"line":652},"68":{"name":"(anonymous_68)","decl":{"start":{"line":669,"column":11},"end":{"line":669,"column":12}},"loc":{"start":{"line":669,"column":19},"end":{"line":688,"column":2}},"line":669},"69":{"name":"(anonymous_69)","decl":{"start":{"line":669,"column":51},"end":{"line":669,"column":52}},"loc":{"start":{"line":669,"column":86},"end":{"line":688,"column":1}},"line":669},"70":{"name":"(anonymous_70)","decl":{"start":{"line":695,"column":14},"end":{"line":695,"column":15}},"loc":{"start":{"line":695,"column":22},"end":{"line":699,"column":2}},"line":695},"71":{"name":"(anonymous_71)","decl":{"start":{"line":695,"column":54},"end":{"line":695,"column":55}},"loc":{"start":{"line":695,"column":96},"end":{"line":699,"column":1}},"line":695},"72":{"name":"(anonymous_72)","decl":{"start":{"line":696,"column":42},"end":{"line":696,"column":43}},"loc":{"start":{"line":696,"column":59},"end":{"line":698,"column":6}},"line":696},"73":{"name":"(anonymous_73)","decl":{"start":{"line":696,"column":93},"end":{"line":696,"column":94}},"loc":{"start":{"line":696,"column":106},"end":{"line":698,"column":5}},"line":696},"74":{"name":"setMyStateImpl","decl":{"start":{"line":700,"column":9},"end":{"line":700,"column":23}},"loc":{"start":{"line":700,"column":48},"end":{"line":730,"column":1}},"line":700},"75":{"name":"(anonymous_75)","decl":{"start":{"line":701,"column":43},"end":{"line":701,"column":44}},"loc":{"start":{"line":701,"column":56},"end":{"line":729,"column":5}},"line":701},"76":{"name":"(anonymous_76)","decl":{"start":{"line":738,"column":14},"end":{"line":738,"column":15}},"loc":{"start":{"line":738,"column":22},"end":{"line":746,"column":2}},"line":738},"77":{"name":"(anonymous_77)","decl":{"start":{"line":738,"column":54},"end":{"line":738,"column":55}},"loc":{"start":{"line":738,"column":104},"end":{"line":746,"column":1}},"line":738},"78":{"name":"(anonymous_78)","decl":{"start":{"line":767,"column":11},"end":{"line":767,"column":12}},"loc":{"start":{"line":767,"column":19},"end":{"line":838,"column":2}},"line":767},"79":{"name":"(anonymous_79)","decl":{"start":{"line":767,"column":51},"end":{"line":767,"column":52}},"loc":{"start":{"line":767,"column":104},"end":{"line":838,"column":1}},"line":767},"80":{"name":"(anonymous_80)","decl":{"start":{"line":768,"column":49},"end":{"line":768,"column":50}},"loc":{"start":{"line":768,"column":66},"end":{"line":837,"column":6}},"line":768},"81":{"name":"(anonymous_81)","decl":{"start":{"line":768,"column":100},"end":{"line":768,"column":101}},"loc":{"start":{"line":768,"column":113},"end":{"line":837,"column":5}},"line":768},"82":{"name":"(anonymous_82)","decl":{"start":{"line":849,"column":14},"end":{"line":849,"column":15}},"loc":{"start":{"line":849,"column":22},"end":{"line":857,"column":2}},"line":849},"83":{"name":"(anonymous_83)","decl":{"start":{"line":849,"column":54},"end":{"line":849,"column":55}},"loc":{"start":{"line":849,"column":76},"end":{"line":857,"column":1}},"line":849},"84":{"name":"(anonymous_84)","decl":{"start":{"line":868,"column":11},"end":{"line":868,"column":12}},"loc":{"start":{"line":868,"column":17},"end":{"line":880,"column":2}},"line":868},"85":{"name":"(anonymous_85)","decl":{"start":{"line":868,"column":51},"end":{"line":868,"column":52}},"loc":{"start":{"line":868,"column":64},"end":{"line":880,"column":1}},"line":868},"86":{"name":"(anonymous_86)","decl":{"start":{"line":873,"column":24},"end":{"line":873,"column":25}},"loc":{"start":{"line":873,"column":31},"end":{"line":873,"column":82}},"line":873},"87":{"name":"(anonymous_87)","decl":{"start":{"line":874,"column":21},"end":{"line":874,"column":22}},"loc":{"start":{"line":874,"column":29},"end":{"line":876,"column":13}},"line":874},"88":{"name":"(anonymous_88)","decl":{"start":{"line":886,"column":14},"end":{"line":886,"column":15}},"loc":{"start":{"line":886,"column":22},"end":{"line":894,"column":2}},"line":886},"89":{"name":"(anonymous_89)","decl":{"start":{"line":886,"column":54},"end":{"line":886,"column":55}},"loc":{"start":{"line":886,"column":76},"end":{"line":894,"column":1}},"line":886},"90":{"name":"(anonymous_90)","decl":{"start":{"line":887,"column":42},"end":{"line":887,"column":43}},"loc":{"start":{"line":887,"column":59},"end":{"line":892,"column":6}},"line":887},"91":{"name":"(anonymous_91)","decl":{"start":{"line":887,"column":93},"end":{"line":887,"column":94}},"loc":{"start":{"line":887,"column":106},"end":{"line":892,"column":5}},"line":887},"92":{"name":"(anonymous_92)","decl":{"start":{"line":901,"column":11},"end":{"line":901,"column":12}},"loc":{"start":{"line":901,"column":19},"end":{"line":916,"column":2}},"line":901},"93":{"name":"(anonymous_93)","decl":{"start":{"line":901,"column":51},"end":{"line":901,"column":52}},"loc":{"start":{"line":901,"column":115},"end":{"line":916,"column":1}},"line":901},"94":{"name":"checkPermissionToAccessMentee","decl":{"start":{"line":941,"column":9},"end":{"line":941,"column":38}},"loc":{"start":{"line":941,"column":72},"end":{"line":947,"column":1}},"line":941},"95":{"name":"(anonymous_95)","decl":{"start":{"line":942,"column":46},"end":{"line":942,"column":47}},"loc":{"start":{"line":942,"column":100},"end":{"line":946,"column":5}},"line":942},"96":{"name":"isPermittedtoAccessMentee","decl":{"start":{"line":952,"column":9},"end":{"line":952,"column":34}},"loc":{"start":{"line":952,"column":68},"end":{"line":962,"column":1}},"line":952},"97":{"name":"(anonymous_97)","decl":{"start":{"line":953,"column":46},"end":{"line":953,"column":47}},"loc":{"start":{"line":953,"column":100},"end":{"line":961,"column":5}},"line":953},"98":{"name":"isPermittedtoAccessMentor","decl":{"start":{"line":963,"column":9},"end":{"line":963,"column":34}},"loc":{"start":{"line":963,"column":62},"end":{"line":970,"column":1}},"line":963},"99":{"name":"(anonymous_99)","decl":{"start":{"line":964,"column":43},"end":{"line":964,"column":44}},"loc":{"start":{"line":964,"column":56},"end":{"line":969,"column":5}},"line":964}},"branchMap":{"0":{"loc":{"start":{"line":2,"column":22},"end":{"line":12,"column":3}},"type":"binary-expr","locations":[{"start":{"line":2,"column":23},"end":{"line":2,"column":27}},{"start":{"line":2,"column":31},"end":{"line":2,"column":51}},{"start":{"line":2,"column":57},"end":{"line":12,"column":2}}],"line":2},"1":{"loc":{"start":{"line":2,"column":57},"end":{"line":12,"column":2}},"type":"cond-expr","locations":[{"start":{"line":2,"column":74},"end":{"line":9,"column":1}},{"start":{"line":9,"column":6},"end":{"line":12,"column":1}}],"line":2},"2":{"loc":{"start":{"line":3,"column":4},"end":{"line":3,"column":33}},"type":"if","locations":[{"start":{"line":3,"column":4},"end":{"line":3,"column":33}},{"start":{},"end":{}}],"line":3},"3":{"loc":{"start":{"line":5,"column":4},"end":{"line":7,"column":5}},"type":"if","locations":[{"start":{"line":5,"column":4},"end":{"line":7,"column":5}},{"start":{},"end":{}}],"line":5},"4":{"loc":{"start":{"line":5,"column":8},"end":{"line":5,"column":85}},"type":"binary-expr","locations":[{"start":{"line":5,"column":8},"end":{"line":5,"column":13}},{"start":{"line":5,"column":18},"end":{"line":5,"column":84}}],"line":5},"5":{"loc":{"start":{"line":5,"column":18},"end":{"line":5,"column":84}},"type":"cond-expr","locations":[{"start":{"line":5,"column":34},"end":{"line":5,"column":47}},{"start":{"line":5,"column":50},"end":{"line":5,"column":84}}],"line":5},"6":{"loc":{"start":{"line":5,"column":50},"end":{"line":5,"column":84}},"type":"binary-expr","locations":[{"start":{"line":5,"column":50},"end":{"line":5,"column":63}},{"start":{"line":5,"column":67},"end":{"line":5,"column":84}}],"line":5},"7":{"loc":{"start":{"line":10,"column":4},"end":{"line":10,"column":33}},"type":"if","locations":[{"start":{"line":10,"column":4},"end":{"line":10,"column":33}},{"start":{},"end":{}}],"line":10},"8":{"loc":{"start":{"line":13,"column":25},"end":{"line":17,"column":2}},"type":"binary-expr","locations":[{"start":{"line":13,"column":26},"end":{"line":13,"column":30}},{"start":{"line":13,"column":34},"end":{"line":13,"column":57}},{"start":{"line":13,"column":63},"end":{"line":17,"column":1}}],"line":13},"9":{"loc":{"start":{"line":13,"column":63},"end":{"line":17,"column":1}},"type":"cond-expr","locations":[{"start":{"line":13,"column":80},"end":{"line":15,"column":1}},{"start":{"line":15,"column":5},"end":{"line":17,"column":1}}],"line":13},"10":{"loc":{"start":{"line":18,"column":19},"end":{"line":34,"column":4}},"type":"binary-expr","locations":[{"start":{"line":18,"column":20},"end":{"line":18,"column":24}},{"start":{"line":18,"column":28},"end":{"line":18,"column":45}},{"start":{"line":18,"column":50},"end":{"line":34,"column":4}}],"line":18},"11":{"loc":{"start":{"line":20,"column":18},"end":{"line":24,"column":9}},"type":"binary-expr","locations":[{"start":{"line":20,"column":18},"end":{"line":20,"column":44}},{"start":{"line":20,"column":48},"end":{"line":24,"column":9}}],"line":20},"12":{"loc":{"start":{"line":22,"column":29},"end":{"line":22,"column":95}},"type":"if","locations":[{"start":{"line":22,"column":29},"end":{"line":22,"column":95}},{"start":{},"end":{}}],"line":22},"13":{"loc":{"start":{"line":28,"column":8},"end":{"line":28,"column":46}},"type":"if","locations":[{"start":{"line":28,"column":8},"end":{"line":28,"column":46}},{"start":{},"end":{}}],"line":28},"14":{"loc":{"start":{"line":28,"column":12},"end":{"line":28,"column":33}},"type":"binary-expr","locations":[{"start":{"line":28,"column":12},"end":{"line":28,"column":15}},{"start":{"line":28,"column":19},"end":{"line":28,"column":33}}],"line":28},"15":{"loc":{"start":{"line":30,"column":8},"end":{"line":30,"column":137}},"type":"if","locations":[{"start":{"line":30,"column":8},"end":{"line":30,"column":137}},{"start":{},"end":{}}],"line":30},"16":{"loc":{"start":{"line":30,"column":78},"end":{"line":30,"column":137}},"type":"if","locations":[{"start":{"line":30,"column":78},"end":{"line":30,"column":137}},{"start":{},"end":{}}],"line":30},"17":{"loc":{"start":{"line":35,"column":16},"end":{"line":43,"column":1}},"type":"binary-expr","locations":[{"start":{"line":35,"column":17},"end":{"line":35,"column":21}},{"start":{"line":35,"column":25},"end":{"line":35,"column":39}},{"start":{"line":35,"column":44},"end":{"line":43,"column":1}}],"line":35},"18":{"loc":{"start":{"line":36,"column":35},"end":{"line":36,"column":109}},"type":"cond-expr","locations":[{"start":{"line":36,"column":56},"end":{"line":36,"column":61}},{"start":{"line":36,"column":64},"end":{"line":36,"column":109}}],"line":36},"19":{"loc":{"start":{"line":37,"column":16},"end":{"line":37,"column":34}},"type":"binary-expr","locations":[{"start":{"line":37,"column":16},"end":{"line":37,"column":17}},{"start":{"line":37,"column":22},"end":{"line":37,"column":33}}],"line":37},"20":{"loc":{"start":{"line":40,"column":32},"end":{"line":40,"column":115}},"type":"cond-expr","locations":[{"start":{"line":40,"column":46},"end":{"line":40,"column":67}},{"start":{"line":40,"column":70},"end":{"line":40,"column":115}}],"line":40},"21":{"loc":{"start":{"line":41,"column":51},"end":{"line":41,"column":67}},"type":"binary-expr","locations":[{"start":{"line":41,"column":51},"end":{"line":41,"column":61}},{"start":{"line":41,"column":65},"end":{"line":41,"column":67}}],"line":41},"22":{"loc":{"start":{"line":44,"column":22},"end":{"line":46,"column":1}},"type":"binary-expr","locations":[{"start":{"line":44,"column":23},"end":{"line":44,"column":27}},{"start":{"line":44,"column":31},"end":{"line":44,"column":51}},{"start":{"line":44,"column":56},"end":{"line":46,"column":1}}],"line":44},"23":{"loc":{"start":{"line":45,"column":11},"end":{"line":45,"column":61}},"type":"cond-expr","locations":[{"start":{"line":45,"column":37},"end":{"line":45,"column":40}},{"start":{"line":45,"column":43},"end":{"line":45,"column":61}}],"line":45},"24":{"loc":{"start":{"line":45,"column":12},"end":{"line":45,"column":33}},"type":"binary-expr","locations":[{"start":{"line":45,"column":12},"end":{"line":45,"column":15}},{"start":{"line":45,"column":19},"end":{"line":45,"column":33}}],"line":45},"25":{"loc":{"start":{"line":97,"column":4},"end":{"line":99,"column":5}},"type":"if","locations":[{"start":{"line":97,"column":4},"end":{"line":99,"column":5}},{"start":{},"end":{}}],"line":97},"26":{"loc":{"start":{"line":133,"column":8},"end":{"line":136,"column":9}},"type":"if","locations":[{"start":{"line":133,"column":8},"end":{"line":136,"column":9}},{"start":{},"end":{}}],"line":133},"27":{"loc":{"start":{"line":133,"column":12},"end":{"line":134,"column":59}},"type":"binary-expr","locations":[{"start":{"line":133,"column":13},"end":{"line":133,"column":42}},{"start":{"line":133,"column":46},"end":{"line":133,"column":77}},{"start":{"line":134,"column":12},"end":{"line":134,"column":59}}],"line":133},"28":{"loc":{"start":{"line":142,"column":8},"end":{"line":161,"column":9}},"type":"if","locations":[{"start":{"line":142,"column":8},"end":{"line":161,"column":9}},{"start":{},"end":{}}],"line":142},"29":{"loc":{"start":{"line":142,"column":12},"end":{"line":142,"column":76}},"type":"binary-expr","locations":[{"start":{"line":142,"column":12},"end":{"line":142,"column":47}},{"start":{"line":142,"column":51},"end":{"line":142,"column":76}}],"line":142},"30":{"loc":{"start":{"line":162,"column":100},"end":{"line":162,"column":165}},"type":"cond-expr","locations":[{"start":{"line":162,"column":140},"end":{"line":162,"column":160}},{"start":{"line":162,"column":163},"end":{"line":162,"column":165}}],"line":162},"31":{"loc":{"start":{"line":162,"column":100},"end":{"line":162,"column":137}},"type":"binary-expr","locations":[{"start":{"line":162,"column":100},"end":{"line":162,"column":119}},{"start":{"line":162,"column":123},"end":{"line":162,"column":137}}],"line":162},"32":{"loc":{"start":{"line":162,"column":179},"end":{"line":162,"column":234}},"type":"cond-expr","locations":[{"start":{"line":162,"column":228},"end":{"line":162,"column":230}},{"start":{"line":162,"column":233},"end":{"line":162,"column":234}}],"line":162},"33":{"loc":{"start":{"line":162,"column":179},"end":{"line":162,"column":225}},"type":"binary-expr","locations":[{"start":{"line":162,"column":179},"end":{"line":162,"column":208}},{"start":{"line":162,"column":212},"end":{"line":162,"column":225}}],"line":162},"34":{"loc":{"start":{"line":164,"column":20},"end":{"line":164,"column":76}},"type":"cond-expr","locations":[{"start":{"line":164,"column":54},"end":{"line":164,"column":71}},{"start":{"line":164,"column":74},"end":{"line":164,"column":76}}],"line":164},"35":{"loc":{"start":{"line":167,"column":20},"end":{"line":174,"column":24}},"type":"cond-expr","locations":[{"start":{"line":168,"column":22},"end":{"line":173,"column":21}},{"start":{"line":174,"column":22},"end":{"line":174,"column":24}}],"line":167},"36":{"loc":{"start":{"line":179,"column":24},"end":{"line":185,"column":25}},"type":"cond-expr","locations":[{"start":{"line":180,"column":26},"end":{"line":180,"column":28}},{"start":{"line":181,"column":26},"end":{"line":185,"column":25}}],"line":179},"37":{"loc":{"start":{"line":186,"column":24},"end":{"line":195,"column":25}},"type":"cond-expr","locations":[{"start":{"line":187,"column":26},"end":{"line":187,"column":28}},{"start":{"line":188,"column":26},"end":{"line":195,"column":25}}],"line":186},"38":{"loc":{"start":{"line":196,"column":24},"end":{"line":204,"column":25}},"type":"cond-expr","locations":[{"start":{"line":197,"column":26},"end":{"line":197,"column":28}},{"start":{"line":198,"column":26},"end":{"line":204,"column":25}}],"line":196},"39":{"loc":{"start":{"line":205,"column":24},"end":{"line":211,"column":25}},"type":"cond-expr","locations":[{"start":{"line":206,"column":26},"end":{"line":206,"column":28}},{"start":{"line":207,"column":26},"end":{"line":211,"column":25}}],"line":205},"40":{"loc":{"start":{"line":212,"column":24},"end":{"line":218,"column":25}},"type":"cond-expr","locations":[{"start":{"line":213,"column":26},"end":{"line":213,"column":28}},{"start":{"line":214,"column":26},"end":{"line":218,"column":25}}],"line":212},"41":{"loc":{"start":{"line":219,"column":24},"end":{"line":250,"column":25}},"type":"cond-expr","locations":[{"start":{"line":220,"column":26},"end":{"line":220,"column":28}},{"start":{"line":221,"column":26},"end":{"line":250,"column":25}}],"line":219},"42":{"loc":{"start":{"line":239,"column":40},"end":{"line":247,"column":44}},"type":"cond-expr","locations":[{"start":{"line":240,"column":42},"end":{"line":246,"column":41}},{"start":{"line":247,"column":42},"end":{"line":247,"column":44}}],"line":239},"43":{"loc":{"start":{"line":251,"column":24},"end":{"line":257,"column":25}},"type":"cond-expr","locations":[{"start":{"line":252,"column":26},"end":{"line":252,"column":28}},{"start":{"line":253,"column":26},"end":{"line":257,"column":25}}],"line":251},"44":{"loc":{"start":{"line":261,"column":8},"end":{"line":264,"column":9}},"type":"if","locations":[{"start":{"line":261,"column":8},"end":{"line":264,"column":9}},{"start":{},"end":{}}],"line":261},"45":{"loc":{"start":{"line":261,"column":12},"end":{"line":261,"column":73}},"type":"binary-expr","locations":[{"start":{"line":261,"column":12},"end":{"line":261,"column":31}},{"start":{"line":261,"column":35},"end":{"line":261,"column":49}},{"start":{"line":261,"column":53},"end":{"line":261,"column":73}}],"line":261},"46":{"loc":{"start":{"line":263,"column":26},"end":{"line":263,"column":81}},"type":"cond-expr","locations":[{"start":{"line":263,"column":75},"end":{"line":263,"column":77}},{"start":{"line":263,"column":80},"end":{"line":263,"column":81}}],"line":263},"47":{"loc":{"start":{"line":263,"column":26},"end":{"line":263,"column":72}},"type":"binary-expr","locations":[{"start":{"line":263,"column":26},"end":{"line":263,"column":55}},{"start":{"line":263,"column":59},"end":{"line":263,"column":72}}],"line":263},"48":{"loc":{"start":{"line":281,"column":4},"end":{"line":288,"column":5}},"type":"if","locations":[{"start":{"line":281,"column":4},"end":{"line":288,"column":5}},{"start":{},"end":{}}],"line":281},"49":{"loc":{"start":{"line":281,"column":8},"end":{"line":286,"column":10}},"type":"binary-expr","locations":[{"start":{"line":281,"column":8},"end":{"line":281,"column":92}},{"start":{"line":282,"column":8},"end":{"line":286,"column":10}}],"line":281},"50":{"loc":{"start":{"line":303,"column":24},"end":{"line":306,"column":86}},"type":"cond-expr","locations":[{"start":{"line":304,"column":18},"end":{"line":304,"column":19}},{"start":{"line":305,"column":18},"end":{"line":306,"column":86}}],"line":303},"51":{"loc":{"start":{"line":305,"column":19},"end":{"line":305,"column":218}},"type":"cond-expr","locations":[{"start":{"line":305,"column":175},"end":{"line":305,"column":177}},{"start":{"line":305,"column":180},"end":{"line":305,"column":218}}],"line":305},"52":{"loc":{"start":{"line":305,"column":19},"end":{"line":305,"column":172}},"type":"binary-expr","locations":[{"start":{"line":305,"column":19},"end":{"line":305,"column":155}},{"start":{"line":305,"column":159},"end":{"line":305,"column":172}}],"line":305},"53":{"loc":{"start":{"line":305,"column":25},"end":{"line":305,"column":145}},"type":"cond-expr","locations":[{"start":{"line":305,"column":127},"end":{"line":305,"column":133}},{"start":{"line":305,"column":136},"end":{"line":305,"column":145}}],"line":305},"54":{"loc":{"start":{"line":305,"column":25},"end":{"line":305,"column":124}},"type":"binary-expr","locations":[{"start":{"line":305,"column":25},"end":{"line":305,"column":107}},{"start":{"line":305,"column":111},"end":{"line":305,"column":124}}],"line":305},"55":{"loc":{"start":{"line":305,"column":31},"end":{"line":305,"column":97}},"type":"cond-expr","locations":[{"start":{"line":305,"column":79},"end":{"line":305,"column":85}},{"start":{"line":305,"column":88},"end":{"line":305,"column":97}}],"line":305},"56":{"loc":{"start":{"line":305,"column":31},"end":{"line":305,"column":76}},"type":"binary-expr","locations":[{"start":{"line":305,"column":31},"end":{"line":305,"column":59}},{"start":{"line":305,"column":63},"end":{"line":305,"column":76}}],"line":305},"57":{"loc":{"start":{"line":306,"column":21},"end":{"line":306,"column":85}},"type":"cond-expr","locations":[{"start":{"line":306,"column":79},"end":{"line":306,"column":81}},{"start":{"line":306,"column":84},"end":{"line":306,"column":85}}],"line":306},"58":{"loc":{"start":{"line":306,"column":21},"end":{"line":306,"column":76}},"type":"binary-expr","locations":[{"start":{"line":306,"column":21},"end":{"line":306,"column":59}},{"start":{"line":306,"column":63},"end":{"line":306,"column":76}}],"line":306},"59":{"loc":{"start":{"line":309,"column":25},"end":{"line":309,"column":77}},"type":"cond-expr","locations":[{"start":{"line":309,"column":70},"end":{"line":309,"column":72}},{"start":{"line":309,"column":75},"end":{"line":309,"column":77}}],"line":309},"60":{"loc":{"start":{"line":309,"column":25},"end":{"line":309,"column":67}},"type":"binary-expr","locations":[{"start":{"line":309,"column":25},"end":{"line":309,"column":50}},{"start":{"line":309,"column":54},"end":{"line":309,"column":67}}],"line":309},"61":{"loc":{"start":{"line":311,"column":34},"end":{"line":311,"column":197}},"type":"cond-expr","locations":[{"start":{"line":311,"column":188},"end":{"line":311,"column":190}},{"start":{"line":311,"column":193},"end":{"line":311,"column":197}}],"line":311},"62":{"loc":{"start":{"line":311,"column":34},"end":{"line":311,"column":185}},"type":"binary-expr","locations":[{"start":{"line":311,"column":34},"end":{"line":311,"column":168}},{"start":{"line":311,"column":172},"end":{"line":311,"column":185}}],"line":311},"63":{"loc":{"start":{"line":311,"column":40},"end":{"line":311,"column":158}},"type":"cond-expr","locations":[{"start":{"line":311,"column":142},"end":{"line":311,"column":148}},{"start":{"line":311,"column":151},"end":{"line":311,"column":158}}],"line":311},"64":{"loc":{"start":{"line":311,"column":40},"end":{"line":311,"column":139}},"type":"binary-expr","locations":[{"start":{"line":311,"column":40},"end":{"line":311,"column":122}},{"start":{"line":311,"column":126},"end":{"line":311,"column":139}}],"line":311},"65":{"loc":{"start":{"line":311,"column":46},"end":{"line":311,"column":112}},"type":"cond-expr","locations":[{"start":{"line":311,"column":94},"end":{"line":311,"column":100}},{"start":{"line":311,"column":103},"end":{"line":311,"column":112}}],"line":311},"66":{"loc":{"start":{"line":311,"column":46},"end":{"line":311,"column":91}},"type":"binary-expr","locations":[{"start":{"line":311,"column":46},"end":{"line":311,"column":74}},{"start":{"line":311,"column":78},"end":{"line":311,"column":91}}],"line":311},"67":{"loc":{"start":{"line":344,"column":29},"end":{"line":344,"column":93}},"type":"cond-expr","locations":[{"start":{"line":344,"column":87},"end":{"line":344,"column":89}},{"start":{"line":344,"column":92},"end":{"line":344,"column":93}}],"line":344},"68":{"loc":{"start":{"line":344,"column":29},"end":{"line":344,"column":84}},"type":"binary-expr","locations":[{"start":{"line":344,"column":29},"end":{"line":344,"column":67}},{"start":{"line":344,"column":71},"end":{"line":344,"column":84}}],"line":344},"69":{"loc":{"start":{"line":345,"column":28},"end":{"line":345,"column":137}},"type":"cond-expr","locations":[{"start":{"line":345,"column":130},"end":{"line":345,"column":132}},{"start":{"line":345,"column":135},"end":{"line":345,"column":137}}],"line":345},"70":{"loc":{"start":{"line":345,"column":28},"end":{"line":345,"column":127}},"type":"binary-expr","locations":[{"start":{"line":345,"column":28},"end":{"line":345,"column":110}},{"start":{"line":345,"column":114},"end":{"line":345,"column":127}}],"line":345},"71":{"loc":{"start":{"line":345,"column":34},"end":{"line":345,"column":100}},"type":"cond-expr","locations":[{"start":{"line":345,"column":82},"end":{"line":345,"column":88}},{"start":{"line":345,"column":91},"end":{"line":345,"column":100}}],"line":345},"72":{"loc":{"start":{"line":345,"column":34},"end":{"line":345,"column":79}},"type":"binary-expr","locations":[{"start":{"line":345,"column":34},"end":{"line":345,"column":62}},{"start":{"line":345,"column":66},"end":{"line":345,"column":79}}],"line":345},"73":{"loc":{"start":{"line":346,"column":25},"end":{"line":346,"column":77}},"type":"cond-expr","locations":[{"start":{"line":346,"column":70},"end":{"line":346,"column":72}},{"start":{"line":346,"column":75},"end":{"line":346,"column":77}}],"line":346},"74":{"loc":{"start":{"line":346,"column":25},"end":{"line":346,"column":67}},"type":"binary-expr","locations":[{"start":{"line":346,"column":25},"end":{"line":346,"column":50}},{"start":{"line":346,"column":54},"end":{"line":346,"column":67}}],"line":346},"75":{"loc":{"start":{"line":377,"column":21},"end":{"line":377,"column":73}},"type":"cond-expr","locations":[{"start":{"line":377,"column":66},"end":{"line":377,"column":68}},{"start":{"line":377,"column":71},"end":{"line":377,"column":73}}],"line":377},"76":{"loc":{"start":{"line":377,"column":21},"end":{"line":377,"column":63}},"type":"binary-expr","locations":[{"start":{"line":377,"column":21},"end":{"line":377,"column":46}},{"start":{"line":377,"column":50},"end":{"line":377,"column":63}}],"line":377},"77":{"loc":{"start":{"line":379,"column":19},"end":{"line":379,"column":68}},"type":"cond-expr","locations":[{"start":{"line":379,"column":62},"end":{"line":379,"column":64}},{"start":{"line":379,"column":67},"end":{"line":379,"column":68}}],"line":379},"78":{"loc":{"start":{"line":379,"column":19},"end":{"line":379,"column":59}},"type":"binary-expr","locations":[{"start":{"line":379,"column":19},"end":{"line":379,"column":42}},{"start":{"line":379,"column":46},"end":{"line":379,"column":59}}],"line":379},"79":{"loc":{"start":{"line":380,"column":19},"end":{"line":380,"column":68}},"type":"cond-expr","locations":[{"start":{"line":380,"column":62},"end":{"line":380,"column":64}},{"start":{"line":380,"column":67},"end":{"line":380,"column":68}}],"line":380},"80":{"loc":{"start":{"line":380,"column":19},"end":{"line":380,"column":59}},"type":"binary-expr","locations":[{"start":{"line":380,"column":19},"end":{"line":380,"column":42}},{"start":{"line":380,"column":46},"end":{"line":380,"column":59}}],"line":380},"81":{"loc":{"start":{"line":389,"column":4},"end":{"line":390,"column":21}},"type":"if","locations":[{"start":{"line":389,"column":4},"end":{"line":390,"column":21}},{"start":{},"end":{}}],"line":389},"82":{"loc":{"start":{"line":412,"column":8},"end":{"line":414,"column":9}},"type":"if","locations":[{"start":{"line":412,"column":8},"end":{"line":414,"column":9}},{"start":{},"end":{}}],"line":412},"83":{"loc":{"start":{"line":416,"column":8},"end":{"line":429,"column":9}},"type":"if","locations":[{"start":{"line":416,"column":8},"end":{"line":429,"column":9}},{"start":{"line":427,"column":13},"end":{"line":429,"column":9}}],"line":416},"84":{"loc":{"start":{"line":418,"column":12},"end":{"line":420,"column":13}},"type":"if","locations":[{"start":{"line":418,"column":12},"end":{"line":420,"column":13}},{"start":{},"end":{}}],"line":418},"85":{"loc":{"start":{"line":423,"column":12},"end":{"line":425,"column":13}},"type":"if","locations":[{"start":{"line":423,"column":12},"end":{"line":425,"column":13}},{"start":{},"end":{}}],"line":423},"86":{"loc":{"start":{"line":428,"column":68},"end":{"line":428,"column":123}},"type":"cond-expr","locations":[{"start":{"line":428,"column":97},"end":{"line":428,"column":101}},{"start":{"line":428,"column":104},"end":{"line":428,"column":123}}],"line":428},"87":{"loc":{"start":{"line":432,"column":8},"end":{"line":434,"column":9}},"type":"if","locations":[{"start":{"line":432,"column":8},"end":{"line":434,"column":9}},{"start":{},"end":{}}],"line":432},"88":{"loc":{"start":{"line":432,"column":12},"end":{"line":432,"column":97}},"type":"binary-expr","locations":[{"start":{"line":432,"column":12},"end":{"line":432,"column":36}},{"start":{"line":432,"column":40},"end":{"line":432,"column":97}}],"line":432},"89":{"loc":{"start":{"line":436,"column":22},"end":{"line":436,"column":61}},"type":"cond-expr","locations":[{"start":{"line":436,"column":43},"end":{"line":436,"column":47}},{"start":{"line":436,"column":50},"end":{"line":436,"column":61}}],"line":436},"90":{"loc":{"start":{"line":437,"column":22},"end":{"line":437,"column":61}},"type":"cond-expr","locations":[{"start":{"line":437,"column":43},"end":{"line":437,"column":47}},{"start":{"line":437,"column":50},"end":{"line":437,"column":61}}],"line":437},"91":{"loc":{"start":{"line":438,"column":23},"end":{"line":438,"column":64}},"type":"cond-expr","locations":[{"start":{"line":438,"column":45},"end":{"line":438,"column":49}},{"start":{"line":438,"column":52},"end":{"line":438,"column":64}}],"line":438},"92":{"loc":{"start":{"line":439,"column":20},"end":{"line":439,"column":55}},"type":"cond-expr","locations":[{"start":{"line":439,"column":39},"end":{"line":439,"column":43}},{"start":{"line":439,"column":46},"end":{"line":439,"column":55}}],"line":439},"93":{"loc":{"start":{"line":447,"column":15},"end":{"line":451,"column":9}},"type":"binary-expr","locations":[{"start":{"line":447,"column":15},"end":{"line":447,"column":26}},{"start":{"line":447,"column":30},"end":{"line":451,"column":9}}],"line":447},"94":{"loc":{"start":{"line":464,"column":8},"end":{"line":465,"column":19}},"type":"if","locations":[{"start":{"line":464,"column":8},"end":{"line":465,"column":19}},{"start":{},"end":{}}],"line":464},"95":{"loc":{"start":{"line":471,"column":8},"end":{"line":472,"column":19}},"type":"if","locations":[{"start":{"line":471,"column":8},"end":{"line":472,"column":19}},{"start":{},"end":{}}],"line":471},"96":{"loc":{"start":{"line":475,"column":8},"end":{"line":480,"column":9}},"type":"if","locations":[{"start":{"line":475,"column":8},"end":{"line":480,"column":9}},{"start":{},"end":{}}],"line":475},"97":{"loc":{"start":{"line":481,"column":8},"end":{"line":486,"column":9}},"type":"if","locations":[{"start":{"line":481,"column":8},"end":{"line":486,"column":9}},{"start":{},"end":{}}],"line":481},"98":{"loc":{"start":{"line":497,"column":4},"end":{"line":499,"column":5}},"type":"if","locations":[{"start":{"line":497,"column":4},"end":{"line":499,"column":5}},{"start":{},"end":{}}],"line":497},"99":{"loc":{"start":{"line":497,"column":8},"end":{"line":497,"column":75}},"type":"binary-expr","locations":[{"start":{"line":497,"column":8},"end":{"line":497,"column":24}},{"start":{"line":497,"column":28},"end":{"line":497,"column":75}}],"line":497},"100":{"loc":{"start":{"line":503,"column":4},"end":{"line":504,"column":56}},"type":"if","locations":[{"start":{"line":503,"column":4},"end":{"line":504,"column":56}},{"start":{},"end":{}}],"line":503},"101":{"loc":{"start":{"line":516,"column":4},"end":{"line":517,"column":56}},"type":"if","locations":[{"start":{"line":516,"column":4},"end":{"line":517,"column":56}},{"start":{},"end":{}}],"line":516},"102":{"loc":{"start":{"line":526,"column":8},"end":{"line":531,"column":9}},"type":"if","locations":[{"start":{"line":526,"column":8},"end":{"line":531,"column":9}},{"start":{},"end":{}}],"line":526},"103":{"loc":{"start":{"line":526,"column":12},"end":{"line":529,"column":87}},"type":"binary-expr","locations":[{"start":{"line":526,"column":12},"end":{"line":526,"column":28}},{"start":{"line":527,"column":12},"end":{"line":527,"column":59}},{"start":{"line":528,"column":12},"end":{"line":528,"column":71}},{"start":{"line":529,"column":12},"end":{"line":529,"column":87}}],"line":526},"104":{"loc":{"start":{"line":536,"column":8},"end":{"line":537,"column":60}},"type":"if","locations":[{"start":{"line":536,"column":8},"end":{"line":537,"column":60}},{"start":{},"end":{}}],"line":536},"105":{"loc":{"start":{"line":550,"column":4},"end":{"line":552,"column":5}},"type":"if","locations":[{"start":{"line":550,"column":4},"end":{"line":552,"column":5}},{"start":{},"end":{}}],"line":550},"106":{"loc":{"start":{"line":550,"column":8},"end":{"line":550,"column":75}},"type":"binary-expr","locations":[{"start":{"line":550,"column":8},"end":{"line":550,"column":24}},{"start":{"line":550,"column":28},"end":{"line":550,"column":75}}],"line":550},"107":{"loc":{"start":{"line":557,"column":4},"end":{"line":558,"column":56}},"type":"if","locations":[{"start":{"line":557,"column":4},"end":{"line":558,"column":56}},{"start":{},"end":{}}],"line":557},"108":{"loc":{"start":{"line":568,"column":4},"end":{"line":570,"column":5}},"type":"if","locations":[{"start":{"line":568,"column":4},"end":{"line":570,"column":5}},{"start":{},"end":{}}],"line":568},"109":{"loc":{"start":{"line":568,"column":8},"end":{"line":568,"column":75}},"type":"binary-expr","locations":[{"start":{"line":568,"column":8},"end":{"line":568,"column":24}},{"start":{"line":568,"column":28},"end":{"line":568,"column":75}}],"line":568},"110":{"loc":{"start":{"line":574,"column":4},"end":{"line":575,"column":56}},"type":"if","locations":[{"start":{"line":574,"column":4},"end":{"line":575,"column":56}},{"start":{},"end":{}}],"line":574},"111":{"loc":{"start":{"line":576,"column":11},"end":{"line":576,"column":32}},"type":"binary-expr","locations":[{"start":{"line":576,"column":11},"end":{"line":576,"column":26}},{"start":{"line":576,"column":30},"end":{"line":576,"column":32}}],"line":576},"112":{"loc":{"start":{"line":589,"column":4},"end":{"line":590,"column":56}},"type":"if","locations":[{"start":{"line":589,"column":4},"end":{"line":590,"column":56}},{"start":{},"end":{}}],"line":589},"113":{"loc":{"start":{"line":591,"column":11},"end":{"line":591,"column":177}},"type":"cond-expr","locations":[{"start":{"line":591,"column":168},"end":{"line":591,"column":170}},{"start":{"line":591,"column":173},"end":{"line":591,"column":177}}],"line":591},"114":{"loc":{"start":{"line":591,"column":11},"end":{"line":591,"column":165}},"type":"binary-expr","locations":[{"start":{"line":591,"column":11},"end":{"line":591,"column":148}},{"start":{"line":591,"column":152},"end":{"line":591,"column":165}}],"line":591},"115":{"loc":{"start":{"line":591,"column":17},"end":{"line":591,"column":138}},"type":"cond-expr","locations":[{"start":{"line":591,"column":122},"end":{"line":591,"column":128}},{"start":{"line":591,"column":131},"end":{"line":591,"column":138}}],"line":591},"116":{"loc":{"start":{"line":591,"column":17},"end":{"line":591,"column":119}},"type":"binary-expr","locations":[{"start":{"line":591,"column":17},"end":{"line":591,"column":102}},{"start":{"line":591,"column":106},"end":{"line":591,"column":119}}],"line":591},"117":{"loc":{"start":{"line":591,"column":23},"end":{"line":591,"column":92}},"type":"cond-expr","locations":[{"start":{"line":591,"column":74},"end":{"line":591,"column":80}},{"start":{"line":591,"column":83},"end":{"line":591,"column":92}}],"line":591},"118":{"loc":{"start":{"line":591,"column":23},"end":{"line":591,"column":71}},"type":"binary-expr","locations":[{"start":{"line":591,"column":23},"end":{"line":591,"column":54}},{"start":{"line":591,"column":58},"end":{"line":591,"column":71}}],"line":591},"119":{"loc":{"start":{"line":609,"column":4},"end":{"line":611,"column":5}},"type":"if","locations":[{"start":{"line":609,"column":4},"end":{"line":611,"column":5}},{"start":{},"end":{}}],"line":609},"120":{"loc":{"start":{"line":620,"column":14},"end":{"line":622,"column":82}},"type":"cond-expr","locations":[{"start":{"line":621,"column":10},"end":{"line":621,"column":66}},{"start":{"line":622,"column":10},"end":{"line":622,"column":82}}],"line":620},"121":{"loc":{"start":{"line":623,"column":4},"end":{"line":624,"column":73}},"type":"if","locations":[{"start":{"line":623,"column":4},"end":{"line":624,"column":73}},{"start":{},"end":{}}],"line":623},"122":{"loc":{"start":{"line":624,"column":48},"end":{"line":624,"column":71}},"type":"binary-expr","locations":[{"start":{"line":624,"column":48},"end":{"line":624,"column":54}},{"start":{"line":624,"column":58},"end":{"line":624,"column":65}},{"start":{"line":624,"column":69},"end":{"line":624,"column":71}}],"line":624},"123":{"loc":{"start":{"line":628,"column":4},"end":{"line":637,"column":5}},"type":"if","locations":[{"start":{"line":628,"column":4},"end":{"line":637,"column":5}},{"start":{},"end":{}}],"line":628},"124":{"loc":{"start":{"line":628,"column":8},"end":{"line":635,"column":140}},"type":"binary-expr","locations":[{"start":{"line":628,"column":8},"end":{"line":628,"column":22}},{"start":{"line":630,"column":8},"end":{"line":630,"column":86}},{"start":{"line":633,"column":8},"end":{"line":633,"column":106}},{"start":{"line":635,"column":8},"end":{"line":635,"column":140}}],"line":628},"125":{"loc":{"start":{"line":633,"column":10},"end":{"line":633,"column":105}},"type":"binary-expr","locations":[{"start":{"line":633,"column":10},"end":{"line":633,"column":56}},{"start":{"line":633,"column":60},"end":{"line":633,"column":105}}],"line":633},"126":{"loc":{"start":{"line":635,"column":10},"end":{"line":635,"column":139}},"type":"binary-expr","locations":[{"start":{"line":635,"column":10},"end":{"line":635,"column":93}},{"start":{"line":635,"column":97},"end":{"line":635,"column":139}}],"line":635},"127":{"loc":{"start":{"line":640,"column":17},"end":{"line":640,"column":69}},"type":"cond-expr","locations":[{"start":{"line":640,"column":62},"end":{"line":640,"column":64}},{"start":{"line":640,"column":67},"end":{"line":640,"column":69}}],"line":640},"128":{"loc":{"start":{"line":640,"column":17},"end":{"line":640,"column":59}},"type":"binary-expr","locations":[{"start":{"line":640,"column":17},"end":{"line":640,"column":42}},{"start":{"line":640,"column":46},"end":{"line":640,"column":59}}],"line":640},"129":{"loc":{"start":{"line":642,"column":15},"end":{"line":642,"column":64}},"type":"cond-expr","locations":[{"start":{"line":642,"column":58},"end":{"line":642,"column":60}},{"start":{"line":642,"column":63},"end":{"line":642,"column":64}}],"line":642},"130":{"loc":{"start":{"line":642,"column":15},"end":{"line":642,"column":55}},"type":"binary-expr","locations":[{"start":{"line":642,"column":15},"end":{"line":642,"column":38}},{"start":{"line":642,"column":42},"end":{"line":642,"column":55}}],"line":642},"131":{"loc":{"start":{"line":643,"column":15},"end":{"line":643,"column":64}},"type":"cond-expr","locations":[{"start":{"line":643,"column":58},"end":{"line":643,"column":60}},{"start":{"line":643,"column":63},"end":{"line":643,"column":64}}],"line":643},"132":{"loc":{"start":{"line":643,"column":15},"end":{"line":643,"column":55}},"type":"binary-expr","locations":[{"start":{"line":643,"column":15},"end":{"line":643,"column":38}},{"start":{"line":643,"column":42},"end":{"line":643,"column":55}}],"line":643},"133":{"loc":{"start":{"line":653,"column":4},"end":{"line":655,"column":5}},"type":"if","locations":[{"start":{"line":653,"column":4},"end":{"line":655,"column":5}},{"start":{},"end":{}}],"line":653},"134":{"loc":{"start":{"line":653,"column":8},"end":{"line":653,"column":75}},"type":"binary-expr","locations":[{"start":{"line":653,"column":8},"end":{"line":653,"column":24}},{"start":{"line":653,"column":28},"end":{"line":653,"column":75}}],"line":653},"135":{"loc":{"start":{"line":657,"column":4},"end":{"line":658,"column":56}},"type":"if","locations":[{"start":{"line":657,"column":4},"end":{"line":658,"column":56}},{"start":{},"end":{}}],"line":657},"136":{"loc":{"start":{"line":671,"column":19},"end":{"line":671,"column":123}},"type":"cond-expr","locations":[{"start":{"line":671,"column":113},"end":{"line":671,"column":115}},{"start":{"line":671,"column":118},"end":{"line":671,"column":123}}],"line":671},"137":{"loc":{"start":{"line":671,"column":19},"end":{"line":671,"column":110}},"type":"binary-expr","locations":[{"start":{"line":671,"column":19},"end":{"line":671,"column":93}},{"start":{"line":671,"column":97},"end":{"line":671,"column":110}}],"line":671},"138":{"loc":{"start":{"line":671,"column":25},"end":{"line":671,"column":83}},"type":"cond-expr","locations":[{"start":{"line":671,"column":62},"end":{"line":671,"column":68}},{"start":{"line":671,"column":71},"end":{"line":671,"column":83}}],"line":671},"139":{"loc":{"start":{"line":671,"column":25},"end":{"line":671,"column":59}},"type":"binary-expr","locations":[{"start":{"line":671,"column":25},"end":{"line":671,"column":39}},{"start":{"line":671,"column":43},"end":{"line":671,"column":59}}],"line":671},"140":{"loc":{"start":{"line":672,"column":4},"end":{"line":681,"column":5}},"type":"if","locations":[{"start":{"line":672,"column":4},"end":{"line":681,"column":5}},{"start":{},"end":{}}],"line":672},"141":{"loc":{"start":{"line":672,"column":8},"end":{"line":677,"column":10}},"type":"binary-expr","locations":[{"start":{"line":672,"column":8},"end":{"line":672,"column":24}},{"start":{"line":673,"column":8},"end":{"line":677,"column":10}}],"line":672},"142":{"loc":{"start":{"line":678,"column":8},"end":{"line":679,"column":22}},"type":"if","locations":[{"start":{"line":678,"column":8},"end":{"line":679,"column":22}},{"start":{},"end":{}}],"line":678},"143":{"loc":{"start":{"line":678,"column":12},"end":{"line":678,"column":94}},"type":"cond-expr","locations":[{"start":{"line":678,"column":49},"end":{"line":678,"column":55}},{"start":{"line":678,"column":58},"end":{"line":678,"column":94}}],"line":678},"144":{"loc":{"start":{"line":678,"column":12},"end":{"line":678,"column":46}},"type":"binary-expr","locations":[{"start":{"line":678,"column":12},"end":{"line":678,"column":26}},{"start":{"line":678,"column":30},"end":{"line":678,"column":46}}],"line":678},"145":{"loc":{"start":{"line":685,"column":4},"end":{"line":686,"column":56}},"type":"if","locations":[{"start":{"line":685,"column":4},"end":{"line":686,"column":56}},{"start":{},"end":{}}],"line":685},"146":{"loc":{"start":{"line":687,"column":11},"end":{"line":687,"column":61}},"type":"cond-expr","locations":[{"start":{"line":687,"column":54},"end":{"line":687,"column":56}},{"start":{"line":687,"column":59},"end":{"line":687,"column":61}}],"line":687},"147":{"loc":{"start":{"line":687,"column":11},"end":{"line":687,"column":51}},"type":"binary-expr","locations":[{"start":{"line":687,"column":11},"end":{"line":687,"column":34}},{"start":{"line":687,"column":
[...]
 ?? {};\n  const defaultModelOptions = { underscored: true, timestamps: false };\n  const { User, Account, Session, VerificationToken } = {\n    User:\n      models?.User ??\n      client.define<UserInstance>(\n        \"user\",\n        defaultModels.User,\n        defaultModelOptions,\n      ),\n    Account:\n      models?.Account ??\n      client.define<AccountInstance>(\n        \"account\",\n        defaultModels.Account,\n        defaultModelOptions,\n      ),\n    Session:\n      models?.Session ??\n      client.define<SessionInstance>(\n        \"session\",\n        defaultModels.Session,\n        defaultModelOptions,\n      ),\n    VerificationToken:\n      models?.VerificationToken ??\n      client.define<VerificationTokenInstance>(\n        \"verificationToken\",\n        defaultModels.VerificationToken,\n        defaultModelOptions,\n      ),\n  };\n  let _synced = false;\n  const sync = async () => {\n    if (process.env.NODE_ENV !== \"production\" && synchronize && !_synced) {\n      const syncOptions =\n        typeof synchronize === \"object\" ? synchronize : undefined;\n\n      await Promise.all([\n        User.sync(syncOptions),\n        Account.sync(syncOptions),\n        Session.sync(syncOptions),\n        VerificationToken.sync(syncOptions),\n      ]);\n\n      _synced = true;\n    }\n  };\n\n  Account.belongsTo(User, { onDelete: \"cascade\" });\n  Session.belongsTo(User, { onDelete: \"cascade\" });\n\n  return {\n    async createUser(user) {\n      console.log(\">>> createUser\", user);\n      await sync();\n\n      return await User.create(user);\n    },\n    async getUser(id) {\n      await sync();\n\n      const userInstance = await User.findByPk(id);\n\n      return userInstance?.get({ plain: true }) ?? null;\n    },\n    async getUserByEmail(email) {\n      await sync();\n\n      const userInstance = await User.findOne({\n        where: { email },\n      });\n\n      return userInstance?.get({ plain: true }) ?? null;\n    },\n    async getUserByAccount({ provider, providerAccountId }) {\n      await sync();\n\n      const accountInstance = await Account.findOne({\n        // @ts-expect-error\n        where: { provider, providerAccountId },\n      });\n\n      if (!accountInstance) {\n        return null;\n      }\n\n      const userInstance = await User.findByPk(accountInstance.userId);\n\n      return userInstance?.get({ plain: true }) ?? null;\n    },\n    async updateUser(user) {\n      await sync();\n\n      await User.update(user, { where: { id: user.id } });\n      const userInstance = await User.findByPk(user.id);\n\n      // eslint-disable-next-line @typescript-eslint/no-non-null-assertion\n      return userInstance!;\n    },\n    async deleteUser(userId) {\n      await sync();\n\n      const userInstance = await User.findByPk(userId);\n\n      await User.destroy({ where: { id: userId } });\n\n      return userInstance;\n    },\n    async linkAccount(account) {\n      await sync();\n\n      await Account.create(account);\n    },\n    async unlinkAccount({ provider, providerAccountId }) {\n      await sync();\n\n      await Account.destroy({\n        where: { provider, providerAccountId },\n      });\n    },\n    async createSession(session) {\n      await sync();\n\n      return await Session.create(session);\n    },\n    async getSessionAndUser(sessionToken) {\n      await sync();\n\n      const sessionInstance = await Session.findOne({\n        where: { sessionToken },\n      });\n\n      if (!sessionInstance) {\n        return null;\n      }\n\n      const userInstance = await User.findByPk(sessionInstance.userId);\n\n      if (!userInstance) {\n        return null;\n      }\n\n      return {\n        session: sessionInstance?.get({ plain: true }),\n        user: userInstance?.get({ plain: true }),\n      };\n    },\n    async updateSession({ sessionToken, expires }) {\n      await sync();\n\n      await Session.update(\n        { expires, sessionToken },\n        { where: { sessionToken } },\n      );\n\n      return await Session.findOne({ where: { sessionToken } });\n    },\n    async deleteSession(sessionToken) {\n      await sync();\n\n      const session = await Session.findOne({ where: { sessionToken } });\n      await Session.destroy({ where: { sessionToken } });\n      return session?.get({ plain: true });\n    },\n    async createVerificationToken(token) {\n      await sync();\n\n      return await VerificationToken.create(token);\n    },\n    async useVerificationToken({ identifier, token }) {\n      await sync();\n\n      const tokenInstance = await VerificationToken.findOne({\n        where: { identifier, token },\n      });\n\n      await VerificationToken.destroy({ where: { identifier } });\n\n      return tokenInstance?.get({ plain: true }) ?? null;\n    },\n  };\n}\n"]},"_coverageSchema":"1a1c01bbd47fc00a2c39e90264f33305004495a9","hash":"536a98e2ddf2a560a77e03d23e6238072bf671d3","contentHash":"a877921c5a0c0175c2e8a3d44c8dce076c6baf11cb6f6ca2399028d8458ccfaf"},"/app/src/api/database/sequelize-adapter-src/models.js":{"path":"/app/src/api/database/sequelize-adapter-src/models.js","statementMap":{"0":{"start":{"line":3,"column":0},"end":{"line":5,"column":3}},"1":{"start":{"line":6,"column":0},"end":{"line":6,"column":86}},"2":{"start":{"line":7,"column":20},"end":{"line":7,"column":40}},"3":{"start":{"line":8,"column":0},"end":{"line":51,"column":2}},"4":{"start":{"line":52,"column":0},"end":{"line":71,"column":2}},"5":{"start":{"line":72,"column":0},"end":{"line":90,"column":2}},"6":{"start":{"line":91,"column":0},"end":{"line":104,"column":2}}},"fnMap":{},"branchMap":{},"s":{"0":1,"1":1,"2":1,"3":1,"4":1,"5":1,"6":1},"f":{},"b":{},"inputSourceMap":{"version":3,"names":["sequelize_1","require","exports","Account","id","type","DataTypes","UUID","defaultValue","UUIDV4","primaryKey","STRING","allowNull","provider","providerAccountId","refresh_token","TEXT","access_token","expires_at","INTEGER","token_type","scope","id_token","session_state","userId","User","name","email","unique","emailVerified","DATE","image","Session","expires","sessionToken","VerificationToken","token","identifier"],"sourceRoot":"/app/src/api/database/sequelize-adapter-src/","sources":["/app/src/api/database/sequelize-adapter-src/models.js"],"sourcesContent":["import { DataTypes } from \"sequelize\";\nexport const Account = {\n    id: {\n        type: DataTypes.UUID,\n        defaultValue: DataTypes.UUIDV4,\n        primaryKey: true,\n    },\n    type: { type: DataTypes.STRING, allowNull: false },\n    provider: { type: DataTypes.STRING, allowNull: false },\n    providerAccountId: { type: DataTypes.STRING, allowNull: false },\n    // OAuth access/refresh tokens are often JWTs or JWEs and exceed 255 chars.\n    refresh_token: { type: DataTypes.TEXT },\n    access_token: { type: DataTypes.TEXT },\n    expires_at: { type: DataTypes.INTEGER },\n    token_type: { type: DataTypes.STRING },\n    scope: { type: DataTypes.STRING },\n    id_token: { type: DataTypes.TEXT },\n    session_state: { type: DataTypes.STRING },\n    userId: { type: DataTypes.UUID },\n};\nexport const User = {\n    id: {\n        type: DataTypes.UUID,\n        defaultValue: DataTypes.UUIDV4,\n        primaryKey: true,\n    },\n    name: { type: DataTypes.STRING },\n    email: { type: DataTypes.STRING, unique: \"email\" },\n    emailVerified: { type: DataTypes.DATE },\n    image: { type: DataTypes.STRING },\n};\nexport const Session = {\n    id: {\n        type: DataTypes.UUID,\n        defaultValue: DataTypes.UUIDV4,\n        primaryKey: true,\n    },\n    expires: { type: DataTypes.DATE, allowNull: false },\n    sessionToken: {\n        type: DataTypes.STRING,\n        unique: \"sessionToken\",\n        allowNull: false,\n    },\n    userId: { type: DataTypes.UUID },\n};\nexport const VerificationToken = {\n    token: { type: DataTypes.STRING, primaryKey: true },\n    identifier: { type: DataTypes.STRING, allowNull: false },\n    expires: { type: DataTypes.DATE, allowNull: false },\n};\n"],"mappings":";;;;;;AAAA,MAAAA,WAAA,GAAAC,OAAA;AACaC,OAAA,CAAAC,OAAO,GAAG;EACnBC,EAAE,EAAE;IACAC,IAAI,EAAEL,WAAA,CAAAM,SAAS,CAACC,IAAI;IACpBC,YAAY,EAAER,WAAA,CAAAM,SAAS,CAACG,MAAM;IAC9BC,UAAU,EAAE;GACf;EACDL,IAAI,EAAE;IAAEA,IAAI,EAAEL,WAAA,CAAAM,SAAS,CAACK,MAAM;IAAEC,SAAS,EAAE;EAAK,CAAE;EAClDC,QAAQ,EAAE;IAAER,IAAI,EAAEL,WAAA,CAAAM,SAAS,CAACK,MAAM;IAAEC,SAAS,EAAE;EAAK,CAAE;EACtDE,iBAAiB,EAAE;IAAET,IAAI,EAAEL,WAAA,CAAAM,SAAS,CAACK,MAAM;IAAEC,SAAS,EAAE;EAAK,CAAE;EAC/D;EACAG,aAAa,EAAE;IAAEV,IAAI,EAAEL,WAAA,CAAAM,SAAS,CAACU;EAAI,CAAE;EACvCC,YAAY,EAAE;IAAEZ,IAAI,EAAEL,WAAA,CAAAM,SAAS,CAACU;EAAI,CAAE;EACtCE,UAAU,EAAE;IAAEb,IAAI,EAAEL,WAAA,CAAAM,SAAS,CAACa;EAAO,CAAE;EACvCC,UAAU,EAAE;IAAEf,IAAI,EAAEL,WAAA,CAAAM,SAAS,CAACK;EAAM,CAAE;EACtCU,KAAK,EAAE;IAAEhB,IAAI,EAAEL,WAAA,CAAAM,SAAS,CAACK;EAAM,CAAE;EACjCW,QAAQ,EAAE;IAAEjB,IAAI,EAAEL,WAAA,CAAAM,SAAS,CAACU;EAAI,CAAE;EAClCO,aAAa,EAAE;IAAElB,IAAI,EAAEL,WAAA,CAAAM,SAAS,CAACK;EAAM,CAAE;EACzCa,MAAM,EAAE;IAAEnB,IAAI,EAAEL,WAAA,CAAAM,SAAS,CAACC;EAAI;CACjC;AACYL,OAAA,CAAAuB,IAAI,GAAG;EAChBrB,EAAE,EAAE;IACAC,IAAI,EAAEL,WAAA,CAAAM,SAAS,CAACC,IAAI;IACpBC,YAAY,EAAER,WAAA,CAAAM,SAAS,CAACG,MAAM;IAC9BC,UAAU,EAAE;GACf;EACDgB,IAAI,EAAE;IAAErB,IAAI,EAAEL,WAAA,CAAAM,SAAS,CAACK;EAAM,CAAE;EAChCgB,KAAK,EAAE;IAAEtB,IAAI,EAAEL,WAAA,CAAAM,SAAS,CAACK,MAAM;IAAEiB,MAAM,EAAE;EAAO,CAAE;EAClDC,aAAa,EAAE;IAAExB,IAAI,EAAEL,WAAA,CAAAM,SAAS,CAACwB;EAAI,CAAE;EACvCC,KAAK,EAAE;IAAE1B,IAAI,EAAEL,WAAA,CAAAM,SAAS,CAACK;EAAM;CAClC;AACYT,OAAA,CAAA8B,OAAO,GAAG;EACnB5B,EAAE,EAAE;IACAC,IAAI,EAAEL,WAAA,CAAAM,SAAS,CAACC,IAAI;IACpBC,YAAY,EAAER,WAAA,CAAAM,SAAS,CAACG,MAAM;IAC9BC,UAAU,EAAE;GACf;EACDuB,OAAO,EAAE;IAAE5B,IAAI,EAAEL,WAAA,CAAAM,SAAS,CAACwB,IAAI;IAAElB,SAAS,EAAE;EAAK,CAAE;EACnDsB,YAAY,EAAE;IACV7B,IAAI,EAAEL,WAAA,CAAAM,SAAS,CAACK,MAAM;IACtBiB,MAAM,EAAE,cAAc;IACtBhB,SAAS,EAAE;GACd;EACDY,MAAM,EAAE;IAAEnB,IAAI,EAAEL,WAAA,CAAAM,SAAS,CAACC;EAAI;CACjC;AACYL,OAAA,CAAAiC,iBAAiB,GAAG;EAC7BC,KAAK,EAAE;IAAE/B,IAAI,EAAEL,WAAA,CAAAM,SAAS,CAACK,MAAM;IAAED,UAAU,EAAE;EAAI,CAAE;EACnD2B,UAAU,EAAE;IAAEhC,IAAI,EAAEL,WAAA,CAAAM,SAAS,CAACK,MAAM;IAAEC,SAAS,EAAE;EAAK,CAAE;EACxDqB,OAAO,EAAE;IAAE5B,IAAI,EAAEL,WAAA,CAAAM,SAAS,CAACwB,IAAI;IAAElB,SAAS,EAAE;EAAK;CACpD","ignoreList":[]},"_coverageSchema":"1a1c01bbd47fc00a2c39e90264f33305004495a9","hash":"b5fc28fb0fde8631be52435118dafd5eea903f10","contentHash":"85013eaec6fac1286ba5367f3e9fe54256d51b9571a96cf37ff24bd297e89f0b"},"/app/src/api/database/sequelize.ts":{"path":"/app/src/api/database/sequelize.ts","statementMap":{"0":{"start":{"line":2,"column":22},"end":{"line":4,"column":1}},"1":{"start":{"line":3,"column":4},"end":{"line":3,"column":62}},"2":{"start":{"line":5,"column":0},"end":{"line":5,"column":62}},"3":{"start":{"line":6,"column":31},"end":{"line":6,"column":62}},"4":{"start":{"line":7,"column":26},"end":{"line":7,"column":54}},"5":{"start":{"line":8,"column":20},"end":{"line":8,"column":55}},"6":{"start":{"line":9,"column":13},"end":{"line":9,"column":45}},"7":{"start":{"line":10,"column":0},"end":{"line":12,"column":1}},"8":{"start":{"line":11,"column":4},"end":{"line":11,"column":48}},"9":{"start":{"line":13,"column":20},"end":{"line":15,"column":15}},"10":{"start":{"line":16,"column":20},"end":{"line":18,"column":15}},"11":{"start":{"line":19,"column":18},"end":{"line":19,"column":227}},"12":{"start":{"line":20,"column":0},"end":{"line":20,"column":51}},"13":{"start":{"line":21,"column":0},"end":{"line":21,"column":28}}},"fnMap":{"0":{"name":"(anonymous_0)","decl":{"start":{"line":2,"column":56},"end":{"line":2,"column":57}},"loc":{"start":{"line":2,"column":71},"end":{"line":4,"column":1}},"line":2}},"branchMap":{"0":{"loc":{"start":{"line":2,"column":22},"end":{"line":4,"column":1}},"type":"binary-expr","locations":[{"start":{"line":2,"column":23},"end":{"line":2,"column":27}},{"start":{"line":2,"column":31},"end":{"line":2,"column":51}},{"start":{"line":2,"column":56},"end":{"line":4,"column":1}}],"line":2},"1":{"loc":{"start":{"line":3,"column":11},"end":{"line":3,"column":61}},"type":"cond-expr","locations":[{"start":{"line":3,"column":37},"end":{"line":3,"column":40}},{"start":{"line":3,"column":43},"end":{"line":3,"column":61}}],"line":3},"2":{"loc":{"start":{"line":3,"column":12},"end":{"line":3,"column":33}},"type":"binary-expr","locations":[{"start":{"line":3,"column":12},"end":{"line":3,"column":15}},{"start":{"line":3,"column":19},"end":{"line":3,"column":33}}],"line":3},"3":{"loc":{"start":{"line":10,"column":0},"end":{"line":12,"column":1}},"type":"if","locations":[{"start":{"line":10,"column":0},"end":{"line":12,"column":1}},{"start":{},"end":{}}],"line":10},"4":{"loc":{"start":{"line":13,"column":20},"end":{"line":15,"column":15}},"type":"cond-expr","locations":[{"start":{"line":14,"column":6},"end":{"line":14,"column":50}},{"start":{"line":15,"column":6},"end":{"line":15,"column":15}}],"line":13},"5":{"loc":{"start":{"line":16,"column":20},"end":{"line":18,"column":15}},"type":"cond-expr","locations":[{"start":{"line":17,"column":6},"end":{"line":17,"column":50}},{"start":{"line":18,"column":6},"end":{"line":18,"column":15}}],"line":16}},"s":{"0":1,"1":1,"2":1,"3":1,"4":1,"5":1,"6":1,"7":1,"8":1,"9":0,"10":0,"11":0,"12":0,"13":0},"f":{"0":1},"b":{"0":[1,1,1],"1":[1,0],"2":[1,1],"3":[1,0],"4":[0,0],"5":[0,0]},"inputSourceMap":{"version":3,"file":"/app/src/api/database/sequelize.ts","sources":["/app/src/api/database/sequelize.ts"],"names":[],"mappings":";;;;;AAAA,+DAAiD;AACjD,uDAA0D;AAC1D,wDAA2E;AAC3E,8CAAsB;AAEtB,IAAI,CAAC,OAAO,CAAC,GAAG,CAAC,YAAY,EAAE,CAAC;IAC9B,MAAM,IAAI,KAAK,CAAC,0BAA0B,CAAC,CAAC;AAC9C,CAAC;AAED,MAAM,WAAW,GAAG,OAAO,CAAC,GAAG,CAAC,sBAAsB;IACpD,CAAC,CAAC,QAAQ,CAAC,OAAO,CAAC,GAAG,CAAC,sBAAsB,CAAC;IAC9C,CAAC,CAAC,SAAS,CAAC;AACd,MAAM,WAAW,GAAG,OAAO,CAAC,GAAG,CAAC,sBAAsB;IACpD,CAAC,CAAC,QAAQ,CAAC,OAAO,CAAC,GAAG,CAAC,sBAAsB,CAAC;IAC9C,CAAC,CAAC,SAAS,CAAC;AAEd,MAAM,SAAS,GAAG,IAAI,gCAAS,CAAC,OAAO,CAAC,GAAG,CAAC,YAAY,kCACnD,IAAA,uCAAqB,EAAC,WAAW,EAAE,WAAW,CAAC,KAClD,MAAM,EAAE,MAAM,CAAC,MAAM,CAAC,YAAE,CAAC,IACzB,CAAC;AAEH,IAAA,2CAA+B,GAAE,CAAC;AAElC,kBAAe,SAAS,CAAC","sourcesContent":["import { Sequelize } from \"sequelize-typescript\";\nimport { commonSequelizeConfig } from \"./sequelizeConfig\";\nimport { hookIsPartialAfterSequelizeInit } from \"./modelHelpers/ZodColumn\";\nimport db from \"./db\";\n\nif (!process.env.DATABASE_URI) {\n  throw new Error(\"DATABASE_URI is not set.\");\n}\n\nconst minPoolSize = process.env.DATABASE_MIN_POOL_SIZE\n  ? parseInt(process.env.DATABASE_MIN_POOL_SIZE)\n  : undefined;\nconst maxPoolSize = process.env.DATABASE_MAX_POOL_SIZE\n  ? parseInt(process.env.DATABASE_MAX_POOL_SIZE)\n  : undefined;\n\nconst sequelize = new Sequelize(process.env.DATABASE_URI, {\n  ...commonSequelizeConfig(minPoolSize, maxPoolSize),\n  models: Object.values(db),\n});\n\nhookIsPartialAfterSequelizeInit();\n\nexport default sequelize;\n"]},"_coverageSchema":"1a1c01bbd47fc00a2c39e90264f33305004495a9","hash":"dd1c8ca177d7ac8656a70e4e6b8a098f9f6e71c1","contentHash":"9287f8298c92fe2b773f148f1e1be864f9bb101e394306e34079b3a305bf3513"},"/app/src/api/database/sequelizeConfig.ts":{"path":"/app/src/api/database/sequelizeConfig.ts","statementMap":{"0":{"start":{"line":2,"column":22},"end":{"line":4,"column":1}},"1":{"start":{"line":3,"column":4},"end":{"line":3,"column":62}},"2":{"start":{"line":5,"column":0},"end":{"line":5,"column":62}},"3":{"start":{"line":6,"column":0},"end":{"line":6,"column":39}},"4":{"start":{"line":7,"column":13},"end":{"line":7,"column":43}},"5":{"start":{"line":8,"column":30},"end":{"line":28,"column":1}},"6":{"start":{"line":9,"column":20},"end":{"line":19,"column":5}},"7":{"start":{"line":20,"column":4},"end":{"line":26,"column":5}},"8":{"start":{"line":21,"column":8},"end":{"line":21,"column":26}},"9":{"start":{"line":22,"column":8},"end":{"line":23,"column":35}},"10":{"start":{"line":23,"column":12},"end":{"line":23,"column":35}},"11":{"start":{"line":24,"column":8},"end":{"line":25,"column":35}},"12":{"start":{"line":25,"column":12},"end":{"line":25,"column":35}},"13":{"start":{"line":27,"column":4},"end":{"line":27,"column":19}},"14":{"start":{"line":29,"column":0},"end":{"line":29,"column":54}}},"fnMap":{"0":{"name":"(anonymous_0)","decl":{"start":{"line":2,"column":56},"end":{"line":2,"column":57}},"loc":{"start":{"line":2,"column":71},"end":{"line":4,"column":1}},"line":2},"1":{"name":"(anonymous_1)","decl":{"start":{"line":8,"column":30},"end":{"line":8,"column":31}},"loc":{"start":{"line":8,"column":44},"end":{"line":28,"column":1}},"line":8}},"branchMap":{"0":{"loc":{"start":{"line":2,"column":22},"end":{"line":4,"column":1}},"type":"binary-expr","locations":[{"start":{"line":2,"column":23},"end":{"line":2,"column":27}},{"start":{"line":2,"column":31},"end":{"line":2,"column":51}},{"start":{"line":2,"column":56},"end":{"line":4,"column":1}}],"line":2},"1":{"loc":{"start":{"line":3,"column":11},"end":{"line":3,"column":61}},"type":"cond-expr","locations":[{"start":{"line":3,"column":37},"end":{"line":3,"column":40}},{"start":{"line":3,"column":43},"end":{"line":3,"column":61}}],"line":3},"2":{"loc":{"start":{"line":3,"column":12},"end":{"line":3,"column":33}},"type":"binary-expr","locations":[{"start":{"line":3,"column":12},"end":{"line":3,"column":15}},{"start":{"line":3,"column":19},"end":{"line":3,"column":33}}],"line":3},"3":{"loc":{"start":{"line":20,"column":4},"end":{"line":26,"column":5}},"type":"if","locations":[{"start":{"line":20,"column":4},"end":{"line":26,"column":5}},{"start":{},"end":{}}],"line":20},"4":{"loc":{"start":{"line":20,"column":8},"end":{"line":20,"column":46}},"type":"binary-expr","locations":[{"start":{"line":20,"column":8},"end":{"line":20,"column":25}},{"start":{"line":20,"column":29},"end":{"line":20,"column":46}}],"line":20},"5":{"loc":{"start":{"line":22,"column":8},"end":{"line":23,"column":35}},"type":"if","locations":[{"start":{"line":22,"column":8},"end":{"line":23,"column":35}},{"start":{},"end":{}}],"line":22},"6":{"loc":{"start":{"line":24,"column":8},"end":{"line":25,"column":35}},"type":"if","locations":[{"start":{"line":24,"column":8},"end":{"line":25,"column":35}},{"start":{},"end":{}}],"line":24}},"s":{"0":1,"1":1,"2":1,"3":1,"4":1,"5":1,"6":0,"7":0,"8":0,"9":0,"10":0,"11":0,"12":0,"13":0,"14":1},"f":{"0":1,"1":0},"b":{"0":[1,1,1],"1":[0,1],"2":[1,1],"3":[0,0],"4":[0,0],"5":[0,0],"6":[0,0]},"inputSourceMap":{"version":3,"file":"/app/src/api/database/sequelizeConfig.ts","sources":["/app/src/api/database/sequelizeConfig.ts"],"names":[],"mappings":";;;;;;AAAA,4CAAoB;AAGb,MAAM,qBAAqB,GAAG,CACnC,GAAY,EACZ,GAAY,EACM,EAAE;IACpB,MAAM,OAAO,GAAqB;QAChC,OAAO,EAAE,KAAK;QACd,aAAa,EAAE,YAAE;QACjB,KAAK,EAAE;YACL,oEAAoE;YACpE,KAAK,EAAE;gBACL,iBAAiB,EAAE,oEAAoE;aACxF;YACD,GAAG,EAAE,CAAC;SACP;KACF,CAAC;IAEF,IAAI,GAAG,KAAK,SAAS,IAAI,GAAG,KAAK,SAAS,EAAE,CAAC;QAC3C,OAAO,CAAC,IAAI,GAAG,EAAE,CAAC;QAClB,IAAI,GAAG,KAAK,SAAS;YAAE,OAAO,CAAC,IAAI,CAAC,GAAG,GAAG,GAAG,CAAC;QAC9C,IAAI,GAAG,KAAK,SAAS;YAAE,OAAO,CAAC,IAAI,CAAC,GAAG,GAAG,GAAG,CAAC;IAChD,CAAC;IAED,OAAO,OAAO,CAAC;AACjB,CAAC,CAAC;AAvBW,QAAA,qBAAqB,yBAuBhC","sourcesContent":["import pg from \"pg\";\nimport { SequelizeOptions } from \"sequelize-typescript\";\n\nexport const commonSequelizeConfig = (\n  min?: number,\n  max?: number,\n): SequelizeOptions => {\n  const options: SequelizeOptions = {\n    logging: false,\n    dialectModule: pg,\n    retry: {\n      // Error types: https://sequelize.org/api/v6/identifiers.html#errors\n      match: [\n        /ConnectionError/, // Fix pg vercel bug: https://github.com/orgs/vercel/discussions/234\n      ],\n      max: 3,\n    },\n  };\n\n  if (min !== undefined || max !== undefined) {\n    options.pool = {};\n    if (min !== undefined) options.pool.min = min;\n    if (max !== undefined) options.pool.max = max;\n  }\n\n  return options;\n};\n"]},"_coverageSchema":"1a1c01bbd47fc00a2c39e90264f33305004495a9","hash":"df9b58c3c5ed9c8f68f3c6eded2c5df0fb7cdaa5","contentHash":"3a2fcd5062900b843d986edf01e4f0b9ab16799f2596a7481080a3b8a46e4bd4"}}