{"/app/src/api/database/db.ts":{"path":"/app/src/api/database/db.ts","statementMap":{"0":{"start":{"line":2,"column":22},"end":{"line":4,"column":1}},"1":{"start":{"line":3,"column":4},"end":{"line":3,"column":62}},"2":{"start":{"line":5,"column":0},"end":{"line":5,"column":62}},"3":{"start":{"line":10,"column":15},"end":{"line":10,"column":56}},"4":{"start":{"line":11,"column":16},"end":{"line":11,"column":58}},"5":{"start":{"line":12,"column":20},"end":{"line":12,"column":66}},"6":{"start":{"line":13,"column":21},"end":{"line":13,"column":68}},"7":{"start":{"line":14,"column":18},"end":{"line":14,"column":62}},"8":{"start":{"line":15,"column":21},"end":{"line":15,"column":68}},"9":{"start":{"line":16,"column":21},"end":{"line":16,"column":68}},"10":{"start":{"line":17,"column":20},"end":{"line":17,"column":66}},"11":{"start":{"line":18,"column":28},"end":{"line":18,"column":82}},"12":{"start":{"line":19,"column":22},"end":{"line":19,"column":70}},"13":{"start":{"line":20,"column":41},"end":{"line":20,"column":108}},"14":{"start":{"line":21,"column":19},"end":{"line":21,"column":64}},"15":{"start":{"line":22,"column":22},"end":{"line":22,"column":70}},"16":{"start":{"line":23,"column":29},"end":{"line":23,"column":88}},"17":{"start":{"line":24,"column":24},"end":{"line":24,"column":74}},"18":{"start":{"line":25,"column":32},"end":{"line":25,"column":90}},"19":{"start":{"line":26,"column":19},"end":{"line":26,"column":64}},"20":{"start":{"line":27,"column":16},"end":{"line":27,"column":58}},"21":{"start":{"line":28,"column":27},"end":{"line":28,"column":80}},"22":{"start":{"line":29,"column":27},"end":{"line":29,"column":80}},"23":{"start":{"line":30,"column":26},"end":{"line":30,"column":78}},"24":{"start":{"line":31,"column":31},"end":{"line":31,"column":88}},"25":{"start":{"line":32,"column":15},"end":{"line":32,"column":56}},"26":{"start":{"line":33,"column":25},"end":{"line":33,"column":76}},"27":{"start":{"line":34,"column":24},"end":{"line":34,"column":74}},"28":{"start":{"line":35,"column":23},"end":{"line":35,"column":72}},"29":{"start":{"line":36,"column":25},"end":{"line":36,"column":76}},"30":{"start":{"line":37,"column":23},"end":{"line":37,"column":72}},"31":{"start":{"line":38,"column":18},"end":{"line":38,"column":62}},"32":{"start":{"line":39,"column":14},"end":{"line":39,"column":54}},"33":{"start":{"line":40,"column":20},"end":{"line":40,"column":66}},"34":{"start":{"line":41,"column":19},"end":{"line":41,"column":64}},"35":{"start":{"line":42,"column":18},"end":{"line":42,"column":62}},"36":{"start":{"line":43,"column":29},"end":{"line":43,"column":84}},"37":{"start":{"line":44,"column":11},"end":{"line":79,"column":1}},"38":{"start":{"line":80,"column":0},"end":{"line":80,"column":21}}},"fnMap":{"0":{"name":"(anonymous_0)","decl":{"start":{"line":2,"column":56},"end":{"line":2,"column":57}},"loc":{"start":{"line":2,"column":71},"end":{"line":4,"column":1}},"line":2}},"branchMap":{"0":{"loc":{"start":{"line":2,"column":22},"end":{"line":4,"column":1}},"type":"binary-expr","locations":[{"start":{"line":2,"column":23},"end":{"line":2,"column":27}},{"start":{"line":2,"column":31},"end":{"line":2,"column":51}},{"start":{"line":2,"column":56},"end":{"line":4,"column":1}}],"line":2},"1":{"loc":{"start":{"line":3,"column":11},"end":{"line":3,"column":61}},"type":"cond-expr","locations":[{"start":{"line":3,"column":37},"end":{"line":3,"column":40}},{"start":{"line":3,"column":43},"end":{"line":3,"column":61}}],"line":3},"2":{"loc":{"start":{"line":3,"column":12},"end":{"line":3,"column":33}},"type":"binary-expr","locations":[{"start":{"line":3,"column":12},"end":{"line":3,"column":15}},{"start":{"line":3,"column":19},"end":{"line":3,"column":33}}],"line":3}},"s":{"0":1,"1":34,"2":1,"3":1,"4":1,"5":1,"6":1,"7":1,"8":1,"9":1,"10":1,"11":1,"12":1,"13":1,"14":1,"15":1,"16":1,"17":1,"18":1,"19":1,"20":1,"21":1,"22":1,"23":1,"24":1,"25":1,"26":1,"27":1,"28":1,"29":1,"30":1,"31":1,"32":1,"33":1,"34":1,"35":1,"36":1,"37":1,"38":1},"f":{"0":34},"b":{"0":[1,1,1],"1":[34,0],"2":[34,34]},"inputSourceMap":{"version":3,"file":"/app/src/api/database/db.ts","sources":["/app/src/api/database/db.ts"],"names":[],"mappings":";;;;;AAAA;;;GAGG;AACH,yDAAiC;AACjC,2DAAmC;AACnC,mEAA2C;AAC3C,qEAA6C;AAC7C,+DAAuC;AACvC,qEAA6C;AAC7C,qEAA6C;AAC7C,mEAA2C;AAC3C,mFAA2D;AAC3D,uEAA+C;AAC/C,6GAAqF;AACrF,iEAAyC;AACzC,uEAA+C;AAC/C,yFAAiE;AACjE,2EAAmD;AACnD,2FAAmE;AACnE,iEAAyC;AACzC,2DAAmC;AACnC,iFAAyD;AACzD,iFAAyD;AACzD,+EAAuD;AACvD,yFAAiE;AACjE,yDAAiC;AACjC,6EAAqD;AACrD,2EAAmD;AACnD,yEAAiD;AACjD,6EAAqD;AACrD,yEAAiD;AACjD,+DAAuC;AACvC,uDAA+B;AAC/B,mEAA2C;AAC3C,iEAAyC;AACzC,+DAAuC;AACvC,qFAA6D;AAE7D,MAAM,EAAE,GAAG;IACT,GAAG,EAAH,aAAG;IACH,SAAS,EAAT,mBAAS;IACT,QAAQ,EAAR,kBAAQ;IACR,OAAO,EAAP,iBAAO;IACP,kBAAkB,EAAlB,4BAAkB;IAClB,UAAU,EAAV,oBAAU;IACV,IAAI,EAAJ,cAAI;IACJ,KAAK,EAAL,eAAK;IACL,SAAS,EAAT,mBAAS;IACT,UAAU,EAAV,oBAAU;IACV,OAAO,EAAP,iBAAO;IACP,cAAc,EAAd,wBAAc;IACd,UAAU,EAAV,oBAAU;IACV,SAAS,EAAT,mBAAS;IACT,iBAAiB,EAAjB,2BAAiB;IACjB,8BAA8B,EAA9B,wCAA8B;IAC9B,WAAW,EAAX,qBAAW;IACX,QAAQ,EAAR,kBAAQ;IACR,WAAW,EAAX,qBAAW;IACX,kBAAkB,EAAlB,4BAAkB;IAClB,aAAa,EAAb,uBAAa;IACb,qBAAqB,EAArB,+BAAqB;IACrB,QAAQ,EAAR,kBAAQ;IACR,KAAK,EAAL,eAAK;IACL,gBAAgB,EAAhB,0BAAgB;IAChB,gBAAgB,EAAhB,0BAAgB;IAChB,eAAe,EAAf,yBAAe;IACf,oBAAoB,EAApB,8BAAoB;IACpB,IAAI,EAAJ,cAAI;IACJ,aAAa,EAAb,uBAAa;IACb,YAAY,EAAZ,sBAAY;IACZ,cAAc,EAAd,wBAAc;IACd,YAAY,EAAZ,sBAAY;IACZ,OAAO,EAAP,iBAAO;CACR,CAAC;AAEF,kBAAe,EAAE,CAAC","sourcesContent":["/**\n * TODO move rename folder `database` to `db`, rename this file to `db/index.ts`.\n * Register all the models in this file.\n */\nimport User from \"./models/User\";\nimport Group from \"./models/Group\";\nimport GroupUser from \"./models/GroupUser\";\nimport Transcript from \"./models/Transcript\";\nimport Summary from \"./models/Summary\";\nimport Mentorship from \"./models/Mentorship\";\nimport Assessment from \"./models/Assessment\";\nimport Interview from \"./models/Interview\";\nimport InterviewFeedback from \"./models/InterviewFeedback\";\nimport Calibration from \"./models/Calibration\";\nimport InterviewFeedbackUpdateAttempt from \"./models/InterviewFeedbackUpdateAttempt\";\nimport ChatRoom from \"./models/ChatRoom\";\nimport ChatMessage from \"./models/ChatMessage\";\nimport LandmarkAssessment from \"./models/map/LandmarkAssessment\";\nimport MentorBooking from \"./models/MentorBooking\";\nimport ScheduledNotification from \"./models/ScheduledNotification\";\nimport EventLog from \"./models/EventLog\";\nimport Kudos from \"./models/Kudos\";\nimport LastReadChatRoom from \"./models/LastReadChatRoom\";\nimport DraftChatMessage from \"./models/DraftChatMessage\";\nimport MentorSelection from \"./models/MentorSelection\";\nimport MentorSelectionBatch from \"./models/MentorSelectionBatch\";\nimport Task from \"./models/Task\";\nimport MeetingHistory from \"./models/MeetingHistory\";\nimport MatchFeedback from \"./models/MatchFeedback\";\nimport GlobalConfig from \"./models/GlobalConfig\";\nimport DeletedSummary from \"./models/DeletedSummary\";\nimport PearlStudent from \"./models/PearlStudent\";\nimport IdToken from \"./models/IdToken\";\nimport Org from \"./models/Org\";\nimport OrgMentor from \"./models/OrgMentor\";\nimport OrgOwner from \"./models/OrgOwner\";\nimport Project from \"./models/Project\";\nimport ProjectApplication from \"./models/ProjectApplication\";\n\nconst db = {\n  Org,\n  OrgMentor,\n  OrgOwner,\n  Project,\n  ProjectApplication,\n  Mentorship,\n  User,\n  Group,\n  GroupUser,\n  Transcript,\n  Summary,\n  MeetingHistory,\n  Assessment,\n  Interview,\n  InterviewFeedback,\n  InterviewFeedbackUpdateAttempt,\n  Calibration,\n  ChatRoom,\n  ChatMessage,\n  LandmarkAssessment,\n  MentorBooking,\n  ScheduledNotification,\n  EventLog,\n  Kudos,\n  LastReadChatRoom,\n  DraftChatMessage,\n  MentorSelection,\n  MentorSelectionBatch,\n  Task,\n  MatchFeedback,\n  GlobalConfig,\n  DeletedSummary,\n  PearlStudent,\n  IdToken,\n};\n\nexport default db;\n"]},"_coverageSchema":"1a1c01bbd47fc00a2c39e90264f33305004495a9","hash":"5111d7ba647fea3c5c2fdd867528633fcc6bfb56","contentHash":"53063cfaca452341b12eecc91ffca3f34cdaa4a434292c8ea710c0a8f6299d0b"},"/app/src/api/database/models/User.ts":{"path":"/app/src/api/database/models/User.ts","statementMap":{"0":{"start":{"line":2,"column":17},"end":{"line":7,"column":1}},"1":{"start":{"line":3,"column":12},"end":{"line":3,"column":28}},"2":{"start":{"line":3,"column":34},"end":{"line":3,"column":125}},"3":{"start":{"line":4,"column":4},"end":{"line":5,"column":150}},"4":{"start":{"line":4,"column":79},"end":{"line":4,"column":131}},"5":{"start":{"line":5,"column":9},"end":{"line":5,"column":150}},"6":{"start":{"line":5,"column":22},"end":{"line":5,"column":43}},"7":{"start":{"line":5,"column":58},"end":{"line":5,"column":150}},"8":{"start":{"line":5,"column":81},"end":{"line":5,"column":150}},"9":{"start":{"line":6,"column":4},"end":{"line":6,"column":66}},"10":{"start":{"line":8,"column":16},"end":{"line":16,"column":1}},"11":{"start":{"line":9,"column":28},"end":{"line":9,"column":110}},"12":{"start":{"line":9,"column":91},"end":{"line":9,"column":106}},"13":{"start":{"line":10,"column":4},"end":{"line":15,"column":7}},"14":{"start":{"line":11,"column":36},"end":{"line":11,"column":97}},"15":{"start":{"line":11,"column":42},"end":{"line":11,"column":70}},"16":{"start":{"line":11,"column":85},"end":{"line":11,"column":95}},"17":{"start":{"line":12,"column":35},"end":{"line":12,"column":100}},"18":{"start":{"line":12,"column":41},"end":{"line":12,"column":73}},"19":{"start":{"line":12,"column":88},"end":{"line":12,"column":98}},"20":{"start":{"line":13,"column":32},"end":{"line":13,"column":116}},"21":{"start":{"line":14,"column":8},"end":{"line":14,"column":78}},"22":{"start":{"line":17,"column":22},"end":{"line":19,"column":1}},"23":{"start":{"line":18,"column":4},"end":{"line":18,"column":62}},"24":{"start":{"line":20,"column":0},"end":{"line":20,"column":62}},"25":{"start":{"line":21,"column":31},"end":{"line":21,"column":62}},"26":{"start":{"line":22,"column":14},"end":{"line":22,"column":61}},"27":{"start":{"line":23,"column":20},"end":{"line":23,"column":40}},"28":{"start":{"line":24,"column":20},"end":{"line":24,"column":73}},"29":{"start":{"line":25,"column":15},"end":{"line":25,"column":46}},"30":{"start":{"line":26,"column":14},"end":{"line":26,"column":45}},"31":{"start":{"line":27,"column":20},"end":{"line":27,"column":59}},"32":{"start":{"line":28,"column":20},"end":{"line":28,"column":59}},"33":{"start":{"line":29,"column":21},"end":{"line":29,"column":61}},"34":{"start":{"line":30,"column":23},"end":{"line":30,"column":62}},"35":{"start":{"line":31,"column":25},"end":{"line":31,"column":66}},"36":{"start":{"line":32,"column":22},"end":{"line":32,"column":60}},"37":{"start":{"line":33,"column":20},"end":{"line":33,"column":56}},"38":{"start":{"line":34,"column":11},"end":{"line":43,"column":1}},"39":{"start":{"line":36,"column":8},"end":{"line":41,"column":11}},"40":{"start":{"line":37,"column":12},"end":{"line":37,"column":102}},"41":{"start":{"line":38,"column":12},"end":{"line":40,"column":31}},"42":{"start":{"line":44,"column":0},"end":{"line":50,"column":33}},"43":{"start":{"line":51,"column":0},"end":{"line":54,"column":36}},"44":{"start":{"line":55,"column":0},"end":{"line":58,"column":36}},"45":{"start":{"line":59,"column":0},"end":{"line":62,"column":44}},"46":{"start":{"line":63,"column":0},"end":{"line":66,"column":40}},"47":{"start":{"line":67,"column":0},"end":{"line":69,"column":35}},"48":{"start":{"line":70,"column":0},"end":{"line":72,"column":37}},"49":{"start":{"line":73,"column":0},"end":{"line":76,"column":34}},"50":{"start":{"line":77,"column":0},"end":{"line":79,"column":37}},"51":{"start":{"line":80,"column":0},"end":{"line":87,"column":36}},"52":{"start":{"line":88,"column":0},"end":{"line":90,"column":48}},"53":{"start":{"line":91,"column":0},"end":{"line":93,"column":51}},"54":{"start":{"line":94,"column":0},"end":{"line":96,"column":38}},"55":{"start":{"line":97,"column":0},"end":{"line":99,"column":43}},"56":{"start":{"line":100,"column":0},"end":{"line":103,"column":47}},"57":{"start":{"line":101,"column":49},"end":{"line":101,"column":53}},"58":{"start":{"line":104,"column":0},"end":{"line":106,"column":49}},"59":{"start":{"line":107,"column":0},"end":{"line":109,"column":41}},"60":{"start":{"line":110,"column":0},"end":{"line":112,"column":36}},"61":{"start":{"line":113,"column":0},"end":{"line":116,"column":39}},"62":{"start":{"line":115,"column":49},"end":{"line":115,"column":53}},"63":{"start":{"line":117,"column":0},"end":{"line":119,"column":36}},"64":{"start":{"line":120,"column":0},"end":{"line":122,"column":36}},"65":{"start":{"line":123,"column":0},"end":{"line":125,"column":44}},"66":{"start":{"line":126,"column":0},"end":{"line":128,"column":39}},"67":{"start":{"line":129,"column":0},"end":{"line":131,"column":49}},"68":{"start":{"line":132,"column":0},"end":{"line":134,"column":41}},"69":{"start":{"line":133,"column":46},"end":{"line":133,"column":65}},"70":{"start":{"line":135,"column":0},"end":{"line":137,"column":50}},"71":{"start":{"line":136,"column":46},"end":{"line":136,"column":66}},"72":{"start":{"line":138,"column":0},"end":{"line":140,"column":50}},"73":{"start":{"line":139,"column":46},"end":{"line":139,"column":66}},"74":{"start":{"line":141,"column":0},"end":{"line":143,"column":45}},"75":{"start":{"line":142,"column":48},"end":{"line":142,"column":52}},"76":{"start":{"line":144,"column":0},"end":{"line":146,"column":43}},"77":{"start":{"line":145,"column":48},"end":{"line":145,"column":52}},"78":{"start":{"line":147,"column":0},"end":{"line":149,"column":32}},"79":{"start":{"line":150,"column":0},"end":{"line":156,"column":9}},"80":{"start":{"line":157,"column":0},"end":{"line":157,"column":23}}},"fnMap":{"0":{"name":"(anonymous_0)","decl":{"start":{"line":2,"column":46},"end":{"line":2,"column":47}},"loc":{"start":{"line":2,"column":87},"end":{"line":7,"column":1}},"line":2},"1":{"name":"(anonymous_1)","decl":{"start":{"line":8,"column":44},"end":{"line":8,"column":45}},"loc":{"start":{"line":8,"column":89},"end":{"line":16,"column":1}},"line":8},"2":{"name":"adopt","decl":{"start":{"line":9,"column":13},"end":{"line":9,"column":18}},"loc":{"start":{"line":9,"column":26},"end":{"line":9,"column":112}},"line":9},"3":{"name":"(anonymous_3)","decl":{"start":{"line":9,"column":70},"end":{"line":9,"column":71}},"loc":{"start":{"line":9,"column":89},"end":{"line":9,"column":108}},"line":9},"4":{"name":"(anonymous_4)","decl":{"start":{"line":10,"column":36},"end":{"line":10,"column":37}},"loc":{"start":{"line":10,"column":63},"end":{"line":15,"column":5}},"line":10},"5":{"name":"fulfilled","decl":{"start":{"line":11,"column":17},"end":{"line":11,"column":26}},"loc":{"start":{"line":11,"column":34},"end":{"line":11,"column":99}},"line":11},"6":{"name":"rejected","decl":{"start":{"line":12,"column":17},"end":{"line":12,"column":25}},"loc":{"start":{"line":12,"column":33},"end":{"line":12,"column":102}},"line":12},"7":{"name":"step","decl":{"start":{"line":13,"column":17},"end":{"line":13,"column":21}},"loc":{"start":{"line":13,"column":30},"end":{"line":13,"column":118}},"line":13},"8":{"name":"(anonymous_8)","decl":{"start":{"line":17,"column":56},"end":{"line":17,"column":57}},"loc":{"start":{"line":17,"column":71},"end":{"line":19,"column":1}},"line":17},"9":{"name":"(anonymous_9)","decl":{"start":{"line":35,"column":4},"end":{"line":35,"column":5}},"loc":{"start":{"line":35,"column":40},"end":{"line":42,"column":5}},"line":35},"10":{"name":"(anonymous_10)","decl":{"start":{"line":36,"column":47},"end":{"line":36,"column":48}},"loc":{"start":{"line":36,"column":60},"end":{"line":41,"column":9}},"line":36},"11":{"name":"(anonymous_11)","decl":{"start":{"line":101,"column":43},"end":{"line":101,"column":44}},"loc":{"start":{"line":101,"column":49},"end":{"line":101,"column":53}},"line":101},"12":{"name":"(anonymous_12)","decl":{"start":{"line":115,"column":43},"end":{"line":115,"column":44}},"loc":{"start":{"line":115,"column":49},"end":{"line":115,"column":53}},"line":115},"13":{"name":"(anonymous_13)","decl":{"start":{"line":133,"column":40},"end":{"line":133,"column":41}},"loc":{"start":{"line":133,"column":46},"end":{"line":133,"column":65}},"line":133},"14":{"name":"(anonymous_14)","decl":{"start":{"line":136,"column":40},"end":{"line":136,"column":41}},"loc":{"start":{"line":136,"column":46},"end":{"line":136,"column":66}},"line":136},"15":{"name":"(anonymous_15)","decl":{"start":{"line":139,"column":40},"end":{"line":139,"column":41}},"loc":{"start":{"line":139,"column":46},"end":{"line":139,"column":66}},"line":139},"16":{"name":"(anonymous_16)","decl":{"start":{"line":142,"column":42},"end":{"line":142,"column":43}},"loc":{"start":{"line":142,"column":48},"end":{"line":142,"column":52}},"line":142},"17":{"name":"(anonymous_17)","decl":{"start":{"line":145,"column":42},"end":{"line":145,"column":43}},"loc":{"start":{"line":145,"column":48},"end":{"line":145,"column":52}},"line":145}},"branchMap":{"0":{"loc":{"start":{"line":2,"column":17},"end":{"line":7,"column":1}},"type":"binary-expr","locations":[{"start":{"line":2,"column":18},"end":{"line":2,"column":22}},{"start":{"line":2,"column":26},"end":{"line":2,"column":41}},{"start":{"line":2,"column":46},"end":{"line":7,"column":1}}],"line":2},"1":{"loc":{"start":{"line":3,"column":34},"end":{"line":3,"column":125}},"type":"cond-expr","locations":[{"start":{"line":3,"column":42},"end":{"line":3,"column":48}},{"start":{"line":3,"column":51},"end":{"line":3,"column":125}}],"line":3},"2":{"loc":{"start":{"line":3,"column":51},"end":{"line":3,"column":125}},"type":"cond-expr","locations":[{"start":{"line":3,"column":67},"end":{"line":3,"column":118}},{"start":{"line":3,"column":121},"end":{"line":3,"column":125}}],"line":3},"3":{"loc":{"start":{"line":4,"column":4},"end":{"line":5,"column":150}},"type":"if","locations":[{"start":{"line":4,"column":4},"end":{"line":5,"column":150}},{"start":{"line":5,"column":9},"end":{"line":5,"column":150}}],"line":4},"4":{"loc":{"start":{"line":4,"column":8},"end":{"line":4,"column":77}},"type":"binary-expr","locations":[{"start":{"line":4,"column":8},"end":{"line":4,"column":35}},{"start":{"line":4,"column":39},"end":{"line":4,"column":77}}],"line":4},"5":{"loc":{"start":{"line":5,"column":58},"end":{"line":5,"column":150}},"type":"if","locations":[{"start":{"line":5,"column":58},"end":{"line":5,"column":150}},{"start":{},"end":{}}],"line":5},"6":{"loc":{"start":{"line":5,"column":85},"end":{"line":5,"column":149}},"type":"binary-expr","locations":[{"start":{"line":5,"column":86},"end":{"line":5,"column":143}},{"start":{"line":5,"column":148},"end":{"line":5,"column":149}}],"line":5},"7":{"loc":{"start":{"line":5,"column":86},"end":{"line":5,"column":143}},"type":"cond-expr","locations":[{"start":{"line":5,"column":94},"end":{"line":5,"column":98}},{"start":{"line":5,"column":101},"end":{"line":5,"column":143}}],"line":5},"8":{"loc":{"start":{"line":5,"column":101},"end":{"line":5,"column":143}},"type":"cond-expr","locations":[{"start":{"line":5,"column":109},"end":{"line":5,"column":126}},{"start":{"line":5,"column":129},"end":{"line":5,"column":143}}],"line":5},"9":{"loc":{"start":{"line":6,"column":11},"end":{"line":6,"column":62}},"type":"binary-expr","locations":[{"start":{"line":6,"column":11},"end":{"line":6,"column":16}},{"start":{"line":6,"column":20},"end":{"line":6,"column":21}},{"start":{"line":6,"column":25},"end":{"line":6,"column":62}}],"line":6},"10":{"loc":{"start":{"line":8,"column":16},"end":{"line":16,"column":1}},"type":"binary-expr","locations":[{"start":{"line":8,"column":17},"end":{"line":8,"column":21}},{"start":{"line":8,"column":25},"end":{"line":8,"column":39}},{"start":{"line":8,"column":44},"end":{"line":16,"column":1}}],"line":8},"11":{"loc":{"start":{"line":9,"column":35},"end":{"line":9,"column":109}},"type":"cond-expr","locations":[{"start":{"line":9,"column":56},"end":{"line":9,"column":61}},{"start":{"line":9,"column":64},"end":{"line":9,"column":109}}],"line":9},"12":{"loc":{"start":{"line":10,"column":16},"end":{"line":10,"column":34}},"type":"binary-expr","locations":[{"start":{"line":10,"column":16},"end":{"line":10,"column":17}},{"start":{"line":10,"column":22},"end":{"line":10,"column":33}}],"line":10},"13":{"loc":{"start":{"line":13,"column":32},"end":{"line":13,"column":115}},"type":"cond-expr","locations":[{"start":{"line":13,"column":46},"end":{"line":13,"column":67}},{"start":{"line":13,"column":70},"end":{"line":13,"column":115}}],"line":13},"14":{"loc":{"start":{"line":14,"column":51},"end":{"line":14,"column":67}},"type":"binary-expr","locations":[{"start":{"line":14,"column":51},"end":{"line":14,"column":61}},{"start":{"line":14,"column":65},"end":{"line":14,"column":67}}],"line":14},"15":{"loc":{"start":{"line":17,"column":22},"end":{"line":19,"column":1}},"type":"binary-expr","locations":[{"start":{"line":17,"column":23},"end":{"line":17,"column":27}},{"start":{"line":17,"column":31},"end":{"line":17,"column":51}},{"start":{"line":17,"column":56},"end":{"line":19,"column":1}}],"line":17},"16":{"loc":{"start":{"line":18,"column":11},"end":{"line":18,"column":61}},"type":"cond-expr","locations":[{"start":{"line":18,"column":37},"end":{"line":18,"column":40}},{"start":{"line":18,"column":43},"end":{"line":18,"column":61}}],"line":18},"17":{"loc":{"start":{"line":18,"column":12},"end":{"line":18,"column":33}},"type":"binary-expr","locations":[{"start":{"line":18,"column":12},"end":{"line":18,"column":15}},{"start":{"line":18,"column":19},"end":{"line":18,"column":33}}],"line":18}},"s":{"0":1,"1":31,"2":31,"3":31,"4":31,"5":0,"6":0,"7":0,"8":0,"9":31,"10":1,"11":0,"12":0,"13":0,"14":0,"15":0,"16":0,"17":0,"18":0,"19":0,"20":0,"21":0,"22":1,"23":6,"24":1,"25":1,"26":1,"27":1,"28":1,"29":1,"30":1,"31":1,"32":1,"33":1,"34":1,"35":1,"36":1,"37":1,"38":1,"39":0,"40":0,"41":0,"42":1,"43":1,"44":1,"45":1,"46":1,"47":1,"48":1,"49":1,"50":1,"51":1,"52":1,"53":1,"54":1,"55":1,"56":1,"57":0,"58":1,"59":1,"60":1,"61":1,"62":0,"63":1,"64":1,"65":1,"66":1,"67":1,"68":1,"69":2,"70":1,"71":2,"72":1,"73":2,"74":1,"75":2,"76":1,"77":2,"78":1,"79":1,"80":1},"f":{"0":31,"1":0,"2":0,"3":0,"4":0,"5":0,"6":0,"7":0,"8":6,"9":0,"10":0,"11":0,"12":0,"13":2,"14":2,"15":2,"16":2,"17":2},"b":{"0":[1,1,1],"1":[1,30],"2":[1,29],"3":[31,0],"4":[31,31],"5":[0,0],"6":[0,0],"7":[0,0],"8":[0,0],"9":[31,30,1],"10":[1,1,1],"11":[0,0],"12":[0,0],"13":[0,0],"14":[0,0],"15":[1,1,1],"16":[6,0],"17":[6,6]},"inputSourceMap":{"version":3,"file":"/app/src/api/database/models/User.ts","sources":["/app/src/api/database/models/User.ts"],"names":[],"mappings":";;;;;;;;;;;;;;;;;;;;AACA,+DAc8B;AAC9B,8DAAsC;AACtC,yCAUmB;AACnB,0EAAkD;AAClD,+CAAoD;AACpD,8CAAoB;AACpB,4DAAoC;AACpC,4DAAoC;AACpC,8DAAsC;AACtC,+DAA2E;AAC3E,mEAGwC;AACxC,6DAAwE;AACxE,yDAAkE;AAOlE,IAAM,IAAI,GAAV,MAAM,IAAK,SAAQ,4BAAK;IA+HT,AAAb,MAAM,CAAO,aAAa,CAAC,IAAU,EAAE,OAAY;;YACjD,MAAM,mBAAS,CAAC,OAAO,iBACrB,KAAK,EAAE,EAAE,MAAM,EAAE,IAAI,CAAC,EAAE,EAAE,IACvB,OAAO,EACV,CAAC;YACH,MAAM,oBAAU,CAAC,OAAO,iBACtB,KAAK,EAAE;oBACL,CAAC,cAAE,CAAC,EAAE,CAAC,EAAE,CAAC,EAAE,QAAQ,EAAE,IAAI,CAAC,EAAE,EAAE,EAAE,EAAE,QAAQ,EAAE,IAAI,CAAC,EAAE,EAAE,CAAC;iBACxD,IACE,OAAO,EACV,CAAC;QACL,CAAC;KAAA;CACF,CAAA;AArIC;IALC,6BAAM;IACN,IAAA,6BAAM,EAAC,CAAC,CAAC;IACT,iCAAU;IACV,IAAA,8BAAO,EAAC,kBAAM,CAAC;IACf,IAAA,6BAAM,EAAC,gBAAI,CAAC;gCACgB;AAO7B;IAFC,6BAAM;IACN,IAAA,6BAAM,EAAC,kBAAM,CAAC;mCACM;AAMrB;IAFC,6BAAM;IACN,IAAA,6BAAM,EAAC,kBAAM,CAAC;mCACM;AAKrB;IAFC,6BAAM;IACN,IAAA,6BAAM,EAAC,kBAAM,CAAC;2CACc;AAK7B;IAFC,6BAAM;IACN,IAAA,6BAAM,EAAC,kBAAM,CAAC;uCACU;AAIzB;IADC,IAAA,6BAAM,EAAC,kBAAM,CAAC;kCACK;AAGpB;IADC,IAAA,6BAAM,EAAC,kBAAM,CAAC;oCACO;AAMtB;IAFC,6BAAM;IACN,IAAA,6BAAM,EAAC,kBAAM,CAAC;iCACI;AAOnB;IADC,IAAA,6BAAM,EAAC,kBAAM,CAAC;oCACO;AAQtB;IANC,IAAA,4BAAK,EAAC;QACL,KAAK,EAAE,KAAK;KACb,CAAC;IACD,IAAA,gCAAS,EAAC,KAAK,CAAC;IAChB,IAAA,8BAAO,EAAC,EAAE,CAAC;IACX,IAAA,mBAAS,EAAC,IAAA,iBAAK,EAAC,kBAAM,CAAC,EAAE,aAAM,CAAC;mCACnB;AAGd;IADC,IAAA,mBAAS,EAAC,iBAAK,EAAE,aAAC,CAAC,MAAM,CAAC,aAAC,CAAC,MAAM,EAAE,EAAE,aAAC,CAAC,GAAG,EAAE,CAAC,CAAC,OAAO,EAAE,CAAC;+CACZ;AAG9C;IADC,IAAA,mBAAS,EAAC,iBAAK,EAAE,aAAC,CAAC,MAAM,CAAC,aAAC,CAAC,MAAM,EAAE,EAAE,aAAC,CAAC,GAAG,EAAE,CAAC,CAAC,OAAO,EAAE,CAAC;kDACT;AAGjD;IADC,IAAA,mBAAS,EAAC,iBAAK,EAAE,0BAAY,CAAC,QAAQ,EAAE,CAAC;qCACd;AAI5B;IADC,IAAA,mBAAS,EAAC,kBAAM,EAAE,4BAAa,CAAC,QAAQ,EAAE,CAAC;0CACV;AAIlC;IAFC,IAAA,iCAAU,EAAC,GAAG,EAAE,CAAC,IAAI,CAAC;IACtB,IAAA,6BAAM,EAAC,gBAAI,CAAC;8CACmB;AAGhC;IADC,IAAA,mBAAS,EAAC,kBAAM,EAAE,aAAC,CAAC,MAAM,EAAE,CAAC,QAAQ,EAAE,CAAC;gDACP;AAGlC;IADC,IAAA,mBAAS,EAAC,iBAAK,EAAE,gCAAe,CAAC,QAAQ,EAAE,CAAC;wCACX;AAGlC;IADC,IAAA,mBAAS,EAAC,iBAAK,EAAE,sBAAU,CAAC,QAAQ,EAAE,CAAC;mCAChB;AAIxB;IAFC,IAAA,6BAAM,EAAC,gBAAI,CAAC;IACZ,IAAA,iCAAU,EAAC,GAAG,EAAE,CAAC,IAAI,CAAC;sCACC;AAGxB;IADC,IAAA,6BAAM,EAAC,mBAAO,CAAC;mCACF;AAGd;IADC,IAAA,6BAAM,EAAC,mBAAO,CAAC;mCACF;AAId;IADC,IAAA,6BAAM,EAAC,gBAAI,CAAC;2CACc;AAI3B;IADC,IAAA,6BAAM,EAAC,kBAAM,CAAC;sCACS;AAGxB;IADC,IAAA,6BAAM,EAAC,mBAAO,CAAC;gDACmB;AAOnC;IADC,IAAA,8BAAO,EAAC,GAAG,EAAE,CAAC,mBAAS,CAAC;wCACD;AAGxB;IADC,IAAA,8BAAO,EAAC,GAAG,EAAE,CAAC,oBAAU,EAAE,EAAE,UAAU,EAAE,UAAU,EAAE,CAAC;iDACpB;AAGlC;IADC,IAAA,8BAAO,EAAC,GAAG,EAAE,CAAC,oBAAU,EAAE,EAAE,UAAU,EAAE,UAAU,EAAE,CAAC;iDACpB;AAGlC;IADC,IAAA,gCAAS,EAAC,GAAG,EAAE,CAAC,IAAI,EAAE,EAAE,UAAU,EAAE,kBAAkB,EAAE,CAAC;4CAC9B;AAI5B;IADC,IAAA,gCAAS,EAAC,GAAG,EAAE,CAAC,IAAI,EAAE,EAAE,UAAU,EAAE,UAAU,EAAE,CAAC;0CACxB;AAGb;IADZ,oCAAa;+BAYb;AA1IG,IAAI;IALT,IAAA,4BAAK,EAAC;QACL,SAAS,EAAE,OAAO;QAClB,SAAS,EAAE,MAAM;KAClB,CAAC;IACD,aAAG;GACE,IAAI,CA2IT;AAED,kBAAe,IAAI,CAAC","sourcesContent":["import type { CreationOptional } from \"sequelize\";\nimport {\n  AllowNull,\n  BeforeDestroy,\n  Column,\n  HasMany,\n  Index,\n  Table,\n  Unique,\n  Model,\n  Default,\n  IsUUID,\n  PrimaryKey,\n  ForeignKey,\n  BelongsTo,\n} from \"sequelize-typescript\";\nimport Fix from \"../modelHelpers/Fix\";\nimport {\n  ARRAY,\n  BOOLEAN,\n  DATE,\n  INTEGER,\n  JSONB,\n  Op,\n  STRING,\n  UUID,\n  UUIDV4,\n} from \"sequelize\";\nimport ZodColumn from \"../modelHelpers/ZodColumn\";\nimport Role, { zRoles } from \"../../../shared/Role\";\nimport z from \"zod\";\nimport Interview from \"./Interview\";\nimport GroupUser from \"./GroupUser\";\nimport Mentorship from \"./Mentorship\";\nimport { MenteeStatus, zMenteeStatus } from \"../../../shared/MenteeStatus\";\nimport {\n  UserPreference,\n  zUserPreference,\n} from \"../../../shared/UserPreference\";\nimport { UserProfile, zUserProfile } from \"../../../shared/UserProfile\";\nimport { zUserState, UserState } from \"../../../shared/UserState\";\n\n@Table({\n  tableName: \"users\",\n  modelName: \"user\",\n})\n@Fix\nclass User extends Model {\n  @Unique\n  @IsUUID(4)\n  @PrimaryKey\n  @Default(UUIDV4)\n  @Column(UUID)\n  id: CreationOptional<string>;\n\n  // Standard E.164 phone number format such as \"+8613800138000\".\n  // This field uniquely identifies a person. See /s/why-phone.\n  // It is also the key to merge accounts. See phones.ts.\n  @Unique\n  @Column(STRING)\n  phone: string | null;\n\n  // Must be lower case. Otherwise next-auth may not recognize the user when\n  // the user uses emails in different case.\n  @Unique\n  @Column(STRING)\n  email: string | null;\n\n  // Used by WeChat auth. See WeChatProvider.ts and docs/WeChat.md.\n  @Unique\n  @Column(STRING)\n  wechatUnionId: string | null;\n\n  // Used by Yuantu SSO. See YuantuSsoProvider.ts\n  @Unique\n  @Column(STRING)\n  ssoUserId: string | null;\n\n  // Always use `formatUserName` to display user names.\n  @Column(STRING)\n  name: string | null;\n\n  @Column(STRING)\n  pinyin: string | null;\n\n  // Only uesrs with the Volutneer role can set up urls. A user doesn't lose\n  // the url after they are no longer a volunteer.\n  @Unique\n  @Column(STRING)\n  url: string | null;\n\n  // User defined WeChat ID, which is different from WeChat OpenID and UnionID\n  // and is not provided by WeChat auth API.\n  // Store it here as opposed to inside the profile column because in some cases\n  // we need to redact this field (and email field).\n  @Column(STRING)\n  wechat: string | null;\n\n  @Index({\n    using: \"gin\",\n  })\n  @AllowNull(false)\n  @Default([])\n  @ZodColumn(ARRAY(STRING), zRoles)\n  roles: Role[];\n\n  @ZodColumn(JSONB, z.record(z.string(), z.any()).nullish())\n  menteeApplication: Record<string, any> | null;\n\n  @ZodColumn(JSONB, z.record(z.string(), z.any()).nullish())\n  volunteerApplication: Record<string, any> | null;\n\n  @ZodColumn(JSONB, zUserProfile.nullable())\n  profile: UserProfile | null;\n\n  // `null` represents \"待审\"\n  @ZodColumn(STRING, zMenteeStatus.nullable())\n  menteeStatus: MenteeStatus | null;\n\n  @ForeignKey(() => User)\n  @Column(UUID)\n  pointOfContactId: string | null;\n\n  @ZodColumn(STRING, z.string().nullable())\n  pointOfContactNote: string | null;\n\n  @ZodColumn(JSONB, zUserPreference.nullable())\n  preference: UserPreference | null;\n\n  @ZodColumn(JSONB, zUserState.nullable())\n  state: UserState | null;\n\n  @Column(UUID)\n  @ForeignKey(() => User)\n  mergedTo: string | null;\n\n  @Column(INTEGER)\n  likes: number;\n\n  @Column(INTEGER)\n  kudos: number;\n\n  // Managed by next-auth\n  @Column(DATE)\n  emailVerified: Date | null;\n\n  // bcrypt password hash for password-based login\n  @Column(STRING)\n  password: string | null;\n\n  @Column(BOOLEAN)\n  avoidAsInterviewer: boolean | null;\n\n  /**\n   * Associations\n   */\n\n  @HasMany(() => Interview)\n  interviews: Interview[];\n\n  @HasMany(() => Mentorship, { foreignKey: \"mentorId\" })\n  mentorshipsAsMentor: Mentorship[];\n\n  @HasMany(() => Mentorship, { foreignKey: \"menteeId\" })\n  mentorshipsAsMentee: Mentorship[];\n\n  @BelongsTo(() => User, { foreignKey: \"pointOfContactId\" })\n  pointOfContact: User | null;\n\n  // TODO: rename `mergedTo` to `mergedToId` and rename this one to `mergedTo`\n  @BelongsTo(() => User, { foreignKey: \"mergedTo\" })\n  mergedToUser: User | null;\n\n  @BeforeDestroy\n  static async cascadeDelete(user: User, options: any) {\n    await GroupUser.destroy({\n      where: { userId: user.id },\n      ...options,\n    });\n    await Mentorship.destroy({\n      where: {\n        [Op.or]: [{ menteeId: user.id }, { mentorId: user.id }],\n      },\n      ...options,\n    });\n  }\n}\n\nexport default User;\n"]},"_coverageSchema":"1a1c01bbd47fc00a2c39e90264f33305004495a9","hash":"cfca80a8e63942c2f6e76b5f1bf4fc42303b5873","contentHash":"9d6868e629354adc8e629b4b105932f33863bf68cd5f9544d88d618c8f0533dd"},"/app/src/api/database/modelHelpers/Fix.ts":{"path":"/app/src/api/database/modelHelpers/Fix.ts","statementMap":{"0":{"start":{"line":9,"column":0},"end":{"line":9,"column":62}},"1":{"start":{"line":10,"column":0},"end":{"line":10,"column":22}},"2":{"start":{"line":12,"column":4},"end":{"line":48,"column":6}},"3":{"start":{"line":16,"column":12},"end":{"line":16,"column":56}},"4":{"start":{"line":17,"column":12},"end":{"line":17,"column":27}},"5":{"start":{"line":18,"column":34},"end":{"line":18,"column":71}},"6":{"start":{"line":19,"column":33},"end":{"line":19,"column":69}},"7":{"start":{"line":20,"column":12},"end":{"line":35,"column":15}},"8":{"start":{"line":23,"column":29},"end":{"line":23,"column":91}},"9":{"start":{"line":24,"column":16},"end":{"line":26,"column":17}},"10":{"start":{"line":25,"column":20},"end":{"line":25,"column":27}},"11":{"start":{"line":27,"column":16},"end":{"line":34,"column":19}},"12":{"start":{"line":29,"column":24},"end":{"line":29,"column":53}},"13":{"start":{"line":32,"column":24},"end":{"line":32,"column":53}},"14":{"start":{"line":36,"column":12},"end":{"line":46,"column":15}},"15":{"start":{"line":37,"column":16},"end":{"line":45,"column":19}},"16":{"start":{"line":39,"column":24},"end":{"line":39,"column":60}},"17":{"start":{"line":43,"column":24},"end":{"line":43,"column":61}}},"fnMap":{"0":{"name":"Fix","decl":{"start":{"line":11,"column":9},"end":{"line":11,"column":12}},"loc":{"start":{"line":11,"column":21},"end":{"line":49,"column":1}},"line":11},"1":{"name":"(anonymous_1)","decl":{"start":{"line":13,"column":8},"end":{"line":13,"column":9}},"loc":{"start":{"line":13,"column":29},"end":{"line":47,"column":9}},"line":13},"2":{"name":"(anonymous_2)","decl":{"start":{"line":20,"column":34},"end":{"line":20,"column":35}},"loc":{"start":{"line":20,"column":51},"end":{"line":35,"column":13}},"line":20},"3":{"name":"(anonymous_3)","decl":{"start":{"line":28,"column":20},"end":{"line":28,"column":21}},"loc":{"start":{"line":28,"column":26},"end":{"line":30,"column":21}},"line":28},"4":{"name":"(anonymous_4)","decl":{"start":{"line":31,"column":20},"end":{"line":31,"column":21}},"loc":{"start":{"line":31,"column":31},"end":{"line":33,"column":21}},"line":31},"5":{"name":"(anonymous_5)","decl":{"start":{"line":36,"column":33},"end":{"line":36,"column":34}},"loc":{"start":{"line":36,"column":50},"end":{"line":46,"column":13}},"line":36},"6":{"name":"(anonymous_6)","decl":{"start":{"line":38,"column":20},"end":{"line":38,"column":21}},"loc":{"start":{"line":38,"column":26},"end":{"line":40,"column":21}},"line":38},"7":{"name":"(anonymous_7)","decl":{"start":{"line":41,"column":20},"end":{"line":41,"column":21}},"loc":{"start":{"line":41,"column":31},"end":{"line":44,"column":21}},"line":41}},"branchMap":{"0":{"loc":{"start":{"line":24,"column":16},"end":{"line":26,"column":17}},"type":"if","locations":[{"start":{"line":24,"column":16},"end":{"line":26,"column":17}},{"start":{},"end":{}}],"line":24}},"s":{"0":1,"1":1,"2":3,"3":6,"4":6,"5":6,"6":6,"7":6,"8":156,"9":156,"10":0,"11":156,"12":16,"13":0,"14":6,"15":30,"16":0,"17":0},"f":{"0":3,"1":6,"2":156,"3":16,"4":0,"5":30,"6":0,"7":0},"b":{"0":[0,156]},"inputSourceMap":{"version":3,"file":"/app/src/api/database/modelHelpers/Fix.ts","sources":["/app/src/api/database/modelHelpers/Fix.ts"],"names":[],"mappings":";AAAA;;;;;;GAMG;;AAEH,sBA8CC;AA9CD,SAAwB,GAAG,CAAC,MAAW;IACrC,OAAO,KAAM,SAAQ,MAAM;QACzB,YAAY,GAAG,IAAW;YACxB,yEAAyE;YACzE,qHAAqH;YACrH,MAAM,CAAC,6BAA6B,GAAG,IAAI,CAAC;YAE5C,KAAK,CAAC,GAAG,IAAI,CAAC,CAAC;YAEf,MAAM,aAAa,GAAG,MAAM,CAAC,IAAI,CAAC,GAAG,CAAC,MAAM,CAAC,aAAa,CAAC,CAAC;YAC5D,MAAM,YAAY,GAAG,MAAM,CAAC,IAAI,CAAC,GAAG,CAAC,MAAM,CAAC,YAAY,CAAC,CAAC;YAE1D,aAAa,CAAC,OAAO,CAAC,CAAC,WAAW,EAAE,EAAE;gBACpC,qEAAqE;gBACrE,gEAAgE;gBAChE,MAAM,IAAI,GAAG,MAAM,CAAC,wBAAwB,CAC1C,MAAM,CAAC,SAAS,EAChB,WAAW,CACZ,CAAC;gBACF,IAAI,IAAI,EAAE,CAAC;oBACT,OAAO;gBACT,CAAC;gBAED,MAAM,CAAC,cAAc,CAAC,IAAI,EAAE,WAAW,EAAE;oBACvC,GAAG;wBACD,OAAO,IAAI,CAAC,GAAG,CAAC,WAAW,CAAC,CAAC;oBAC/B,CAAC;oBACD,GAAG,CAAC,KAAK;wBACP,IAAI,CAAC,GAAG,CAAC,WAAW,EAAE,KAAK,CAAC,CAAC;oBAC/B,CAAC;iBACF,CAAC,CAAC;YACL,CAAC,CAAC,CAAC;YAEH,YAAY,CAAC,OAAO,CAAC,CAAC,WAAW,EAAE,EAAE;gBACnC,MAAM,CAAC,cAAc,CAAC,IAAI,EAAE,WAAW,EAAE;oBACvC,GAAG;wBACD,OAAO,IAAI,CAAC,UAAU,CAAC,WAAW,CAAC,CAAC;oBACtC,CAAC;oBACD,GAAG,CAAC,KAAK;wBACP,4DAA4D;wBAC5D,IAAI,CAAC,UAAU,CAAC,WAAW,CAAC,GAAG,KAAK,CAAC;oBACvC,CAAC;iBACF,CAAC,CAAC;YACL,CAAC,CAAC,CAAC;QACL,CAAC;KACK,CAAC;AACX,CAAC","sourcesContent":["/**\n * A decorator that must be applied to every model definition to workaround\n * babel <> typescript incompatibility. See the following issue:\n * https://github.com/RobinBuschmann/sequelize-typescript/issues/612#issuecomment-491890977\n *\n * @param target model class\n */\n\nexport default function Fix(target: any): void {\n  return class extends target {\n    constructor(...args: any[]) {\n      // suppresses warning from here which is not applicable in our typescript\n      // environment: https://github.com/sequelize/sequelize/blob/00ced18c2cb2a8b99ae0ebf5669c124abb4c673d/src/model.js#L99\n      target._overwrittenAttributesChecked = true;\n\n      super(...args);\n\n      const rawAttributes = Object.keys(new.target.rawAttributes);\n      const associations = Object.keys(new.target.associations);\n\n      rawAttributes.forEach((propertyKey) => {\n        // check if we already defined getter/setter – if so, do not override\n        // QUESTION however the check does not work. console.log to see.\n        const desc = Object.getOwnPropertyDescriptor(\n          target.prototype,\n          propertyKey,\n        );\n        if (desc) {\n          return;\n        }\n\n        Object.defineProperty(this, propertyKey, {\n          get() {\n            return this.get(propertyKey);\n          },\n          set(value) {\n            this.set(propertyKey, value);\n          },\n        });\n      });\n\n      associations.forEach((propertyKey) => {\n        Object.defineProperty(this, propertyKey, {\n          get() {\n            return this.dataValues[propertyKey];\n          },\n          set(value) {\n            // sets without changing the \"changed\" flag for associations\n            this.dataValues[propertyKey] = value;\n          },\n        });\n      });\n    }\n  } as any;\n}\n"]},"_coverageSchema":"1a1c01bbd47fc00a2c39e90264f33305004495a9","hash":"9b461d23a55fe857a14c4cc63f3135a16352c9c0","contentHash":"6a29a8c4be2bc9a93dfcf7b14c76c61f67910ba1fb09dd96c860fb6ab08dde1e"},"/app/src/api/database/modelHelpers/ZodColumn.ts":{"path":"/app/src/api/database/modelHelpers/ZodColumn.ts","statementMap":{"0":{"start":{"line":2,"column":22},"end":{"line":4,"column":1}},"1":{"start":{"line":3,"column":4},"end":{"line":3,"column":62}},"2":{"start":{"line":5,"column":0},"end":{"line":5,"column":62}},"3":{"start":{"line":6,"column":0},"end":{"line":6,"column":105}},"4":{"start":{"line":7,"column":0},"end":{"line":7,"column":28}},"5":{"start":{"line":8,"column":28},"end":{"line":8,"column":95}},"6":{"start":{"line":9,"column":24},"end":{"line":9,"column":87}},"7":{"start":{"line":10,"column":28},"end":{"line":10,"column":102}},"8":{"start":{"line":11,"column":14},"end":{"line":11,"column":45}},"9":{"start":{"line":12,"column":31},"end":{"line":12,"column":62}},"10":{"start":{"line":15,"column":20},"end":{"line":15,"column":100}},"11":{"start":{"line":16,"column":8},"end":{"line":16,"column":19}},"12":{"start":{"line":19,"column":0},"end":{"line":19,"column":46}},"13":{"start":{"line":22,"column":20},"end":{"line":22,"column":100}},"14":{"start":{"line":23,"column":8},"end":{"line":23,"column":19}},"15":{"start":{"line":26,"column":0},"end":{"line":26,"column":46}},"16":{"start":{"line":29,"column":4},"end":{"line":31,"column":6}},"17":{"start":{"line":30,"column":8},"end":{"line":30,"column":206}},"18":{"start":{"line":35,"column":4},"end":{"line":45,"column":5}},"19":{"start":{"line":36,"column":8},"end":{"line":38,"column":10}},"20":{"start":{"line":41,"column":8},"end":{"line":41,"column":55}},"21":{"start":{"line":42,"column":8},"end":{"line":44,"column":9}},"22":{"start":{"line":43,"column":12},"end":{"line":43,"column":99}},"23":{"start":{"line":46,"column":24},"end":{"line":46,"column":118}},"24":{"start":{"line":47,"column":24},"end":{"line":47,"column":118}},"25":{"start":{"line":49,"column":4},"end":{"line":56,"column":5}},"26":{"start":{"line":50,"column":8},"end":{"line":51,"column":38}},"27":{"start":{"line":51,"column":12},"end":{"line":51,"column":38}},"28":{"start":{"line":52,"column":8},"end":{"line":53,"column":38}},"29":{"start":{"line":53,"column":12},"end":{"line":53,"column":38}},"30":{"start":{"line":54,"column":8},"end":{"line":54,"column":77}},"31":{"start":{"line":55,"column":8},"end":{"line":55,"column":15}},"32":{"start":{"line":57,"column":4},"end":{"line":89,"column":5}},"33":{"start":{"line":58,"column":8},"end":{"line":73,"column":10}},"34":{"start":{"line":60,"column":31},"end":{"line":60,"column":38}},"35":{"start":{"line":62,"column":12},"end":{"line":64,"column":13}},"36":{"start":{"line":63,"column":16},"end":{"line":63,"column":63}},"37":{"start":{"line":65,"column":24},"end":{"line":65,"column":55}},"38":{"start":{"line":66,"column":27},"end":{"line":66,"column":54}},"39":{"start":{"line":67,"column":12},"end":{"line":72,"column":13}},"40":{"start":{"line":68,"column":16},"end":{"line":68,"column":35}},"41":{"start":{"line":71,"column":16},"end":{"line":71,"column":77}},"42":{"start":{"line":74,"column":8},"end":{"line":82,"column":10}},"43":{"start":{"line":75,"column":27},"end":{"line":75,"column":49}},"44":{"start":{"line":76,"column":12},"end":{"line":81,"column":13}},"45":{"start":{"line":77,"column":16},"end":{"line":77,"column":61}},"46":{"start":{"line":80,"column":16},"end":{"line":80,"column":77}},"47":{"start":{"line":85,"column":8},"end":{"line":86,"column":38}},"48":{"start":{"line":86,"column":12},"end":{"line":86,"column":38}},"49":{"start":{"line":87,"column":8},"end":{"line":88,"column":38}},"50":{"start":{"line":88,"column":12},"end":{"line":88,"column":38}},"51":{"start":{"line":90,"column":4},"end":{"line":90,"column":73}},"52":{"start":{"line":94,"column":40},"end":{"line":117,"column":1}},"53":{"start":{"line":95,"column":27},"end":{"line":95,"column":62}},"54":{"start":{"line":97,"column":4},"end":{"line":102,"column":6}},"55":{"start":{"line":100,"column":8},"end":{"line":100,"column":33}},"56":{"start":{"line":101,"column":8},"end":{"line":101,"column":58}},"57":{"start":{"line":103,"column":26},"end":{"line":103,"column":60}},"58":{"start":{"line":105,"column":4},"end":{"line":116,"column":6}},"59":{"start":{"line":108,"column":8},"end":{"line":114,"column":9}},"60":{"start":{"line":110,"column":12},"end":{"line":110,"column":37}},"61":{"start":{"line":111,"column":12},"end":{"line":111,"column":36}},"62":{"start":{"line":113,"column":12},"end":{"line":113,"column":38}},"63":{"start":{"line":115,"column":8},"end":{"line":115,"column":57}},"64":{"start":{"line":118,"column":0},"end":{"line":118,"column":74}}},"fnMap":{"0":{"name":"(anonymous_0)","decl":{"start":{"line":2,"column":56},"end":{"line":2,"column":57}},"loc":{"start":{"line":2,"column":71},"end":{"line":4,"column":1}},"line":2},"1":{"name":"(anonymous_1)","decl":{"start":{"line":14,"column":4},"end":{"line":14,"column":5}},"loc":{"start":{"line":14,"column":45},"end":{"line":17,"column":5}},"line":14},"2":{"name":"(anonymous_2)","decl":{"start":{"line":21,"column":4},"end":{"line":21,"column":5}},"loc":{"start":{"line":21,"column":45},"end":{"line":24,"column":5}},"line":21},"3":{"name":"ZodColumn","decl":{"start":{"line":28,"column":9},"end":{"line":28,"column":18}},"loc":{"start":{"line":28,"column":47},"end":{"line":32,"column":1}},"line":28},"4":{"name":"(anonymous_4)","decl":{"start":{"line":29,"column":11},"end":{"line":29,"column":12}},"loc":{"start":{"line":29,"column":57},"end":{"line":31,"column":5}},"line":29},"5":{"name":"annotate","decl":{"start":{"line":33,"column":9},"end":{"line":33,"column":17}},"loc":{"start":{"line":33,"column":88},"end":{"line":91,"column":1}},"line":33},"6":{"name":"(anonymous_6)","decl":{"start":{"line":58,"column":22},"end":{"line":58,"column":23}},"loc":{"start":{"line":58,"column":34},"end":{"line":73,"column":9}},"line":58},"7":{"name":"(anonymous_7)","decl":{"start":{"line":74,"column":22},"end":{"line":74,"column":23}},"loc":{"start":{"line":74,"column":37},"end":{"line":82,"column":9}},"line":74},"8":{"name":"(anonymous_8)","decl":{"start":{"line":94,"column":40},"end":{"line":94,"column":41}},"loc":{"start":{"line":94,"column":46},"end":{"line":117,"column":1}},"line":94},"9":{"name":"(anonymous_9)","decl":{"start":{"line":97,"column":42},"end":{"line":97,"column":43}},"loc":{"start":{"line":97,"column":69},"end":{"line":102,"column":5}},"line":97},"10":{"name":"(anonymous_10)","decl":{"start":{"line":105,"column":41},"end":{"line":105,"column":42}},"loc":{"start":{"line":105,"column":68},"end":{"line":116,"column":5}},"line":105}},"branchMap":{"0":{"loc":{"start":{"line":2,"column":22},"end":{"line":4,"column":1}},"type":"binary-expr","locations":[{"start":{"line":2,"column":23},"end":{"line":2,"column":27}},{"start":{"line":2,"column":31},"end":{"line":2,"column":51}},{"start":{"line":2,"column":56},"end":{"line":4,"column":1}}],"line":2},"1":{"loc":{"start":{"line":3,"column":11},"end":{"line":3,"column":61}},"type":"cond-expr","locations":[{"start":{"line":3,"column":37},"end":{"line":3,"column":40}},{"start":{"line":3,"column":43},"end":{"line":3,"column":61}}],"line":3},"2":{"loc":{"start":{"line":3,"column":12},"end":{"line":3,"column":33}},"type":"binary-expr","locations":[{"start":{"line":3,"column":12},"end":{"line":3,"column":15}},{"start":{"line":3,"column":19},"end":{"line":3,"column":33}}],"line":3},"3":{"loc":{"start":{"line":30,"column":67},"end":{"line":30,"column":204}},"type":"cond-expr","locations":[{"start":{"line":30,"column":130},"end":{"line":30,"column":148}},{"start":{"line":30,"column":151},"end":{"line":30,"column":204}}],"line":30},"4":{"loc":{"start":{"line":30,"column":67},"end":{"line":30,"column":127}},"type":"binary-expr","locations":[{"start":{"line":30,"column":67},"end":{"line":30,"column":94}},{"start":{"line":30,"column":98},"end":{"line":30,"column":127}}],"line":30},"5":{"loc":{"start":{"line":35,"column":4},"end":{"line":45,"column":5}},"type":"if","locations":[{"start":{"line":35,"column":4},"end":{"line":45,"column":5}},{"start":{"line":40,"column":9},"end":{"line":45,"column":5}}],"line":35},"6":{"loc":{"start":{"line":42,"column":8},"end":{"line":44,"column":9}},"type":"if","locations":[{"start":{"line":42,"column":8},"end":{"line":44,"column":9}},{"start":{},"end":{}}],"line":42},"7":{"loc":{"start":{"line":46,"column":24},"end":{"line":46,"column":118}},"type":"cond-expr","locations":[{"start":{"line":46,"column":87},"end":{"line":46,"column":93}},{"start":{"line":46,"column":96},"end":{"line":46,"column":118}}],"line":46},"8":{"loc":{"start":{"line":46,"column":24},"end":{"line":46,"column":84}},"type":"binary-expr","locations":[{"start":{"line":46,"column":24},"end":{"line":46,"column":51}},{"start":{"line":46,"column":55},"end":{"line":46,"column":84}}],"line":46},"9":{"loc":{"start":{"line":47,"column":24},"end":{"line":47,"column":118}},"type":"cond-expr","locations":[{"start":{"line":47,"column":87},"end":{"line":47,"column":93}},{"start":{"line":47,"column":96},"end":{"line":47,"column":118}}],"line":47},"10":{"loc":{"start":{"line":47,"column":24},"end":{"line":47,"column":84}},"type":"binary-expr","locations":[{"start":{"line":47,"column":24},"end":{"line":47,"column":51}},{"start":{"line":47,"column":55},"end":{"line":47,"column":84}}],"line":47},"11":{"loc":{"start":{"line":49,"column":4},"end":{"line":56,"column":5}},"type":"if","locations":[{"start":{"line":49,"column":4},"end":{"line":56,"column":5}},{"start":{},"end":{}}],"line":49},"12":{"loc":{"start":{"line":50,"column":8},"end":{"line":51,"column":38}},"type":"if","locations":[{"start":{"line":50,"column":8},"end":{"line":51,"column":38}},{"start":{},"end":{}}],"line":50},"13":{"loc":{"start":{"line":52,"column":8},"end":{"line":53,"column":38}},"type":"if","locations":[{"start":{"line":52,"column":8},"end":{"line":53,"column":38}},{"start":{},"end":{}}],"line":52},"14":{"loc":{"start":{"line":57,"column":4},"end":{"line":89,"column":5}},"type":"if","locations":[{"start":{"line":57,"column":4},"end":{"line":89,"column":5}},{"start":{"line":84,"column":9},"end":{"line":89,"column":5}}],"line":57},"15":{"loc":{"start":{"line":62,"column":12},"end":{"line":64,"column":13}},"type":"if","locations":[{"start":{"line":62,"column":12},"end":{"line":64,"column":13}},{"start":{},"end":{}}],"line":62},"16":{"loc":{"start":{"line":67,"column":12},"end":{"line":72,"column":13}},"type":"if","locations":[{"start":{"line":67,"column":12},"end":{"line":72,"column":13}},{"start":{"line":70,"column":17},"end":{"line":72,"column":13}}],"line":67},"17":{"loc":{"start":{"line":76,"column":12},"end":{"line":81,"column":13}},"type":"if","locations":[{"start":{"line":76,"column":12},"end":{"line":81,"column":13}},{"start":{"line":79,"column":17},"end":{"line":81,"column":13}}],"line":76},"18":{"loc":{"start":{"line":85,"column":8},"end":{"line":86,"column":38}},"type":"if","locations":[{"start":{"line":85,"column":8},"end":{"line":86,"column":38}},{"start":{},"end":{}}],"line":85},"19":{"loc":{"start":{"line":87,"column":8},"end":{"line":88,"column":38}},"type":"if","locations":[{"start":{"line":87,"column":8},"end":{"line":88,"column":38}},{"start":{},"end":{}}],"line":87},"20":{"loc":{"start":{"line":108,"column":8},"end":{"line":114,"column":9}},"type":"if","locations":[{"start":{"line":108,"column":8},"end":{"line":114,"column":9}},{"start":{},"end":{}}],"line":108},"21":{"loc":{"start":{"line":111,"column":22},"end":{"line":111,"column":35}},"type":"binary-expr","locations":[{"start":{"line":111,"column":22},"end":{"line":111,"column":29}},{"start":{"line":111,"column":33},"end":{"line":111,"column":35}}],"line":111}},"s":{"0":1,"1":1,"2":1,"3":1,"4":1,"5":1,"6":1,"7":1,"8":1,"9":1,"10":0,"11":0,"12":1,"13":0,"14":0,"15":1,"16":20,"17":20,"18":20,"19":20,"20":0,"21":0,"22":0,"23":20,"24":20,"25":20,"26":0,"27":0,"28":0,"29":0,"30":0,"31":0,"32":20,"33":20,"34":5,"35":5,"36":0,"37":5,"38":5,"39":5,"40":5,"41":0,"42":20,"43":11,"44":11,"45":11,"46":0,"47":0,"48":0,"49":0,"50":0,"51":20,"52":1,"53":1,"54":1,"55":1,"56":1,"57":1,"58":1,"59":28,"60":1,"61":1,"62":1,"63":28,"64":1},"f":{"0":1,"1":0,"2":0,"3":20,"4":20,"5":20,"6":5,"7":11,"8":1,"9":1,"10":28},"b":{"0":[1,1,1],"1":[1,0],"2":[1,1],"3":[0,20],"4":[20,20],"5":[20,0],"6":[0,0],"7":[20,0],"8":[20,20],"9":[20,0],"10":[20,20],"11":[0,20],"12":[0,0],"13":[0,0],"14":[20,0],"15":[0,5],"16":[5,0],"17":[11,0],"18":[0,0],"19":[0,0],"20":[1,27],"21":[1,1]},"inputSourceMap":{"version":3,"file":"/app/src/api/database/modelHelpers/ZodColumn.ts","sources":["/app/src/api/database/modelHelpers/ZodColumn.ts"],"names":[],"mappings":";;;;;;AA2BA,4BAkBC;AA3CD,gGAAwF;AACxF,wFAAoG;AACpG,uGAA6F;AAC7F,8CAA8C;AAC9C,+DAA6C;AAM7C,MAAa,iBAAkB,SAAQ,KAAK;IAC1C,YAAY,YAAoB,EAAE,GAAQ,EAAE,QAAkB;QAC5D,MAAM,GAAG,GAAG,OAAO,YAAY,MAAM,IAAI,CAAC,SAAS,CAAC,GAAG,CAAC,eAAe,QAAQ,CAAC,QAAQ,EAAE,EAAE,CAAC;QAC7F,KAAK,CAAC,GAAG,CAAC,CAAC;IACb,CAAC;CACF;AALD,8CAKC;AAED,MAAa,iBAAkB,SAAQ,KAAK;IAC1C,YAAY,YAAoB,EAAE,GAAQ,EAAE,QAAkB;QAC5D,MAAM,GAAG,GAAG,OAAO,YAAY,MAAM,IAAI,CAAC,SAAS,CAAC,GAAG,CAAC,eAAe,QAAQ,CAAC,QAAQ,EAAE,EAAE,CAAC;QAC7F,KAAK,CAAC,GAAG,CAAC,CAAC;IACb,CAAC;CACF;AALD,8CAKC;AAED,gGAAgG;AAChG,SAAwB,SAAS,CAC/B,iBAAoC,EACpC,OAAmB;IAEnB,OAAO,CACL,MAAW,EACX,YAAoB,EACpB,kBAAuC,EACvC,EAAE;QACF,QAAQ,CACN,iBAAiB,EACjB,OAAO,EACP,MAAM,EACN,YAAY,EACZ,kBAAkB,aAAlB,kBAAkB,cAAlB,kBAAkB,GAChB,MAAM,CAAC,wBAAwB,CAAC,MAAM,EAAE,YAAY,CAAC,CACxD,CAAC;IACJ,CAAC,CAAC;AACJ,CAAC;AAED,SAAS,QAAQ,CACf,iBAAoC,EACpC,OAAmB,EACnB,MAAW,EACX,YAAoB,EACpB,kBAAuC;IAEvC,IAAI,OAA6C,CAAC;IAElD,IAAI,IAAA,8BAAU,EAAC,iBAAiB,CAAC,EAAE,CAAC;QAClC,OAAO,GAAG;YACR,IAAI,EAAE,iBAAiB;SACxB,CAAC;IACJ,CAAC;SAAM,CAAC;QACN,OAAO,qBAAS,iBAAiD,CAAE,CAAC;QAEpE,IAAI,CAAC,OAAO,CAAC,IAAI,EAAE,CAAC;YAClB,OAAO,CAAC,IAAI,GAAG,IAAA,4CAA4B,EAAC,MAAM,EAAE,YAAY,CAAC,CAAC;QACpE,CAAC;IACH,CAAC;IAED,MAAM,WAAW,GAAG,kBAAkB,aAAlB,kBAAkB,uBAAlB,kBAAkB,CAAE,GAAG,CAAC;IAC5C,MAAM,WAAW,GAAG,kBAAkB,aAAlB,kBAAkB,uBAAlB,kBAAkB,CAAE,GAAG,CAAC;IAE5C,wBAAwB;IACxB,IAAI,OAAO,CAAC,GAAG,CAAC,QAAQ,KAAK,YAAY,EAAE,CAAC;QAC1C,IAAI,WAAW;YAAE,OAAO,CAAC,GAAG,GAAG,WAAW,CAAC;QAC3C,IAAI,WAAW;YAAE,OAAO,CAAC,GAAG,GAAG,WAAW,CAAC;QAC3C,IAAA,gCAAY,EAAC,MAAM,EAAE,YAAY,EAAE,OAAO,CAAC,CAAC;QAC5C,OAAO;IACT,CAAC;IAED,IAAI,OAAO,EAAE,CAAC;QACZ,OAAO,CAAC,GAAG,GAAG;YACZ,+CAA+C;YAC/C,IAAI,YAAY,GAAG,OAAO,CAAC;YAC3B,mBAAmB;YACnB,IAAI,IAAI,CAAC,QAAQ,CAAC,UAAU,EAAE,CAAC;gBAC7B,YAAY,GAAG,aAAC,CAAC,QAAQ,CAAC,OAAO,CAAC,CAAC;YACrC,CAAC;YACD,MAAM,GAAG,GAAG,IAAI,CAAC,YAAY,CAAC,YAAY,CAAC,CAAC,CAAC,iDAAiD;YAC9F,MAAM,MAAM,GAAG,YAAY,CAAC,SAAS,CAAC,GAAG,CAAC,CAAC;YAC3C,IAAI,MAAM,CAAC,OAAO,KAAK,IAAI,EAAE,CAAC;gBAC5B,OAAO,MAAM,CAAC,IAAI,CAAC;YACrB,CAAC;iBAAM,CAAC;gBACN,MAAM,IAAI,iBAAiB,CAAC,YAAY,EAAE,GAAG,EAAE,MAAM,CAAC,KAAK,CAAC,CAAC;YAC/D,CAAC;QACH,CAAC,CAAC;QACF,OAAO,CAAC,GAAG,GAAG,UAAU,GAAQ;YAC9B,MAAM,MAAM,GAAG,OAAO,CAAC,SAAS,CAAC,GAAG,CAAC,CAAC;YACtC,IAAI,MAAM,CAAC,OAAO,KAAK,IAAI,EAAE,CAAC;gBAC5B,IAAI,CAAC,YAAY,CAAC,YAAY,EAAE,MAAM,CAAC,IAAI,CAAC,CAAC,CAAC,iDAAiD;YACjG,CAAC;iBAAM,CAAC;gBACN,MAAM,IAAI,iBAAiB,CAAC,YAAY,EAAE,GAAG,EAAE,MAAM,CAAC,KAAK,CAAC,CAAC;YAC/D,CAAC;QACH,CAAC,CAAC;IACJ,CAAC;SAAM,CAAC;QACN,IAAI,WAAW;YAAE,OAAO,CAAC,GAAG,GAAG,WAAW,CAAC;QAC3C,IAAI,WAAW;YAAE,OAAO,CAAC,GAAG,GAAG,WAAW,CAAC;IAC7C,CAAC;IAED,IAAA,gCAAY,EAAC,MAAM,EAAE,YAAY,EAAE,OAAO,CAAC,CAAC;AAC9C,CAAC;AAED,8EAA8E;AAC9E,+EAA+E;AACxE,MAAM,+BAA+B,GAAG,GAAG,EAAE;IAClD,MAAM,cAAc,GAAG,4BAAK,CAAC,MAAM,CAAC;IACpC,mBAAmB;IACnB,4BAAK,CAAC,MAAM,GAAG,UAAU,MAAM,EAAE,GAAG,IAAI;QACtC,gDAAgD;QAChD,mBAAmB;QACnB,MAAM,CAAC,UAAU,GAAG,IAAI,CAAC;QACzB,OAAO,cAAc,CAAC,IAAI,CAAC,IAAI,EAAE,MAAM,EAAE,GAAG,IAAI,CAAC,CAAC;IACpD,CAAC,CAAC;IAEF,MAAM,aAAa,GAAG,4BAAK,CAAC,KAAK,CAAC;IAClC,mBAAmB;IACnB,4BAAK,CAAC,KAAK,GAAG,UAAU,MAAM,EAAE,OAAO;QACrC,+CAA+C;QAC/C,mBAAmB;QACnB,IAAI,MAAM,CAAC,UAAU,EAAE,CAAC;YACtB,mBAAmB;YACnB,OAAO,MAAM,CAAC,UAAU,CAAC;YACzB,OAAO,GAAG,OAAO,IAAI,EAAE,CAAC;YACxB,mBAAmB;YACnB,OAAO,CAAC,UAAU,GAAG,IAAI,CAAC;QAC5B,CAAC;QACD,OAAO,aAAa,CAAC,IAAI,CAAC,IAAI,EAAE,MAAM,EAAE,OAAO,CAAC,CAAC;IACnD,CAAC,CAAC;AACJ,CAAC,CAAC;AAxBW,QAAA,+BAA+B,mCAwB1C","sourcesContent":["import sequelize, { ModelAttributeColumnOptions } from \"sequelize\";\n\nimport { addAttribute } from \"sequelize-typescript/dist/model/column/attribute-service\";\nimport { getSequelizeTypeByDesignType } from \"sequelize-typescript/dist/model/shared/model-service\";\nimport { isDataType } from \"sequelize-typescript/dist/sequelize/data-type/data-type-service\";\nimport z, { ZodError, ZodTypeAny } from \"zod\";\nimport { Model } from \"sequelize-typescript\";\n\ntype OptionsOrDataType =\n  | Partial<ModelAttributeColumnOptions>\n  | sequelize.DataType;\n\nexport class ZodColumnGetError extends Error {\n  constructor(propertyName: string, val: any, zodError: ZodError) {\n    const msg = `get ${propertyName} = ${JSON.stringify(val)}, got error ${zodError.toString()}`;\n    super(msg);\n  }\n}\n\nexport class ZodColumnSetError extends Error {\n  constructor(propertyName: string, val: any, zodError: ZodError) {\n    const msg = `set ${propertyName} = ${JSON.stringify(val)}, got error ${zodError.toString()}`;\n    super(msg);\n  }\n}\n\n// from https://github.com/sequelize/sequelize-typescript/blob/master/src/model/column/column.ts\nexport default function ZodColumn(\n  optionsOrDataType: OptionsOrDataType,\n  zodType: ZodTypeAny,\n) {\n  return (\n    target: any,\n    propertyName: string,\n    propertyDescriptor?: PropertyDescriptor,\n  ) => {\n    annotate(\n      optionsOrDataType,\n      zodType,\n      target,\n      propertyName,\n      propertyDescriptor ??\n        Object.getOwnPropertyDescriptor(target, propertyName),\n    );\n  };\n}\n\nfunction annotate(\n  optionsOrDataType: OptionsOrDataType,\n  zodType: ZodTypeAny,\n  target: any,\n  propertyName: string,\n  propertyDescriptor?: PropertyDescriptor,\n): void {\n  let options: Partial<ModelAttributeColumnOptions>;\n\n  if (isDataType(optionsOrDataType)) {\n    options = {\n      type: optionsOrDataType,\n    };\n  } else {\n    options = { ...(optionsOrDataType as ModelAttributeColumnOptions) };\n\n    if (!options.type) {\n      options.type = getSequelizeTypeByDesignType(target, propertyName);\n    }\n  }\n\n  const originalGet = propertyDescriptor?.get;\n  const originalSet = propertyDescriptor?.set;\n\n  // skip it in production\n  if (process.env.NODE_ENV === \"production\") {\n    if (originalGet) options.get = originalGet;\n    if (originalSet) options.set = originalSet;\n    addAttribute(target, propertyName, options);\n    return;\n  }\n\n  if (zodType) {\n    options.get = function () {\n      // console.log('this._options', this._options);\n      let finalZodType = zodType;\n      // @ts-expect-error\n      if (this._options._isPartial) {\n        finalZodType = z.optional(zodType);\n      }\n      const val = this.getDataValue(propertyName); // TODO how to call original property descriptor?\n      const parsed = finalZodType.safeParse(val);\n      if (parsed.success === true) {\n        return parsed.data;\n      } else {\n        throw new ZodColumnGetError(propertyName, val, parsed.error);\n      }\n    };\n    options.set = function (val: any) {\n      const parsed = zodType.safeParse(val);\n      if (parsed.success === true) {\n        this.setDataValue(propertyName, parsed.data); // TODO how to call original property descriptor?\n      } else {\n        throw new ZodColumnSetError(propertyName, val, parsed.error);\n      }\n    };\n  } else {\n    if (originalGet) options.get = originalGet;\n    if (originalSet) options.set = originalSet;\n  }\n\n  addAttribute(target, propertyName, options);\n}\n\n// Model.update may construct a partial model, causing zod validation failure.\n// original code: https://github.com/sequelize/sequelize/blob/main/src/model.js\nexport const hookIsPartialAfterSequelizeInit = () => {\n  const originalUpdate = Model.update;\n  // @ts-expect-error\n  Model.update = function (values, ...args) {\n    // console.log(\"Model.update\", values, ...args);\n    // @ts-expect-error\n    values._isPartial = true;\n    return originalUpdate.call(this, values, ...args);\n  };\n\n  const originalBuild = Model.build;\n  // @ts-expect-error\n  Model.build = function (values, options) {\n    // console.log(\"Model.build\", values, options);\n    // @ts-expect-error\n    if (values._isPartial) {\n      // @ts-expect-error\n      delete values._isPartial;\n      options = options || {};\n      // @ts-expect-error\n      options._isPartial = true;\n    }\n    return originalBuild.call(this, values, options);\n  };\n};\n"]},"_coverageSchema":"1a1c01bbd47fc00a2c39e90264f33305004495a9","hash":"9dcb0fced20b3f6fe733a8a6da83a7ca12950783","contentHash":"fe7b7ef93870bfc2ebce298680ba5f57d889a843b6fcc011572083b45c8bfc24"},"/app/src/shared/Role.ts":{"path":"/app/src/shared/Role.ts","statementMap":{"0":{"start":{"line":2,"column":22},"end":{"line":4,"column":1}},"1":{"start":{"line":3,"column":4},"end":{"line":3,"column":62}},"2":{"start":{"line":5,"column":0},"end":{"line":5,"column":62}},"3":{"start":{"line":6,"column":0},"end":{"line":6,"column":43}},"4":{"start":{"line":7,"column":0},"end":{"line":7,"column":34}},"5":{"start":{"line":8,"column":0},"end":{"line":8,"column":34}},"6":{"start":{"line":9,"column":0},"end":{"line":9,"column":34}},"7":{"start":{"line":10,"column":0},"end":{"line":10,"column":32}},"8":{"start":{"line":11,"column":0},"end":{"line":11,"column":26}},"9":{"start":{"line":12,"column":14},"end":{"line":12,"column":45}},"10":{"start":{"line":13,"column":0},"end":{"line":32,"column":2}},"11":{"start":{"line":33,"column":0},"end":{"line":33,"column":75}},"12":{"start":{"line":37,"column":21},"end":{"line":102,"column":1}},"13":{"start":{"line":104,"column":4},"end":{"line":104,"column":30}},"14":{"start":{"line":107,"column":4},"end":{"line":107,"column":42}},"15":{"start":{"line":113,"column":4},"end":{"line":114,"column":20}},"16":{"start":{"line":114,"column":8},"end":{"line":114,"column":20}},"17":{"start":{"line":115,"column":4},"end":{"line":116,"column":45}},"18":{"start":{"line":116,"column":8},"end":{"line":116,"column":45}},"19":{"start":{"line":117,"column":4},"end":{"line":117,"column":56}},"20":{"start":{"line":117,"column":33},"end":{"line":117,"column":54}},"21":{"start":{"line":123,"column":4},"end":{"line":123,"column":43}},"22":{"start":{"line":123,"column":31},"end":{"line":123,"column":41}},"23":{"start":{"line":129,"column":4},"end":{"line":129,"column":59}}},"fnMap":{"0":{"name":"(anonymous_0)","decl":{"start":{"line":2,"column":56},"end":{"line":2,"column":57}},"loc":{"start":{"line":2,"column":71},"end":{"line":4,"column":1}},"line":2},"1":{"name":"roleProfile","decl":{"start":{"line":103,"column":9},"end":{"line":103,"column":20}},"loc":{"start":{"line":103,"column":27},"end":{"line":105,"column":1}},"line":103},"2":{"name":"displayName","decl":{"start":{"line":106,"column":9},"end":{"line":106,"column":20}},"loc":{"start":{"line":106,"column":27},"end":{"line":108,"column":1}},"line":106},"3":{"name":"isPermitted","decl":{"start":{"line":112,"column":9},"end":{"line":112,"column":20}},"loc":{"start":{"line":112,"column":43},"end":{"line":118,"column":1}},"line":112},"4":{"name":"(anonymous_4)","decl":{"start":{"line":117,"column":26},"end":{"line":117,"column":27}},"loc":{"start":{"line":117,"column":33},"end":{"line":117,"column":54}},"line":117},"5":{"name":"removeRole","decl":{"start":{"line":122,"column":9},"end":{"line":122,"column":19}},"loc":{"start":{"line":122,"column":33},"end":{"line":124,"column":1}},"line":122},"6":{"name":"(anonymous_6)","decl":{"start":{"line":123,"column":24},"end":{"line":123,"column":25}},"loc":{"start":{"line":123,"column":31},"end":{"line":123,"column":41}},"line":123},"7":{"name":"addRole","decl":{"start":{"line":128,"column":9},"end":{"line":128,"column":16}},"loc":{"start":{"line":128,"column":30},"end":{"line":130,"column":1}},"line":128}},"branchMap":{"0":{"loc":{"start":{"line":2,"column":22},"end":{"line":4,"column":1}},"type":"binary-expr","locations":[{"start":{"line":2,"column":23},"end":{"line":2,"column":27}},{"start":{"line":2,"column":31},"end":{"line":2,"column":51}},{"start":{"line":2,"column":56},"end":{"line":4,"column":1}}],"line":2},"1":{"loc":{"start":{"line":3,"column":11},"end":{"line":3,"column":61}},"type":"cond-expr","locations":[{"start":{"line":3,"column":37},"end":{"line":3,"column":40}},{"start":{"line":3,"column":43},"end":{"line":3,"column":61}}],"line":3},"2":{"loc":{"start":{"line":3,"column":12},"end":{"line":3,"column":33}},"type":"binary-expr","locations":[{"start":{"line":3,"column":12},"end":{"line":3,"column":15}},{"start":{"line":3,"column":19},"end":{"line":3,"column":33}}],"line":3},"3":{"loc":{"start":{"line":113,"column":4},"end":{"line":114,"column":20}},"type":"if","locations":[{"start":{"line":113,"column":4},"end":{"line":114,"column":20}},{"start":{},"end":{}}],"line":113},"4":{"loc":{"start":{"line":115,"column":4},"end":{"line":116,"column":45}},"type":"if","locations":[{"start":{"line":115,"column":4},"end":{"line":116,"column":45}},{"start":{},"end":{}}],"line":115},"5":{"loc":{"start":{"line":129,"column":11},"end":{"line":129,"column":58}},"type":"cond-expr","locations":[{"start":{"line":129,"column":34},"end":{"line":129,"column":39}},{"start":{"line":129,"column":42},"end":{"line":129,"column":58}}],"line":129}},"s":{"0":1,"1":1,"2":1,"3":1,"4":1,"5":1,"6":1,"7":1,"8":1,"9":1,"10":1,"11":1,"12":1,"13":0,"14":2,"15":0,"16":0,"17":0,"18":0,"19":0,"20":0,"21":0,"22":0,"23":1},"f":{"0":1,"1":0,"2":2,"3":0,"4":0,"5":0,"6":0,"7":1},"b":{"0":[1,1,1],"1":[1,0],"2":[1,1],"3":[0,0],"4":[0,0],"5":[0,1]},"inputSourceMap":{"version":3,"file":"/app/src/shared/Role.ts","sources":["/app/src/shared/Role.ts"],"names":[],"mappings":";;;;;;AAyHA,kCAEC;AAED,kCAEC;AAKD,kCAIC;AAKD,gCAEC;AAKD,0BAEC;AAtJD,8CAAoB;AAEP,QAAA,QAAQ,GAAG;IACtB,uBAAuB;IAEvB,WAAW;IACX,YAAY;IACZ,UAAU;IAEV,cAAc;IAEd,oBAAoB;IACpB,iBAAiB;IACjB,oBAAoB;IAEpB,2DAA2D;IAC3D,qBAAqB;IACrB,8DAA8D;IAC9D,QAAQ;IACR,QAAQ;IACR,aAAa;IACb,WAAW;IAEX,2DAA2D;IAC3D,wBAAwB;IACxB,cAAc;CACN,CAAC;AAME,QAAA,MAAM,GAAG,aAAC,CAAC,KAAK,CAAC,aAAC,CAAC,IAAI,CAAC,gBAAQ,CAAC,CAAC,CAAC;AAEhD;;GAEG;AACH,MAAM,YAAY,GAed;IACF,qBAAqB,EAAE;QACrB,WAAW,EAAE,SAAS;QACtB,OAAO,EAAE,gBAAgB;KAC1B;IACD,SAAS,EAAE;QACT,WAAW,EAAE,OAAO;QACpB,OAAO,EAAE,UAAU;QACnB,wBAAwB,EAAE,IAAI;KAC/B;IACD,UAAU,EAAE;QACV,WAAW,EAAE,OAAO;QACpB,OAAO,EAAE,aAAa;QACtB,wBAAwB,EAAE,IAAI;KAC/B;IACD,QAAQ,EAAE;QACR,WAAW,EAAE,OAAO;QACpB,OAAO,EAAE,eAAe;KACzB;IACD,YAAY,EAAE;QACZ,WAAW,EAAE,OAAO;QACpB,OAAO,EAAE,QAAQ;KAClB;IAED,kBAAkB,EAAE;QAClB,WAAW,EAAE,UAAU;QACvB,OAAO,EAAE,eAAe;QACxB,wBAAwB,EAAE,IAAI;KAC/B;IACD,eAAe,EAAE;QACf,WAAW,EAAE,MAAM;QACnB,OAAO,EAAE,+BAA+B;QACxC,wBAAwB,EAAE,IAAI;KAC/B;IACD,kBAAkB,EAAE;QAClB,WAAW,EAAE,MAAM;QACnB,OAAO,EAAE,cAAc;QACvB,wBAAwB,EAAE,IAAI;KAC/B;IAED,MAAM,EAAE;QACN,WAAW,EAAE,IAAI;QACjB,OAAO,EAAE,QAAQ;QACjB,SAAS,EAAE,IAAI;KAChB;IACD,YAAY,EAAE;QACZ,WAAW,EAAE,MAAM;QACnB,OAAO,EAAE,eAAe;KACzB;IACD,mBAAmB,EAAE;QACnB,WAAW,EAAE,QAAQ;QACrB,OAAO,EAAE,iBAAiB;KAC3B;IACD,MAAM,EAAE;QACN,WAAW,EAAE,IAAI;QACjB,OAAO,EAAE,QAAQ;QACjB,SAAS,EAAE,IAAI;KAChB;IACD,WAAW,EAAE;QACX,WAAW,EAAE,KAAK;QAClB,OAAO,EAAE,YAAY;QACrB,SAAS,EAAE,IAAI;KAChB;IACD,SAAS,EAAE;QACT,WAAW,EAAE,KAAK;QAClB,OAAO,EAAE,aAAa;KACvB;CACF,CAAC;AAEF,SAAgB,WAAW,CAAC,IAAU;IACpC,OAAO,YAAY,CAAC,IAAI,CAAC,CAAC;AAC5B,CAAC;AAED,SAAgB,WAAW,CAAC,IAAU;IACpC,OAAO,YAAY,CAAC,IAAI,CAAC,CAAC,WAAW,CAAC;AACxC,CAAC;AAED;;GAEG;AACH,SAAgB,WAAW,CAAC,SAAiB,EAAE,SAAyB;IACtE,IAAI,SAAS,KAAK,SAAS;QAAE,OAAO,IAAI,CAAC;IACzC,IAAI,OAAO,SAAS,KAAK,QAAQ;QAAE,OAAO,SAAS,CAAC,QAAQ,CAAC,SAAS,CAAC,CAAC;IACxE,OAAO,SAAS,CAAC,IAAI,CAAC,CAAC,CAAC,EAAE,EAAE,CAAC,SAAS,CAAC,QAAQ,CAAC,CAAC,CAAC,CAAC,CAAC;AACtD,CAAC;AAED;;GAEG;AACH,SAAgB,UAAU,CAAC,KAAa,EAAE,IAAU;IAClD,OAAO,KAAK,CAAC,MAAM,CAAC,CAAC,CAAC,EAAE,EAAE,CAAC,CAAC,KAAK,IAAI,CAAC,CAAC;AACzC,CAAC;AAED;;GAEG;AACH,SAAgB,OAAO,CAAC,KAAa,EAAE,IAAU;IAC/C,OAAO,KAAK,CAAC,QAAQ,CAAC,IAAI,CAAC,CAAC,CAAC,CAAC,KAAK,CAAC,CAAC,CAAC,CAAC,GAAG,KAAK,EAAE,IAAI,CAAC,CAAC;AACzD,CAAC","sourcesContent":["import z from \"zod\";\n\nexport const allRoles = [\n  \"SystemAlertSubscriber\",\n\n  \"UserAdmin\",\n  \"GroupAdmin\",\n  \"OrgAdmin\",\n\n  \"ProjectAdmin\",\n\n  \"MentorshipAssessor\",\n  \"MentorshipAdmin\",\n  \"MentorshipOperator\",\n\n  // See `docs/Glossary.md` for the definitions of this type.\n  \"TransactionalMentor\",\n  // Mentor role is either a transactional or relational mentor.\n  \"Mentor\",\n  \"Mentee\",\n  \"Interviewer\",\n  \"Volunteer\",\n\n  // Deprecated. Only to display legacy senior mentors on the\n  // /mentors/manage page.\n  \"SeniorMentor\",\n] as const;\n\ntype Role = (typeof allRoles)[number];\n\nexport default Role;\n\nexport const zRoles = z.array(z.enum(allRoles));\n\n/**\n * Use `rp()` to access this object for type safety.\n */\nconst RoleProfiles: {\n  [key: string]: {\n    // Why not simply use displayName as the role key? We're too lazy to type\n    // Chinese characters everywhere.\n    displayName: string;\n\n    actions: string;\n\n    // If the role can be automatically added to or removed from users.\n    automatic?: boolean;\n\n    // If the role can access user data without explicit relations with the user\n    // (e.g. mentor-mentee relation)\n    privilegedUserDataAccess?: boolean;\n  };\n} = {\n  SystemAlertSubscriber: {\n    displayName: \"系统报警监听员\",\n    actions: \"接受并处理系统异常事件的报警\",\n  },\n  UserAdmin: {\n    displayName: \"用户管理员\",\n    actions: \"管理用户基本信息\",\n    privilegedUserDataAccess: true,\n  },\n  GroupAdmin: {\n    displayName: \"会议管理员\",\n    actions: \"管理会议分组和会议纪要\",\n    privilegedUserDataAccess: true,\n  },\n  OrgAdmin: {\n    displayName: \"机构管理员\",\n    actions: \"管理机构信息、成员和所有者\",\n  },\n  ProjectAdmin: {\n    displayName: \"项目管理员\",\n    actions: \"管理项目信息\",\n  },\n\n  MentorshipAssessor: {\n    displayName: \"一对一导师评估员\",\n    actions: \"跟踪评估一对一导师辅导效果\",\n    privilegedUserDataAccess: true,\n  },\n  MentorshipAdmin: {\n    displayName: \"运营主管\",\n    actions: \"管理学生信息、导师信息、面试信息、一对一学生导师匹配信息等\",\n    privilegedUserDataAccess: true,\n  },\n  MentorshipOperator: {\n    displayName: \"运营专员\",\n    actions: \"负责导师和学生活动的运营\",\n    privilegedUserDataAccess: true,\n  },\n\n  Mentor: {\n    displayName: \"导师\",\n    actions: \"辅助学子成长\",\n    automatic: true,\n  },\n  SeniorMentor: {\n    displayName: \"资深导师\",\n    actions: \"辅助学子成长，指导其他导师\",\n  },\n  TransactionalMentor: {\n    displayName: \"仅不定期导师\",\n    actions: \"仅做不定期服务，不参与学生匹配\",\n  },\n  Mentee: {\n    displayName: \"学生\",\n    actions: \"接受导师辅助\",\n    automatic: true,\n  },\n  Interviewer: {\n    displayName: \"面试官\",\n    actions: \"面试导师或学生候选人\",\n    automatic: true,\n  },\n  Volunteer: {\n    displayName: \"志愿者\",\n    actions: \"可以浏览其他志愿者信息\",\n  },\n};\n\nexport function roleProfile(role: Role) {\n  return RoleProfiles[role];\n}\n\nexport function displayName(role: Role) {\n  return RoleProfiles[role].displayName;\n}\n\n/**\n * @param permitted When absent, this function always returns true.\n */\nexport function isPermitted(userRoles: Role[], permitted?: Role | Role[]) {\n  if (permitted === undefined) return true;\n  if (typeof permitted === \"string\") return userRoles.includes(permitted);\n  return userRoles.some((r) => permitted.includes(r));\n}\n\n/**\n * TODO update codebase to use this function instead of manually removing roles\n */\nexport function removeRole(roles: Role[], role: Role) {\n  return roles.filter((r) => r !== role);\n}\n\n/**\n * TODO update codebase to use this function instead of manually adding roles\n */\nexport function addRole(roles: Role[], role: Role) {\n  return roles.includes(role) ? roles : [...roles, role];\n}\n"]},"_coverageSchema":"1a1c01bbd47fc00a2c39e90264f33305004495a9","hash":"22522b793ae7c9443462aa274d61e676ce7b4287","contentHash":"8802a550dfc0dd55716e2edc6cd5448a0ac664374d76a0294f03626a2b795352"},"/app/src/api/database/models/Interview.ts":{"path":"/app/src/api/database/models/Interview.ts","statementMap":{"0":{"start":{"line":2,"column":17},"end":{"line":7,"column":1}},"1":{"start":{"line":3,"column":12},"end":{"line":3,"column":28}},"2":{"start":{"line":3,"column":34},"end":{"line":3,"column":125}},"3":{"start":{"line":4,"column":4},"end":{"line":5,"column":150}},"4":{"start":{"line":4,"column":79},"end":{"line":4,"column":131}},"5":{"start":{"line":5,"column":9},"end":{"line":5,"column":150}},"6":{"start":{"line":5,"column":22},"end":{"line":5,"column":43}},"7":{"start":{"line":5,"column":58},"end":{"line":5,"column":150}},"8":{"start":{"line":5,"column":81},"end":{"line":5,"column":150}},"9":{"start":{"line":6,"column":4},"end":{"line":6,"column":66}},"10":{"start":{"line":8,"column":16},"end":{"line":16,"column":1}},"11":{"start":{"line":9,"column":28},"end":{"line":9,"column":110}},"12":{"start":{"line":9,"column":91},"end":{"line":9,"column":106}},"13":{"start":{"line":10,"column":4},"end":{"line":15,"column":7}},"14":{"start":{"line":11,"column":36},"end":{"line":11,"column":97}},"15":{"start":{"line":11,"column":42},"end":{"line":11,"column":70}},"16":{"start":{"line":11,"column":85},"end":{"line":11,"column":95}},"17":{"start":{"line":12,"column":35},"end":{"line":12,"column":100}},"18":{"start":{"line":12,"column":41},"end":{"line":12,"column":73}},"19":{"start":{"line":12,"column":88},"end":{"line":12,"column":98}},"20":{"start":{"line":13,"column":32},"end":{"line":13,"column":116}},"21":{"start":{"line":14,"column":8},"end":{"line":14,"column":78}},"22":{"start":{"line":17,"column":22},"end":{"line":19,"column":1}},"23":{"start":{"line":18,"column":4},"end":{"line":18,"column":62}},"24":{"start":{"line":20,"column":0},"end":{"line":20,"column":62}},"25":{"start":{"line":21,"column":31},"end":{"line":21,"column":62}},"26":{"start":{"line":22,"column":20},"end":{"line":22,"column":40}},"27":{"start":{"line":23,"column":15},"end":{"line":23,"column":49}},"28":{"start":{"line":24,"column":20},"end":{"line":24,"column":73}},"29":{"start":{"line":25,"column":28},"end":{"line":25,"column":75}},"30":{"start":{"line":26,"column":16},"end":{"line":26,"column":51}},"31":{"start":{"line":27,"column":24},"end":{"line":27,"column":64}},"32":{"start":{"line":28,"column":28},"end":{"line":28,"column":72}},"33":{"start":{"line":29,"column":22},"end":{"line":29,"column":63}},"34":{"start":{"line":30,"column":16},"end":{"line":46,"column":1}},"35":{"start":{"line":32,"column":8},"end":{"line":44,"column":11}},"36":{"start":{"line":33,"column":30},"end":{"line":37,"column":15}},"37":{"start":{"line":35,"column":34},"end":{"line":37,"column":14}},"38":{"start":{"line":36,"column":16},"end":{"line":36,"column":48}},"39":{"start":{"line":38,"column":30},"end":{"line":42,"column":15}},"40":{"start":{"line":40,"column":27},"end":{"line":42,"column":14}},"41":{"start":{"line":41,"column":16},"end":{"line":41,"column":41}},"42":{"start":{"line":43,"column":12},"end":{"line":43,"column":60}},"43":{"start":{"line":47,"column":0},"end":{"line":53,"column":38}},"44":{"start":{"line":54,"column":0},"end":{"line":57,"column":40}},"45":{"start":{"line":58,"column":0},"end":{"line":62,"column":49}},"46":{"start":{"line":59,"column":49},"end":{"line":59,"column":63}},"47":{"start":{"line":63,"column":0},"end":{"line":66,"column":49}},"48":{"start":{"line":64,"column":49},"end":{"line":64,"column":70}},"49":{"start":{"line":67,"column":0},"end":{"line":69,"column":44}},"50":{"start":{"line":70,"column":0},"end":{"line":72,"column":53}},"51":{"start":{"line":73,"column":0},"end":{"line":75,"column":47}},"52":{"start":{"line":74,"column":48},"end":{"line":74,"column":69}},"53":{"start":{"line":76,"column":0},"end":{"line":78,"column":47}},"54":{"start":{"line":77,"column":48},"end":{"line":77,"column":62}},"55":{"start":{"line":79,"column":0},"end":{"line":81,"column":45}},"56":{"start":{"line":80,"column":46},"end":{"line":80,"column":73}},"57":{"start":{"line":82,"column":0},"end":{"line":84,"column":41}},"58":{"start":{"line":83,"column":45},"end":{"line":83,"column":60}},"59":{"start":{"line":85,"column":0},"end":{"line":87,"column":38}},"60":{"start":{"line":88,"column":0},"end":{"line":90,"column":14}},"61":{"start":{"line":91,"column":0},"end":{"line":91,"column":28}}},"fnMap":{"0":{"name":"(anonymous_0)","decl":{"start":{"line":2,"column":46},"end":{"line":2,"column":47}},"loc":{"start":{"line":2,"column":87},"end":{"line":7,"column":1}},"line":2},"1":{"name":"(anonymous_1)","decl":{"start":{"line":8,"column":44},"end":{"line":8,"column":45}},"loc":{"start":{"line":8,"column":89},"end":{"line":16,"column":1}},"line":8},"2":{"name":"adopt","decl":{"start":{"line":9,"column":13},"end":{"line":9,"column":18}},"loc":{"start":{"line":9,"column":26},"end":{"line":9,"column":112}},"line":9},"3":{"name":"(anonymous_3)","decl":{"start":{"line":9,"column":70},"end":{"line":9,"column":71}},"loc":{"start":{"line":9,"column":89},"end":{"line":9,"column":108}},"line":9},"4":{"name":"(anonymous_4)","decl":{"start":{"line":10,"column":36},"end":{"line":10,"column":37}},"loc":{"start":{"line":10,"column":63},"end":{"line":15,"column":5}},"line":10},"5":{"name":"fulfilled","decl":{"start":{"line":11,"column":17},"end":{"line":11,"column":26}},"loc":{"start":{"line":11,"column":34},"end":{"line":11,"column":99}},"line":11},"6":{"name":"rejected","decl":{"start":{"line":12,"column":17},"end":{"line":12,"column":25}},"loc":{"start":{"line":12,"column":33},"end":{"line":12,"column":102}},"line":12},"7":{"name":"step","decl":{"start":{"line":13,"column":17},"end":{"line":13,"column":21}},"loc":{"start":{"line":13,"column":30},"end":{"line":13,"column":118}},"line":13},"8":{"name":"(anonymous_8)","decl":{"start":{"line":17,"column":56},"end":{"line":17,"column":57}},"loc":{"start":{"line":17,"column":71},"end":{"line":19,"column":1}},"line":17},"9":{"name":"(anonymous_9)","decl":{"start":{"line":31,"column":4},"end":{"line":31,"column":5}},"loc":{"start":{"line":31,"column":38},"end":{"line":45,"column":5}},"line":31},"10":{"name":"(anonymous_10)","decl":{"start":{"line":32,"column":47},"end":{"line":32,"column":48}},"loc":{"start":{"line":32,"column":60},"end":{"line":44,"column":9}},"line":32},"11":{"name":"(anonymous_11)","decl":{"start":{"line":35,"column":20},"end":{"line":35,"column":21}},"loc":{"start":{"line":35,"column":34},"end":{"line":37,"column":14}},"line":35},"12":{"name":"(anonymous_12)","decl":{"start":{"line":35,"column":66},"end":{"line":35,"column":67}},"loc":{"start":{"line":35,"column":79},"end":{"line":37,"column":13}},"line":35},"13":{"name":"(anonymous_13)","decl":{"start":{"line":40,"column":20},"end":{"line":40,"column":21}},"loc":{"start":{"line":40,"column":27},"end":{"line":42,"column":14}},"line":40},"14":{"name":"(anonymous_14)","decl":{"start":{"line":40,"column":59},"end":{"line":40,"column":60}},"loc":{"start":{"line":40,"column":72},"end":{"line":42,"column":13}},"line":40},"15":{"name":"(anonymous_15)","decl":{"start":{"line":59,"column":43},"end":{"line":59,"column":44}},"loc":{"start":{"line":59,"column":49},"end":{"line":59,"column":63}},"line":59},"16":{"name":"(anonymous_16)","decl":{"start":{"line":64,"column":43},"end":{"line":64,"column":44}},"loc":{"start":{"line":64,"column":49},"end":{"line":64,"column":70}},"line":64},"17":{"name":"(anonymous_17)","decl":{"start":{"line":74,"column":42},"end":{"line":74,"column":43}},"loc":{"start":{"line":74,"column":48},"end":{"line":74,"column":69}},"line":74},"18":{"name":"(anonymous_18)","decl":{"start":{"line":77,"column":42},"end":{"line":77,"column":43}},"loc":{"start":{"line":77,"column":48},"end":{"line":77,"column":62}},"line":77},"19":{"name":"(anonymous_19)","decl":{"start":{"line":80,"column":40},"end":{"line":80,"column":41}},"loc":{"start":{"line":80,"column":46},"end":{"line":80,"column":73}},"line":80},"20":{"name":"(anonymous_20)","decl":{"start":{"line":83,"column":39},"end":{"line":83,"column":40}},"loc":{"start":{"line":83,"column":45},"end":{"line":83,"column":60}},"line":83}},"branchMap":{"0":{"loc":{"start":{"line":2,"column":17},"end":{"line":7,"column":1}},"type":"binary-expr","locations":[{"start":{"line":2,"column":18},"end":{"line":2,"column":22}},{"start":{"line":2,"column":26},"end":{"line":2,"column":41}},{"start":{"line":2,"column":46},"end":{"line":7,"column":1}}],"line":2},"1":{"loc":{"start":{"line":3,"column":34},"end":{"line":3,"column":125}},"type":"cond-expr","locations":[{"start":{"line":3,"column":42},"end":{"line":3,"column":48}},{"start":{"line":3,"column":51},"end":{"line":3,"column":125}}],"line":3},"2":{"loc":{"start":{"line":3,"column":51},"end":{"line":3,"column":125}},"type":"cond-expr","locations":[{"start":{"line":3,"column":67},"end":{"line":3,"column":118}},{"start":{"line":3,"column":121},"end":{"line":3,"column":125}}],"line":3},"3":{"loc":{"start":{"line":4,"column":4},"end":{"line":5,"column":150}},"type":"if","locations":[{"start":{"line":4,"column":4},"end":{"line":5,"column":150}},{"start":{"line":5,"column":9},"end":{"line":5,"column":150}}],"line":4},"4":{"loc":{"start":{"line":4,"column":8},"end":{"line":4,"column":77}},"type":"binary-expr","locations":[{"start":{"line":4,"column":8},"end":{"line":4,"column":35}},{"start":{"line":4,"column":39},"end":{"line":4,"column":77}}],"line":4},"5":{"loc":{"start":{"line":5,"column":58},"end":{"line":5,"column":150}},"type":"if","locations":[{"start":{"line":5,"column":58},"end":{"line":5,"column":150}},{"start":{},"end":{}}],"line":5},"6":{"loc":{"start":{"line":5,"column":85},"end":{"line":5,"column":149}},"type":"binary-expr","locations":[{"start":{"line":5,"column":86},"end":{"line":5,"column":143}},{"start":{"line":5,"column":148},"end":{"line":5,"column":149}}],"line":5},"7":{"loc":{"start":{"line":5,"column":86},"end":{"line":5,"column":143}},"type":"cond-expr","locations":[{"start":{"line":5,"column":94},"end":{"line":5,"column":98}},{"start":{"line":5,"column":101},"end":{"line":5,"column":143}}],"line":5},"8":{"loc":{"start":{"line":5,"column":101},"end":{"line":5,"column":143}},"type":"cond-expr","locations":[{"start":{"line":5,"column":109},"end":{"line":5,"column":126}},{"start":{"line":5,"column":129},"end":{"line":5,"column":143}}],"line":5},"9":{"loc":{"start":{"line":6,"column":11},"end":{"line":6,"column":62}},"type":"binary-expr","locations":[{"start":{"line":6,"column":11},"end":{"line":6,"column":16}},{"start":{"line":6,"column":20},"end":{"line":6,"column":21}},{"start":{"line":6,"column":25},"end":{"line":6,"column":62}}],"line":6},"10":{"loc":{"start":{"line":8,"column":16},"end":{"line":16,"column":1}},"type":"binary-expr","locations":[{"start":{"line":8,"column":17},"end":{"line":8,"column":21}},{"start":{"line":8,"column":25},"end":{"line":8,"column":39}},{"start":{"line":8,"column":44},"end":{"line":16,"column":1}}],"line":8},"11":{"loc":{"start":{"line":9,"column":35},"end":{"line":9,"column":109}},"type":"cond-expr","locations":[
[...]
 {\n        headers: { \"Content-Type\": \"multipart/form-data\" },\n      }),\n    );\n  }\n\n  const international = templateData.filter(\n    (t) => !t.to.startsWith(chinaPhonePrefix),\n  );\n  if (international.length > 0) {\n    const appid = process.env.SUBMAIL_INTERNATIONAL_APP_ID;\n    const appKey = process.env.SUBMAIL_INTERNATIONAL_APP_KEY;\n    if (!appKey || !appid) {\n      console.log(\"International Submail not configured. Skip actual API.\");\n      return;\n    }\n\n    const form = new FormData();\n    form.append(\"appid\", appid);\n    form.append(\"signature\", appKey);\n    form.append(\"project\", internationalTemplateId);\n    form.append(\"multi\", JSON.stringify(international));\n\n    // https://www.mysubmail.com/documents/B70hy\n    const response = await axios.post(\n      \"https://api-v4.mysubmail.com/internationalsms/multixsend\",\n      form,\n      { headers: { \"Content-Type\": \"multipart/form-data\" } },\n    );\n\n    /**\n     * Ignore errors for international SMS that is not for phone verification.\n     * This is because Submail.com doesn't guarantee the delivery of these SMS.\n     * For each country, Submail.com may need the service provider to obtain\n     * permits from that country's mobile operators first to send\n     * non-verification SMS to that country.\n     */\n    handleResponse(\n      response,\n      internationalTemplateId !== idTokenInternationalSmsTemplateId,\n    );\n  }\n}\n\nfunction handleResponse(response: AxiosResponse, ignoreError: boolean = false) {\n  if (response.status !== 200) {\n    console.log(\n      `部分短信发送失败（忽略错误=${ignoreError}）：`,\n      response.status,\n      response.data,\n    );\n    if (!ignoreError) throw internalServerError(\"短信发送失败。请联系客服。\");\n  }\n\n  const zResult = z.object({\n    status: z.string(),\n    code: z.number().optional(),\n    msg: z.string().optional(),\n  });\n\n  // Handle either a single result or an array of multiple results\n  const result = z.union([zResult, z.array(zResult)]).parse(response.data);\n  const results = Array.isArray(result) ? result : [result];\n\n  if (results.some((r) => r.status !== \"success\")) {\n    console.log(`部分短信发送失败（忽略错误=${ignoreError}）：`, results);\n    if (!ignoreError) throw internalServerError(\"短信发送失败。请联系客服。\");\n  }\n}\n\n/**\n * Uncomment to debug. Command:\n *\n *  $ npx ts-node <filepath>\n */\n// async function main() {\n//   // Parse .env file for local development\n//   // eslint-disable-next-line @typescript-eslint/no-require-imports\n//   require(\"dotenv\").config();\n//   await sms(\"rw7iV2\", [{ to: \"15000000000\", vars: { name: \"你好\" } }]);\n// }\n// void main().then(() => console.log(\"done\"));\n"]},"_coverageSchema":"1a1c01bbd47fc00a2c39e90264f33305004495a9","hash":"77f24067c1144b134e9b201d0cee51a375ef6f0c","contentHash":"9e56b633d0d73c03052068ced81afc699e22a835096173cf36adda246e7382de"},"/app/src/api/email.ts":{"path":"/app/src/api/email.ts","statementMap":{"0":{"start":{"line":2,"column":16},"end":{"line":10,"column":1}},"1":{"start":{"line":3,"column":28},"end":{"line":3,"column":110}},"2":{"start":{"line":3,"column":91},"end":{"line":3,"column":106}},"3":{"start":{"line":4,"column":4},"end":{"line":9,"column":7}},"4":{"start":{"line":5,"column":36},"end":{"line":5,"column":97}},"5":{"start":{"line":5,"column":42},"end":{"line":5,"column":70}},"6":{"start":{"line":5,"column":85},"end":{"line":5,"column":95}},"7":{"start":{"line":6,"column":35},"end":{"line":6,"column":100}},"8":{"start":{"line":6,"column":41},"end":{"line":6,"column":73}},"9":{"start":{"line":6,"column":88},"end":{"line":6,"column":98}},"10":{"start":{"line":7,"column":32},"end":{"line":7,"column":116}},"11":{"start":{"line":8,"column":8},"end":{"line":8,"column":78}},"12":{"start":{"line":11,"column":22},"end":{"line":13,"column":1}},"13":{"start":{"line":12,"column":4},"end":{"line":12,"column":62}},"14":{"start":{"line":14,"column":0},"end":{"line":14,"column":62}},"15":{"start":{"line":15,"column":0},"end":{"line":15,"column":22}},"16":{"start":{"line":20,"column":14},"end":{"line":20,"column":45}},"17":{"start":{"line":21,"column":16},"end":{"line":21,"column":49}},"18":{"start":{"line":22,"column":17},"end":{"line":22,"column":36}},"19":{"start":{"line":27,"column":4},"end":{"line":79,"column":7}},"20":{"start":{"line":29,"column":8},"end":{"line":30,"column":19}},"21":{"start":{"line":30,"column":12},"end":{"line":30,"column":19}},"22":{"start":{"line":32,"column":26},"end":{"line":32,"column":37}},"23":{"start":{"line":33,"column":8},"end":{"line":36,"column":9}},"24":{"start":{"line":35,"column":12},"end":{"line":35,"column":80}},"25":{"start":{"line":37,"column":8},"end":{"line":38,"column":76}},"26":{"start":{"line":39,"column":23},"end":{"line":39,"column":50}},"27":{"start":{"line":40,"column":8},"end":{"line":43,"column":9}},"28":{"start":{"line":41,"column":12},"end":{"line":41,"column":76}},"29":{"start":{"line":42,"column":12},"end":{"line":42,"column":19}},"30":{"start":{"line":44,"column":21},"end":{"line":44,"column":35}},"31":{"start":{"line":45,"column":8},"end":{"line":45,"column":39}},"32":{"start":{"line":46,"column":8},"end":{"line":46,"column":47}},"33":{"start":{"line":47,"column":8},"end":{"line":47,"column":35}},"34":{"start":{"line":48,"column":8},"end":{"line":48,"column":55}},"35":{"start":{"line":69,"column":25},"end":{"line":69,"column":167}},"36":{"start":{"line":70,"column":23},"end":{"line":75,"column":33}},"37":{"start":{"line":76,"column":8},"end":{"line":78,"column":9}},"38":{"start":{"line":77,"column":12},"end":{"line":77,"column":95}},"39":{"start":{"line":82,"column":4},"end":{"line":84,"column":7}},"40":{"start":{"line":83,"column":8},"end":{"line":83,"column":97}},"41":{"start":{"line":83,"column":47},"end":{"line":83,"column":94}}},"fnMap":{"0":{"name":"(anonymous_0)","decl":{"start":{"line":2,"column":44},"end":{"line":2,"column":45}},"loc":{"start":{"line":2,"column":89},"end":{"line":10,"column":1}},"line":2},"1":{"name":"adopt","decl":{"start":{"line":3,"column":13},"end":{"line":3,"column":18}},"loc":{"start":{"line":3,"column":26},"end":{"line":3,"column":112}},"line":3},"2":{"name":"(anonymous_2)","decl":{"start":{"line":3,"column":70},"end":{"line":3,"column":71}},"loc":{"start":{"line":3,"column":89},"end":{"line":3,"column":108}},"line":3},"3":{"name":"(anonymous_3)","decl":{"start":{"line":4,"column":36},"end":{"line":4,"column":37}},"loc":{"start":{"line":4,"column":63},"end":{"line":9,"column":5}},"line":4},"4":{"name":"fulfilled","decl":{"start":{"line":5,"column":17},"end":{"line":5,"column":26}},"loc":{"start":{"line":5,"column":34},"end":{"line":5,"column":99}},"line":5},"5":{"name":"rejected","decl":{"start":{"line":6,"column":17},"end":{"line":6,"column":25}},"loc":{"start":{"line":6,"column":33},"end":{"line":6,"column":102}},"line":6},"6":{"name":"step","decl":{"start":{"line":7,"column":17},"end":{"line":7,"column":21}},"loc":{"start":{"line":7,"column":30},"end":{"line":7,"column":118}},"line":7},"7":{"name":"(anonymous_7)","decl":{"start":{"line":11,"column":56},"end":{"line":11,"column":57}},"loc":{"start":{"line":11,"column":71},"end":{"line":13,"column":1}},"line":11},"8":{"name":"emailOne","decl":{"start":{"line":26,"column":9},"end":{"line":26,"column":17}},"loc":{"start":{"line":26,"column":62},"end":{"line":80,"column":1}},"line":26},"9":{"name":"(anonymous_9)","decl":{"start":{"line":27,"column":43},"end":{"line":27,"column":44}},"loc":{"start":{"line":27,"column":56},"end":{"line":79,"column":5}},"line":27},"10":{"name":"email","decl":{"start":{"line":81,"column":9},"end":{"line":81,"column":14}},"loc":{"start":{"line":81,"column":60},"end":{"line":85,"column":1}},"line":81},"11":{"name":"(anonymous_11)","decl":{"start":{"line":82,"column":43},"end":{"line":82,"column":44}},"loc":{"start":{"line":82,"column":56},"end":{"line":84,"column":5}},"line":82},"12":{"name":"(anonymous_12)","decl":{"start":{"line":83,"column":39},"end":{"line":83,"column":40}},"loc":{"start":{"line":83,"column":47},"end":{"line":83,"column":94}},"line":83}},"branchMap":{"0":{"loc":{"start":{"line":2,"column":16},"end":{"line":10,"column":1}},"type":"binary-expr","locations":[{"start":{"line":2,"column":17},"end":{"line":2,"column":21}},{"start":{"line":2,"column":25},"end":{"line":2,"column":39}},{"start":{"line":2,"column":44},"end":{"line":10,"column":1}}],"line":2},"1":{"loc":{"start":{"line":3,"column":35},"end":{"line":3,"column":109}},"type":"cond-expr","locations":[{"start":{"line":3,"column":56},"end":{"line":3,"column":61}},{"start":{"line":3,"column":64},"end":{"line":3,"column":109}}],"line":3},"2":{"loc":{"start":{"line":4,"column":16},"end":{"line":4,"column":34}},"type":"binary-expr","locations":[{"start":{"line":4,"column":16},"end":{"line":4,"column":17}},{"start":{"line":4,"column":22},"end":{"line":4,"column":33}}],"line":4},"3":{"loc":{"start":{"line":7,"column":32},"end":{"line":7,"column":115}},"type":"cond-expr","locations":[{"start":{"line":7,"column":46},"end":{"line":7,"column":67}},{"start":{"line":7,"column":70},"end":{"line":7,"column":115}}],"line":7},"4":{"loc":{"start":{"line":8,"column":51},"end":{"line":8,"column":67}},"type":"binary-expr","locations":[{"start":{"line":8,"column":51},"end":{"line":8,"column":61}},{"start":{"line":8,"column":65},"end":{"line":8,"column":67}}],"line":8},"5":{"loc":{"start":{"line":11,"column":22},"end":{"line":13,"column":1}},"type":"binary-expr","locations":[{"start":{"line":11,"column":23},"end":{"line":11,"column":27}},{"start":{"line":11,"column":31},"end":{"line":11,"column":51}},{"start":{"line":11,"column":56},"end":{"line":13,"column":1}}],"line":11},"6":{"loc":{"start":{"line":12,"column":11},"end":{"line":12,"column":61}},"type":"cond-expr","locations":[{"start":{"line":12,"column":37},"end":{"line":12,"column":40}},{"start":{"line":12,"column":43},"end":{"line":12,"column":61}}],"line":12},"7":{"loc":{"start":{"line":12,"column":12},"end":{"line":12,"column":33}},"type":"binary-expr","locations":[{"start":{"line":12,"column":12},"end":{"line":12,"column":15}},{"start":{"line":12,"column":19},"end":{"line":12,"column":33}}],"line":12},"8":{"loc":{"start":{"line":29,"column":8},"end":{"line":30,"column":19}},"type":"if","locations":[{"start":{"line":29,"column":8},"end":{"line":30,"column":19}},{"start":{},"end":{}}],"line":29},"9":{"loc":{"start":{"line":40,"column":8},"end":{"line":43,"column":9}},"type":"if","locations":[{"start":{"line":40,"column":8},"end":{"line":43,"column":9}},{"start":{},"end":{}}],"line":40},"10":{"loc":{"start":{"line":76,"column":8},"end":{"line":78,"column":9}},"type":"if","locations":[{"start":{"line":76,"column":8},"end":{"line":78,"column":9}},{"start":{},"end":{}}],"line":76}},"s":{"0":1,"1":2,"2":0,"3":2,"4":2,"5":2,"6":0,"7":0,"8":0,"9":0,"10":4,"11":2,"12":1,"13":2,"14":1,"15":1,"16":1,"17":1,"18":1,"19":0,"20":0,"21":0,"22":0,"23":0,"24":0,"25":0,"26":0,"27":0,"28":0,"29":0,"30":0,"31":0,"32":0,"33":0,"34":0,"35":0,"36":0,"37":0,"38":0,"39":2,"40":2,"41":0},"f":{"0":2,"1":2,"2":0,"3":2,"4":2,"5":0,"6":4,"7":2,"8":0,"9":0,"10":2,"11":2,"12":0},"b":{"0":[1,1,1],"1":[2,0],"2":[2,2],"3":[2,2],"4":[2,2],"5":[1,1,1],"6":[1,1],"7":[2,2],"8":[0,0],"9":[0,0],"10":[0,0]},"inputSourceMap":{"version":3,"file":"/app/src/api/email.ts","sources":["/app/src/api/email.ts"],"names":[],"mappings":";;;;;;;;;;;;;;AAoFA,sBASC;AA7FD;;;GAGG;AACH,8CAAoB;AACpB,kDAA0B;AAC1B,qCAA+C;AAE/C;;GAEG;AACH,SAAe,QAAQ,CACrB,OAAe,EACf,UAAkB,EAClB,YAAoC,EACpC,OAAe;;QAEf,oEAAoE;QACpE,IAAI,OAAO,MAAM,CAAC,EAAE,KAAK,UAAU;YAAE,OAAO;QAE5C,uEAAuE;QACvE,MAAM,SAAS,GAA2B,EAAE,OAAO,EAAE,CAAC;QACtD,KAAK,MAAM,CAAC,GAAG,EAAE,KAAK,CAAC,IAAI,MAAM,CAAC,OAAO,CAAC,YAAY,CAAC,EAAE,CAAC;YACxD,uCAAuC;YACvC,SAAS,CAAC,GAAG,CAAC,GAAG,KAAK,CAAC,OAAO,CAAC,0BAA0B,EAAE,OAAO,CAAC,CAAC;QACtE,CAAC;QAED,OAAO,CAAC,GAAG,CACT,0CAA0C,UAAU,GAAG;YACrD,QAAQ,OAAO,WAAW,IAAI,CAAC,SAAS,CAAC,SAAS,EAAE,IAAI,EAAE,CAAC,CAAC,EAAE,CACjE,CAAC;QAEF,MAAM,MAAM,GAAG,OAAO,CAAC,GAAG,CAAC,eAAe,CAAC;QAC3C,IAAI,CAAC,MAAM,EAAE,CAAC;YACZ,OAAO,CAAC,GAAG,CAAC,kDAAkD,CAAC,CAAC;YAChE,OAAO;QACT,CAAC;QAED,MAAM,IAAI,GAAG,IAAI,QAAQ,EAAE,CAAC;QAC5B,IAAI,CAAC,MAAM,CAAC,SAAS,EAAE,MAAM,CAAC,CAAC;QAC/B,IAAI,CAAC,MAAM,CAAC,aAAa,EAAE,UAAU,CAAC,CAAC;QACvC,IAAI,CAAC,MAAM,CAAC,IAAI,EAAE,OAAO,CAAC,CAAC;QAC3B,IAAI,CAAC,MAAM,CAAC,MAAM,EAAE,IAAI,CAAC,SAAS,CAAC,SAAS,CAAC,CAAC,CAAC;QAE/C;;;;;;;;;;;;;;;;;;;WAmBG;QACH,MAAM,QAAQ,GAAG,MAAM,eAAK,CAAC,IAAI,CAC/B,oDAAoD,EACpD,IAAI,EACJ,EAAE,OAAO,EAAE,EAAE,cAAc,EAAE,qBAAqB,EAAE,EAAE,CACvD,CAAC;QAEF,MAAM,MAAM,GAAG,aAAC;aACb,MAAM,CAAC;YACN,IAAI,EAAE,aAAC,CAAC,MAAM,EAAE;YAChB,OAAO,EAAE,aAAC,CAAC,MAAM,EAAE;SACpB,CAAC;aACD,KAAK,CAAC,QAAQ,CAAC,IAAI,CAAC,CAAC;QAExB,IAAI,MAAM,CAAC,IAAI,KAAK,GAAG,EAAE,CAAC;YACxB,MAAM,IAAA,4BAAmB,EACvB,UAAU,MAAM,CAAC,IAAI,IAAI,MAAM,CAAC,OAAO,EAAE,CAC1C,CAAC;QACJ,CAAC;IACH,CAAC;CAAA;AAED,SAAsB,KAAK,CACzB,QAAkB,EAClB,UAAkB,EAClB,YAAoC,EACpC,OAAe;;QAEf,MAAM,OAAO,CAAC,GAAG,CACf,QAAQ,CAAC,GAAG,CAAC,CAAC,EAAE,EAAE,EAAE,CAAC,QAAQ,CAAC,EAAE,EAAE,UAAU,EAAE,YAAY,EAAE,OAAO,CAAC,CAAC,CACtE,CAAC;IACJ,CAAC;CAAA;AAED;;;;GAIG;AACH,0BAA0B;AAC1B,kCAAkC;AAClC,kFAAkF;AAClF,uEAAuE;AACvE,yBAAyB;AACzB,+BAA+B;AAC/B,iCAAiC;AACjC,MAAM;AACN,IAAI;AACJ,+CAA+C","sourcesContent":["/**\n * Low-level API for sending transactional emails. Use higher level API\n * notify*() when possible.\n */\nimport z from \"zod\";\nimport axios from \"axios\";\nimport { internalServerError } from \"./errors\";\n\n/**\n * Send email via AoKSend.com\n */\nasync function emailOne(\n  toEmail: string,\n  templateId: string,\n  templateData: Record<string, string>,\n  baseUrl: string,\n) {\n  // Skip everything in unittest. https://stackoverflow.com/a/29183140\n  if (typeof global.it === \"function\") return;\n\n  // Sanitize emojis as they would cause AoKSend API to return 500 error.\n  const sanitized: Record<string, string> = { baseUrl };\n  for (const [key, value] of Object.entries(templateData)) {\n    // https://stackoverflow.com/a/72727900\n    sanitized[key] = value.replace(/\\p{Emoji_Presentation}/gu, \"[表情符]\");\n  }\n\n  console.log(\n    `Sending mail via AoKSend, template id: ${templateId},` +\n      ` to: ${toEmail}, data: ${JSON.stringify(sanitized, null, 2)}`,\n  );\n\n  const appKey = process.env.AOKSEND_APP_KEY;\n  if (!appKey) {\n    console.log(\"AoKSend not configured. Skip calling actual API.\");\n    return;\n  }\n\n  const form = new FormData();\n  form.append(\"app_key\", appKey);\n  form.append(\"template_id\", templateId);\n  form.append(\"to\", toEmail);\n  form.append(\"data\", JSON.stringify(sanitized));\n\n  /**\n   * send_email_batch is an undocumented API provided by AoKSend support to\n   * bypass the 3 per second rate limit of the official API described at\n   * https://www.aoksend.com/doc/?id=86.\n   *\n   * Currently we don't use the batch API to email multiple users at once. We\n   * could do it in the future. Refer to the message from AoKSend support:\n   *\n   * 参数其他的没变化 to 和 data 的格式变了\n   *\n   * to 从字符串变成数组，123@163.com 变成['123@163.com','.....']\n   *\n   * data 从 JSON 字符串变成数组\n   * {\"name\":\"张三\",\"address\":\"深圳”} 变成\n   * ['{\"name\":\"张三\",\"address\":\"深圳\",\"{\"name\":\"李四\",\"address\":\"广州\"}']\n   * 多个收信人用不同的变量 有几个收信人填多少组变量如果多个收信人 共用同一个变量\n   * 则只需要一组变量\n   *\n   * 注意 php 的curl post 需要把二维数组参数 http_build_query\n   */\n  const response = await axios.post(\n    \"https://www.aoksend.com/index/api/send_email_batch\",\n    form,\n    { headers: { \"Content-Type\": \"multipart/form-data\" } },\n  );\n\n  const result = z\n    .object({\n      code: z.number(),\n      message: z.string(),\n    })\n    .parse(response.data);\n\n  if (result.code !== 200) {\n    throw internalServerError(\n      `邮件发送失败：${result.code}｜${result.message}`,\n    );\n  }\n}\n\nexport async function email(\n  toEmails: string[],\n  templateId: string,\n  templateData: Record<string, string>,\n  baseUrl: string,\n) {\n  await Promise.all(\n    toEmails.map((to) => emailOne(to, templateId, templateData, baseUrl)),\n  );\n}\n\n/**\n * Uncomment to debug. Command:\n *\n *  $ npx ts-node <filepath>\n */\n// async function main() {\n//   for (let i = 0; i < 2; i++) {\n//     await email([\"test1@yopmail.com\", \"test2@yopmail.com\", \"test3@yopmail.com\",\n//       \"test4@yopmail.com\", \"test5@yopmail.com\"], \"E_114706970517\", {\n//       subject: \"test\",\n//       content: \"test_batch\",\n//     }, \"https://aoksend.com\");\n//   }\n// }\n// void main().then(() => console.log(\"done\"));\n"]},"_coverageSchema":"1a1c01bbd47fc00a2c39e90264f33305004495a9","hash":"d6b4e7b336a2e0a272ecd15021517e289863506f","contentHash":"ac65410c1de7bad5eb066f87d3b5d56ed1cbaccf3205a643d9a654dab416290a"},"/app/src/shared/getBaseUrl.ts":{"path":"/app/src/shared/getBaseUrl.ts","statementMap":{"0":{"start":{"line":2,"column":0},"end":{"line":2,"column":62}},"1":{"start":{"line":3,"column":0},"end":{"line":3,"column":29}},"2":{"start":{"line":6,"column":4},"end":{"line":7,"column":38}},"3":{"start":{"line":7,"column":8},"end":{"line":7,"column":38}},"4":{"start":{"line":9,"column":4},"end":{"line":10,"column":51}},"5":{"start":{"line":10,"column":8},"end":{"line":10,"column":51}},"6":{"start":{"line":13,"column":4},"end":{"line":14,"column":40}},"7":{"start":{"line":14,"column":8},"end":{"line":14,"column":40}},"8":{"start":{"line":16,"column":4},"end":{"line":16,"column":95}}},"fnMap":{"0":{"name":"getBaseUrl","decl":{"start":{"line":4,"column":9},"end":{"line":4,"column":19}},"loc":{"start":{"line":4,"column":22},"end":{"line":17,"column":1}},"line":4}},"branchMap":{"0":{"loc":{"start":{"line":6,"column":4},"end":{"line":7,"column":38}},"type":"if","locations":[{"start":{"line":6,"column":4},"end":{"line":7,"column":38}},{"start":{},"end":{}}],"line":6},"1":{"loc":{"start":{"line":9,"column":4},"end":{"line":10,"column":51}},"type":"if","locations":[{"start":{"line":9,"column":4},"end":{"line":10,"column":51}},{"start":{},"end":{}}],"line":9},"2":{"loc":{"start":{"line":13,"column":4},"end":{"line":14,"column":40}},"type":"if","locations":[{"start":{"line":13,"column":4},"end":{"line":14,"column":40}},{"start":{},"end":{}}],"line":13},"3":{"loc":{"start":{"line":16,"column":31},"end":{"line":16,"column":92}},"type":"cond-expr","locations":[{"start":{"line":16,"column":83},"end":{"line":16,"column":85}},{"start":{"line":16,"column":88},"end":{"line":16,"column":92}}],"line":16},"4":{"loc":{"start":{"line":16,"column":31},"end":{"line":16,"column":80}},"type":"binary-expr","locations":[{"start":{"line":16,"column":31},"end":{"line":16,"column":63}},{"start":{"line":16,"column":67},"end":{"line":16,"column":80}}],"line":16}},"s":{"0":1,"1":1,"2":2,"3":0,"4":2,"5":0,"6":2,"7":0,"8":2},"f":{"0":2},"b":{"0":[0,2],"1":[0,2],"2":[0,2],"3":[0,2],"4":[2,2]},"inputSourceMap":{"version":3,"file":"/app/src/shared/getBaseUrl.ts","sources":["/app/src/shared/getBaseUrl.ts"],"names":[],"mappings":";;AAAA,6BASC;AATD,SAAwB,UAAU;;IAChC,IAAI,OAAO,MAAM,KAAK,WAAW;QAAE,OAAO,MAAM,CAAC,QAAQ,CAAC,MAAM,CAAC;IACjE,aAAa;IACb,IAAI,OAAO,CAAC,GAAG,CAAC,UAAU;QAAE,OAAO,WAAW,OAAO,CAAC,GAAG,CAAC,UAAU,EAAE,CAAC;IACvE,uEAAuE;IACvE,4BAA4B;IAC5B,IAAI,OAAO,CAAC,GAAG,CAAC,YAAY;QAAE,OAAO,OAAO,CAAC,GAAG,CAAC,YAAY,CAAC;IAC9D,yBAAyB;IACzB,OAAO,oBAAoB,MAAA,OAAO,CAAC,GAAG,CAAC,IAAI,mCAAI,IAAI,EAAE,CAAC;AACxD,CAAC","sourcesContent":["export default function getBaseUrl() {\n  if (typeof window !== \"undefined\") return window.location.origin;\n  // vercel.com\n  if (process.env.VERCEL_URL) return `https://${process.env.VERCEL_URL}`;\n  // non-vercel.com production environemnt (e.g. Docker). We piggyback on\n  // nextauth's configuration.\n  if (process.env.NEXTAUTH_URL) return process.env.NEXTAUTH_URL;\n  // fall back to localhost\n  return `http://localhost:${process.env.PORT ?? 3000}`;\n}\n"]},"_coverageSchema":"1a1c01bbd47fc00a2c39e90264f33305004495a9","hash":"ebbe1be2145e010dbd97fb2c45f968d3b2b5ffd1","contentHash":"4dcc5c44419f7a32a1c05d298323c43addcf8cfaf1b2965d5805bd04b02b15af"}}