{"/app/src/api/auth/adapter.ts":{"path":"/app/src/api/auth/adapter.ts","statementMap":{"0":{"start":{"line":2,"column":16},"end":{"line":10,"column":1}},"1":{"start":{"line":3,"column":28},"end":{"line":3,"column":110}},"2":{"start":{"line":3,"column":91},"end":{"line":3,"column":106}},"3":{"start":{"line":4,"column":4},"end":{"line":9,"column":7}},"4":{"start":{"line":5,"column":36},"end":{"line":5,"column":97}},"5":{"start":{"line":5,"column":42},"end":{"line":5,"column":70}},"6":{"start":{"line":5,"column":85},"end":{"line":5,"column":95}},"7":{"start":{"line":6,"column":35},"end":{"line":6,"column":100}},"8":{"start":{"line":6,"column":41},"end":{"line":6,"column":73}},"9":{"start":{"line":6,"column":88},"end":{"line":6,"column":98}},"10":{"start":{"line":7,"column":32},"end":{"line":7,"column":116}},"11":{"start":{"line":8,"column":8},"end":{"line":8,"column":78}},"12":{"start":{"line":11,"column":22},"end":{"line":13,"column":1}},"13":{"start":{"line":12,"column":4},"end":{"line":12,"column":62}},"14":{"start":{"line":14,"column":0},"end":{"line":14,"column":62}},"15":{"start":{"line":15,"column":0},"end":{"line":15,"column":25}},"16":{"start":{"line":16,"column":32},"end":{"line":16,"column":93}},"17":{"start":{"line":17,"column":20},"end":{"line":17,"column":69}},"18":{"start":{"line":18,"column":13},"end":{"line":18,"column":55}},"19":{"start":{"line":19,"column":32},"end":{"line":19,"column":83}},"20":{"start":{"line":20,"column":20},"end":{"line":20,"column":42}},"21":{"start":{"line":21,"column":36},"end":{"line":21,"column":83}},"22":{"start":{"line":22,"column":0},"end":{"line":93,"column":9}},"23":{"start":{"line":33,"column":8},"end":{"line":38,"column":11}},"24":{"start":{"line":35,"column":12},"end":{"line":37,"column":16}},"25":{"start":{"line":35,"column":74},"end":{"line":37,"column":14}},"26":{"start":{"line":36,"column":16},"end":{"line":36,"column":79}},"27":{"start":{"line":41,"column":8},"end":{"line":62,"column":11}},"28":{"start":{"line":42,"column":12},"end":{"line":61,"column":13}},"29":{"start":{"line":43,"column":38},"end":{"line":43,"column":80}},"30":{"start":{"line":44,"column":16},"end":{"line":44,"column":74}},"31":{"start":{"line":45,"column":16},"end":{"line":45,"column":90}},"32":{"start":{"line":47,"column":17},"end":{"line":61,"column":13}},"33":{"start":{"line":48,"column":34},"end":{"line":48,"column":78}},"34":{"start":{"line":49,"column":16},"end":{"line":49,"column":67}},"35":{"start":{"line":50,"column":31},"end":{"line":56,"column":18}},"36":{"start":{"line":57,"column":16},"end":{"line":57,"column":155}},"37":{"start":{"line":60,"column":16},"end":{"line":60,"column":84}},"38":{"start":{"line":65,"column":8},"end":{"line":67,"column":11}},"39":{"start":{"line":66,"column":12},"end":{"line":66,"column":67}},"40":{"start":{"line":70,"column":8},"end":{"line":92,"column":11}},"41":{"start":{"line":71,"column":12},"end":{"line":90,"column":13}},"42":{"start":{"line":72,"column":38},"end":{"line":72,"column":75}},"43":{"start":{"line":73,"column":16},"end":{"line":73,"column":80}},"44":{"start":{"line":74,"column":16},"end":{"line":79,"column":19}},"45":{"start":{"line":81,"column":17},"end":{"line":90,"column":13}},"46":{"start":{"line":82,"column":34},"end":{"line":82,"column":73}},"47":{"start":{"line":83,"column":16},"end":{"line":83,"column":73}},"48":{"start":{"line":84,"column":16},"end":{"line":89,"column":19}},"49":{"start":{"line":91,"column":12},"end":{"line":91,"column":24}}},"fnMap":{"0":{"name":"(anonymous_0)","decl":{"start":{"line":2,"column":44},"end":{"line":2,"column":45}},"loc":{"start":{"line":2,"column":89},"end":{"line":10,"column":1}},"line":2},"1":{"name":"adopt","decl":{"start":{"line":3,"column":13},"end":{"line":3,"column":18}},"loc":{"start":{"line":3,"column":26},"end":{"line":3,"column":112}},"line":3},"2":{"name":"(anonymous_2)","decl":{"start":{"line":3,"column":70},"end":{"line":3,"column":71}},"loc":{"start":{"line":3,"column":89},"end":{"line":3,"column":108}},"line":3},"3":{"name":"(anonymous_3)","decl":{"start":{"line":4,"column":36},"end":{"line":4,"column":37}},"loc":{"start":{"line":4,"column":63},"end":{"line":9,"column":5}},"line":4},"4":{"name":"fulfilled","decl":{"start":{"line":5,"column":17},"end":{"line":5,"column":26}},"loc":{"start":{"line":5,"column":34},"end":{"line":5,"column":99}},"line":5},"5":{"name":"rejected","decl":{"start":{"line":6,"column":17},"end":{"line":6,"column":25}},"loc":{"start":{"line":6,"column":33},"end":{"line":6,"column":102}},"line":6},"6":{"name":"step","decl":{"start":{"line":7,"column":17},"end":{"line":7,"column":21}},"loc":{"start":{"line":7,"column":30},"end":{"line":7,"column":118}},"line":7},"7":{"name":"(anonymous_7)","decl":{"start":{"line":11,"column":56},"end":{"line":11,"column":57}},"loc":{"start":{"line":11,"column":71},"end":{"line":13,"column":1}},"line":11},"8":{"name":"(anonymous_8)","decl":{"start":{"line":32,"column":4},"end":{"line":32,"column":5}},"loc":{"start":{"line":32,"column":21},"end":{"line":39,"column":5}},"line":32},"9":{"name":"(anonymous_9)","decl":{"start":{"line":33,"column":47},"end":{"line":33,"column":48}},"loc":{"start":{"line":33,"column":60},"end":{"line":38,"column":9}},"line":33},"10":{"name":"(anonymous_10)","decl":{"start":{"line":35,"column":57},"end":{"line":35,"column":58}},"loc":{"start":{"line":35,"column":74},"end":{"line":37,"column":14}},"line":35},"11":{"name":"(anonymous_11)","decl":{"start":{"line":35,"column":106},"end":{"line":35,"column":107}},"loc":{"start":{"line":35,"column":119},"end":{"line":37,"column":13}},"line":35},"12":{"name":"(anonymous_12)","decl":{"start":{"line":40,"column":4},"end":{"line":40,"column":5}},"loc":{"start":{"line":40,"column":38},"end":{"line":63,"column":5}},"line":40},"13":{"name":"(anonymous_13)","decl":{"start":{"line":41,"column":47},"end":{"line":41,"column":48}},"loc":{"start":{"line":41,"column":60},"end":{"line":62,"column":9}},"line":41},"14":{"name":"(anonymous_14)","decl":{"start":{"line":64,"column":4},"end":{"line":64,"column":5}},"loc":{"start":{"line":64,"column":26},"end":{"line":68,"column":5}},"line":64},"15":{"name":"(anonymous_15)","decl":{"start":{"line":65,"column":47},"end":{"line":65,"column":48}},"loc":{"start":{"line":65,"column":60},"end":{"line":67,"column":9}},"line":65},"16":{"name":"(anonymous_16)","decl":{"start":{"line":69,"column":4},"end":{"line":69,"column":5}},"loc":{"start":{"line":69,"column":43},"end":{"line":93,"column":5}},"line":69},"17":{"name":"(anonymous_17)","decl":{"start":{"line":70,"column":47},"end":{"line":70,"column":48}},"loc":{"start":{"line":70,"column":60},"end":{"line":92,"column":9}},"line":70}},"branchMap":{"0":{"loc":{"start":{"line":2,"column":16},"end":{"line":10,"column":1}},"type":"binary-expr","locations":[{"start":{"line":2,"column":17},"end":{"line":2,"column":21}},{"start":{"line":2,"column":25},"end":{"line":2,"column":39}},{"start":{"line":2,"column":44},"end":{"line":10,"column":1}}],"line":2},"1":{"loc":{"start":{"line":3,"column":35},"end":{"line":3,"column":109}},"type":"cond-expr","locations":[{"start":{"line":3,"column":56},"end":{"line":3,"column":61}},{"start":{"line":3,"column":64},"end":{"line":3,"column":109}}],"line":3},"2":{"loc":{"start":{"line":4,"column":16},"end":{"line":4,"column":34}},"type":"binary-expr","locations":[{"start":{"line":4,"column":16},"end":{"line":4,"column":17}},{"start":{"line":4,"column":22},"end":{"line":4,"column":33}}],"line":4},"3":{"loc":{"start":{"line":7,"column":32},"end":{"line":7,"column":115}},"type":"cond-expr","locations":[{"start":{"line":7,"column":46},"end":{"line":7,"column":67}},{"start":{"line":7,"column":70},"end":{"line":7,"column":115}}],"line":7},"4":{"loc":{"start":{"line":8,"column":51},"end":{"line":8,"column":67}},"type":"binary-expr","locations":[{"start":{"line":8,"column":51},"end":{"line":8,"column":61}},{"start":{"line":8,"column":65},"end":{"line":8,"column":67}}],"line":8},"5":{"loc":{"start":{"line":11,"column":22},"end":{"line":13,"column":1}},"type":"binary-expr","locations":[{"start":{"line":11,"column":23},"end":{"line":11,"column":27}},{"start":{"line":11,"column":31},"end":{"line":11,"column":51}},{"start":{"line":11,"column":56},"end":{"line":13,"column":1}}],"line":11},"6":{"loc":{"start":{"line":12,"column":11},"end":{"line":12,"column":61}},"type":"cond-expr","locations":[{"start":{"line":12,"column":37},"end":{"line":12,"column":40}},{"start":{"line":12,"column":43},"end":{"line":12,"column":61}}],"line":12},"7":{"loc":{"start":{"line":12,"column":12},"end":{"line":12,"column":33}},"type":"binary-expr","locations":[{"start":{"line":12,"column":12},"end":{"line":12,"column":15}},{"start":{"line":12,"column":19},"end":{"line":12,"column":33}}],"line":12},"8":{"loc":{"start":{"line":42,"column":12},"end":{"line":61,"column":13}},"type":"if","locations":[{"start":{"line":42,"column":12},"end":{"line":61,"column":13}},{"start":{"line":47,"column":17},"end":{"line":61,"column":13}}],"line":42},"9":{"loc":{"start":{"line":47,"column":17},"end":{"line":61,"column":13}},"type":"if","locations":[{"start":{"line":47,"column":17},"end":{"line":61,"column":13}},{"start":{"line":59,"column":17},"end":{"line":61,"column":13}}],"line":47},"10":{"loc":{"start":{"line":51,"column":27},"end":{"line":51,"column":54}},"type":"binary-expr","locations":[{"start":{"line":51,"column":27},"end":{"line":51,"column":41}},{"start":{"line":51,"column":45},"end":{"line":51,"column":54}}],"line":51},"11":{"loc":{"start":{"line":52,"column":26},"end":{"line":52,"column":48}},"type":"binary-expr","locations":[{"start":{"line":52,"column":26},"end":{"line":52,"column":35}},{"start":{"line":52,"column":39},"end":{"line":52,"column":48}}],"line":52},"12":{"loc":{"start":{"line":57,"column":115},"end":{"line":57,"column":133}},"type":"binary-expr","locations":[{"start":{"line":57,"column":115},"end":{"line":57,"column":125}},{"start":{"line":57,"column":129},"end":{"line":57,"column":133}}],"line":57},"13":{"loc":{"start":{"line":71,"column":12},"end":{"line":90,"column":13}},"type":"if","locations":[{"start":{"line":71,"column":12},"end":{"line":90,"column":13}},{"start":{"line":81,"column":17},"end":{"line":90,"column":13}}],"line":71},"14":{"loc":{"start":{"line":81,"column":17},"end":{"line":90,"column":13}},"type":"if","locations":[{"start":{"line":81,"column":17},"end":{"line":90,"column":13}},{"start":{},"end":{}}],"line":81}},"s":{"0":1,"1":20,"2":0,"3":20,"4":18,"5":18,"6":0,"7":2,"8":2,"9":2,"10":37,"11":20,"12":1,"13":3,"14":1,"15":1,"16":1,"17":1,"18":1,"19":1,"20":1,"21":1,"22":1,"23":4,"24":4,"25":4,"26":4,"27":4,"28":4,"29":1,"30":1,"31":1,"32":3,"33":2,"34":2,"35":2,"36":2,"37":1,"38":4,"39":4,"40":4,"41":4,"42":2,"43":2,"44":2,"45":2,"46":1,"47":1,"48":1,"49":1},"f":{"0":20,"1":20,"2":0,"3":20,"4":18,"5":2,"6":37,"7":3,"8":4,"9":4,"10":4,"11":4,"12":4,"13":4,"14":4,"15":4,"16":4,"17":4},"b":{"0":[1,1,1],"1":[20,0],"2":[20,20],"3":[17,20],"4":[20,20],"5":[1,1,1],"6":[3,0],"7":[3,3],"8":[1,3],"9":[2,1],"10":[2,1],"11":[2,1],"12":[2,1],"13":[2,2],"14":[1,1]},"inputSourceMap":{"version":3,"file":"/app/src/api/auth/adapter.ts","sources":["/app/src/api/auth/adapter.ts"],"names":[],"mappings":";;;;;;;;;;;;;;;AAAA,8FAAiE;AACjE,sEAA8C;AAC9C,wDAAgC;AAChC,oFAGkD;AAClD,2CAKqB;AACrB,oFAAiF;AAEpE,QAAA,OAAO,mCACf,IAAA,+BAAgB,EAAC,mBAAS,EAAE;IAC7B,iEAAiE;IACjE,eAAe;IACf,MAAM,EAAE,EAAE,IAAI,EAAE,YAAE,CAAC,IAAW,EAAE;CACjC,CAAC;IAEF,2EAA2E;IAC3E,qEAAqE;IACrE,mBAAmB;IACnB,yEAAyE;IACzE,WAAW;IACL,UAAU,CAAC,IAKhB;;YACC,qEAAqE;YACrE,OAAO,MAAM,mBAAS,CAAC,WAAW,CAAC,CAAO,WAAW,EAAE,EAAE;gBACvD,OAAO,MAAM,eAAO,CAAC,cAAc,CAAC,IAAI,EAAE,WAAW,CAAC,CAAC;YACzD,CAAC,CAAA,CAAC,CAAC;QACL,CAAC;KAAA;IAEK,cAAc,CAClB,IAKC,EACD,WAAgB;;YAEhB,IAAI,IAAI,CAAC,KAAK,CAAC,QAAQ,CAAC,iCAAqB,CAAC,EAAE,CAAC;gBAC/C,MAAM,aAAa,GAAG,IAAA,yBAAa,EAAC,IAAI,CAAC,KAAK,CAAC,CAAC;gBAChD,OAAO,CAAC,GAAG,CAAC,6BAA6B,EAAE,aAAa,CAAC,CAAC;gBAC1D,OAAO,MAAM,YAAE,CAAC,IAAI,CAAC,MAAM,CAAC,EAAE,aAAa,EAAE,EAAE,EAAE,WAAW,EAAE,CAAC,CAAC;YAClE,CAAC;iBAAM,IAAI,IAAI,CAAC,KAAK,CAAC,QAAQ,CAAC,8BAAkB,CAAC,EAAE,CAAC;gBACnD,MAAM,SAAS,GAAG,IAAA,2BAAe,EAAC,IAAI,CAAC,KAAK,CAAC,CAAC;gBAC9C,OAAO,CAAC,GAAG,CAAC,0BAA0B,EAAE,SAAS,CAAC,CAAC;gBACnD,MAAM,MAAM,GAAG,MAAM,IAAA,qDAAyB,EAAC;oBAC7C,KAAK,EAAE,IAAI,CAAC,SAAS,IAAI,SAAS;oBAClC,IAAI,EAAE,IAAI,CAAC,IAAI,IAAI,SAAS;oBAC5B,WAAW,EAAE,KAAK;oBAClB,MAAM,EAAE,IAAI;oBACZ,WAAW;iBACZ,CAAC,CAAC;gBACH,OAAO,MAAM,YAAE,CAAC,IAAI,CAAC,MAAM,iCAEpB,MAAM,KACT,SAAS,EACT,KAAK,EAAE,IAAI,CAAC,KAAK,IAAI,IAAI,KAE3B,EAAE,WAAW,EAAE,CAChB,CAAC;YACJ,CAAC;iBAAM,CAAC;gBACN,MAAM,IAAI,KAAK,CAAC,sCAAsC,IAAI,CAAC,KAAK,EAAE,CAAC,CAAC;YACtE,CAAC;QACH,CAAC;KAAA;IAEK,cAAc,CAAC,KAAa;;YAChC,OAAO,MAAM,eAAO,CAAC,kBAAkB,CAAC,KAAK,CAAC,CAAC;QACjD,CAAC;KAAA;IAEK,kBAAkB,CAAC,KAAa,EAAE,WAAiB;;YACvD,IAAI,KAAK,CAAC,QAAQ,CAAC,iCAAqB,CAAC,EAAE,CAAC;gBAC1C,MAAM,aAAa,GAAG,IAAA,yBAAa,EAAC,KAAK,CAAC,CAAC;gBAC3C,OAAO,CAAC,GAAG,CAAC,mCAAmC,aAAa,EAAE,CAAC,CAAC;gBAChE,OAAO,MAAM,YAAE,CAAC,IAAI,CAAC,OAAO,CAAC;oBAC3B,KAAK,EAAE,EAAE,aAAa,EAAE;oBACxB,UAAU,EAAE,sCAAc;oBAC1B,OAAO,EAAE,mCAAW;oBACpB,WAAW;iBACZ,CAAC,CAAC;YACL,CAAC;iBAAM,IAAI,KAAK,CAAC,QAAQ,CAAC,8BAAkB,CAAC,EAAE,CAAC;gBAC9C,MAAM,SAAS,GAAG,IAAA,2BAAe,EAAC,KAAK,CAAC,CAAC;gBACzC,OAAO,CAAC,GAAG,CAAC,gCAAgC,SAAS,EAAE,CAAC,CAAC;gBACzD,OAAO,MAAM,YAAE,CAAC,IAAI,CAAC,OAAO,CAAC;oBAC3B,KAAK,EAAE,EAAE,SAAS,EAAE;oBACpB,UAAU,EAAE,sCAAc;oBAC1B,OAAO,EAAE,mCAAW;oBACpB,WAAW;iBACZ,CAAC,CAAC;YACL,CAAC;YACD,OAAO,IAAI,CAAC;QACd,CAAC;KAAA,IACD","sourcesContent":["import SequelizeAdapter from \"../database/sequelize-adapter-src\";\nimport sequelize from \"../database/sequelize\";\nimport db from \"../database/db\";\nimport {\n  userAttributes,\n  userInclude,\n} from \"../database/models/attributesAndIncludes\";\nimport {\n  wechatFakeEmailDomain,\n  ssoFakeEmailDomain,\n  email2UnionId,\n  email2SsoUserId,\n} from \"./fakeEmail\";\nimport { checkAndComputeUserFields } from \"api/routes/checkAndComputeUserFields\";\n\nexport const adapter = {\n  ...SequelizeAdapter(sequelize, {\n    // `as any` is because SequelizeAdapter requires user.email to be\n    // non-nullable\n    models: { User: db.User as any },\n  }),\n\n  // We use custom `createUser` logic because we process sign-ups differently\n  // depending on the fake email domain. For WeChat, we only care about\n  // `wechatUnionId`.\n  // For SSO, we create the user with `ssoUserId` along with their standard\n  // profile.\n  async createUser(user: {\n    email: string;\n    realEmail?: string;\n    phone?: string;\n    name?: string;\n  }) {\n    // Pass everything inside a transaction to ensure rollback on failure\n    return await sequelize.transaction(async (transaction) => {\n      return await adapter.createUserImpl(user, transaction);\n    });\n  },\n\n  async createUserImpl(\n    user: {\n      email: string;\n      realEmail?: string;\n      phone?: string;\n      name?: string;\n    },\n    transaction: any\n  ) {\n    if (user.email.endsWith(wechatFakeEmailDomain)) {\n      const wechatUnionId = email2UnionId(user.email);\n      console.log(\"adapter.createUser(wechat):\", wechatUnionId);\n      return await db.User.create({ wechatUnionId }, { transaction });\n    } else if (user.email.endsWith(ssoFakeEmailDomain)) {\n      const ssoUserId = email2SsoUserId(user.email);\n      console.log(\"adapter.createUser(sso):\", ssoUserId);\n      const fields = await checkAndComputeUserFields({\n        email: user.realEmail || undefined,\n        name: user.name || undefined,\n        isVolunteer: false,\n        oldUrl: null,\n        transaction,\n      });\n      return await db.User.create(\n        {\n          ...fields,\n          ssoUserId,\n          phone: user.phone || null,\n        },\n        { transaction }\n      );\n    } else {\n      throw new Error(`Invalid email domain for creation: ${user.email}`);\n    }\n  },\n\n  async getUserByEmail(email: string) {\n    return await adapter.getUserByEmailImpl(email);\n  },\n\n  async getUserByEmailImpl(email: string, transaction?: any) {\n    if (email.endsWith(wechatFakeEmailDomain)) {\n      const wechatUnionId = email2UnionId(email);\n      console.log(`adapter.getUserByEmail(wechat): ${wechatUnionId}`);\n      return await db.User.findOne({\n        where: { wechatUnionId },\n        attributes: userAttributes,\n        include: userInclude,\n        transaction,\n      });\n    } else if (email.endsWith(ssoFakeEmailDomain)) {\n      const ssoUserId = email2SsoUserId(email);\n      console.log(`adapter.getUserByEmail(sso): ${ssoUserId}`);\n      return await db.User.findOne({\n        where: { ssoUserId },\n        attributes: userAttributes,\n        include: userInclude,\n        transaction,\n      });\n    }\n    return null;\n  },\n};\n"]},"_coverageSchema":"1a1c01bbd47fc00a2c39e90264f33305004495a9","hash":"413966366b4d5db7347ee638bc1fff6915fb25ed","contentHash":"570f9dd383c2af6d448078c82923d1d7fbff6bb8e46744e9a54e06740da07fb1"},"/app/src/api/database/sequelize-adapter-src/index.ts":{"path":"/app/src/api/database/sequelize-adapter-src/index.ts","statementMap":{"0":{"start":{"line":2,"column":22},"end":{"line":12,"column":3}},"1":{"start":{"line":3,"column":4},"end":{"line":3,"column":33}},"2":{"start":{"line":3,"column":26},"end":{"line":3,"column":33}},"3":{"start":{"line":4,"column":15},"end":{"line":4,"column":52}},"4":{"start":{"line":5,"column":4},"end":{"line":7,"column":5}},"5":{"start":{"line":6,"column":6},"end":{"line":6,"column":68}},"6":{"start":{"line":6,"column":51},"end":{"line":6,"column":63}},"7":{"start":{"line":8,"column":4},"end":{"line":8,"column":39}},"8":{"start":{"line":10,"column":4},"end":{"line":10,"column":33}},"9":{"start":{"line":10,"column":26},"end":{"line":10,"column":33}},"10":{"start":{"line":11,"column":4},"end":{"line":11,"column":17}},"11":{"start":{"line":13,"column":25},"end":{"line":17,"column":2}},"12":{"start":{"line":14,"column":4},"end":{"line":14,"column":72}},"13":{"start":{"line":16,"column":4},"end":{"line":16,"column":21}},"14":{"start":{"line":18,"column":19},"end":{"line":34,"column":4}},"15":{"start":{"line":19,"column":18},"end":{"line":26,"column":5}},"16":{"start":{"line":20,"column":8},"end":{"line":24,"column":10}},"17":{"start":{"line":21,"column":21},"end":{"line":21,"column":23}},"18":{"start":{"line":22,"column":12},"end":{"line":22,"column":95}},"19":{"start":{"line":22,"column":29},"end":{"line":22,"column":95}},"20":{"start":{"line":22,"column":77},"end":{"line":22,"column":95}},"21":{"start":{"line":23,"column":12},"end":{"line":23,"column":22}},"22":{"start":{"line":25,"column":8},"end":{"line":25,"column":26}},"23":{"start":{"line":27,"column":4},"end":{"line":33,"column":6}},"24":{"start":{"line":28,"column":8},"end":{"line":28,"column":46}},"25":{"start":{"line":28,"column":35},"end":{"line":28,"column":46}},"26":{"start":{"line":29,"column":21},"end":{"line":29,"column":23}},"27":{"start":{"line":30,"column":8},"end":{"line":30,"column":137}},"28":{"start":{"line":30,"column":25},"end":{"line":30,"column":137}},"29":{"start":{"line":30,"column":38},"end":{"line":30,"column":50}},"30":{"start":{"line":30,"column":56},"end":{"line":30,"column":57}},"31":{"start":{"line":30,"column":78},"end":{"line":30,"column":137}},"32":{"start":{"line":30,"column":102},"end":{"line":30,"column":137}},"33":{"start":{"line":31,"column":8},"end":{"line":31,"column":40}},"34":{"start":{"line":32,"column":8},"end":{"line":32,"column":22}},"35":{"start":{"line":35,"column":16},"end":{"line":43,"column":1}},"36":{"start":{"line":36,"column":28},"end":{"line":36,"column":110}},"37":{"start":{"line":36,"column":91},"end":{"line":36,"column":106}},"38":{"start":{"line":37,"column":4},"end":{"line":42,"column":7}},"39":{"start":{"line":38,"column":36},"end":{"line":38,"column":97}},"40":{"start":{"line":38,"column":42},"end":{"line":38,"column":70}},"41":{"start":{"line":38,"column":85},"end":{"line":38,"column":95}},"42":{"start":{"line":39,"column":35},"end":{"line":39,"column":100}},"43":{"start":{"line":39,"column":41},"end":{"line":39,"column":73}},"44":{"start":{"line":39,"column":88},"end":{"line":39,"column":98}},"45":{"start":{"line":40,"column":32},"end":{"line":40,"column":116}},"46":{"start":{"line":41,"column":8},"end":{"line":41,"column":78}},"47":{"start":{"line":44,"column":0},"end":{"line":44,"column":62}},"48":{"start":{"line":45,"column":0},"end":{"line":45,"column":24}},"49":{"start":{"line":46,"column":0},"end":{"line":46,"column":35}},"50":{"start":{"line":47,"column":22},"end":{"line":47,"column":58}},"51":{"start":{"line":48,"column":0},"end":{"line":48,"column":31}},"52":{"start":{"line":130,"column":43},"end":{"line":130,"column":96}},"53":{"start":{"line":131,"column":32},"end":{"line":131,"column":72}},"54":{"start":{"line":132,"column":58},"end":{"line":137,"column":5}},"55":{"start":{"line":138,"column":18},"end":{"line":138,"column":23}},"56":{"start":{"line":139,"column":17},"end":{"line":150,"column":6}},"57":{"start":{"line":139,"column":23},"end":{"line":150,"column":6}},"58":{"start":{"line":140,"column":8},"end":{"line":149,"column":9}},"59":{"start":{"line":141,"column":32},"end":{"line":141,"column":89}},"60":{"start":{"line":142,"column":12},"end":{"line":147,"column":15}},"61":{"start":{"line":148,"column":12},"end":{"line":148,"column":27}},"62":{"start":{"line":151,"column":4},"end":{"line":151,"column":53}},"63":{"start":{"line":152,"column":4},"end":{"line":152,"column":53}},"64":{"start":{"line":153,"column":4},"end":{"line":282,"column":6}},"65":{"start":{"line":155,"column":12},"end":{"line":159,"column":15}},"66":{"start":{"line":156,"column":16},"end":{"line":156,"column":52}},"67":{"start":{"line":157,"column":16},"end":{"line":157,"column":29}},"68":{"start":{"line":158,"column":16},"end":{"line":158,"column":47}},"69":{"start":{"line":162,"column":12},"end":{"line":167,"column":15}},"70":{"start":{"line":164,"column":16},"end":{"line":164,"column":29}},"71":{"start":{"line":165,"column":37},"end":{"line":165,"column":60}},"72":{"start":{"line":166,"column":16},"end":{"line":166,"column":162}},"73":{"start":{"line":170,"column":12},"end":{"line":177,"column":15}},"74":{"start":{"line":172,"column":16},"end":{"line":172,"column":29}},"75":{"start":{"line":173,"column":37},"end":{"line":175,"column":18}},"76":{"start":{"line":176,"column":16},"end":{"line":176,"column":162}},"77":{"start":{"line":180,"column":12},"end":{"line":192,"column":15}},"78":{"start":{"line":182,"column":16},"end":{"line":182,"column":29}},"79":{"start":{"line":183,"column":40},"end":{"line":186,"column":18}},"80":{"start":{"line":187,"column":16},"end":{"line":189,"column":17}},"81":{"start":{"line":188,"column":20},"end":{"line":188,"column":32}},"82":{"start":{"line":190,"column":37},"end":{"line":190,"column":80}},"83":{"start":{"line":191,"column":16},"end":{"line":191,"column":162}},"84":{"start":{"line":195,"column":12},"end":{"line":201,"column":15}},"85":{"start":{"line":196,"column":16},"end":{"line":196,"column":29}},"86":{"start":{"line":197,"column":16},"end":{"line":197,"column":68}},"87":{"start":{"line":198,"column":37},"end":{"line":198,"column":65}},"88":{"start":{"line":200,"column":16},"end":{"line":200,"column":36}},"89":{"start":{"line":204,"column":12},"end":{"line":209,"column":15}},"90":{"start":{"line":205,"column":16},"end":{"line":205,"column":29}},"91":{"start":{"line":206,"column":37},"end":{"line":206,"column":64}},"92":{"start":{"line":207,"column":16},"end":{"line":207,"column":62}},"93":{"start":{"line":208,"column":16},"end":{"line":208,"column":36}},"94":{"start":{"line":212,"column":12},"end":{"line":215,"column":15}},"95":{"start":{"line":213,"column":16},"end":{"line":213,"column":29}},"96":{"start":{"line":214,"column":16},"end":{"line":214,"column":46}},"97":{"start":{"line":218,"column":12},"end":{"line":223,"column":15}},"98":{"start":{"line":219,"column":16},"end":{"line":219,"column":29}},"99":{"start":{"line":220,"column":16},"end":{"line":222,"column":19}},"100":{"start":{"line":226,"column":12},"end":{"line":229,"column":15}},"101":{"start":{"line":227,"column":16},"end":{"line":227,"column":29}},"102":{"start":{"line":228,"column":16},"end":{"line":228,"column":53}},"103":{"start":{"line":232,"column":12},"end":{"line":248,"column":15}},"104":{"start":{"line":233,"column":16},"end":{"line":233,"column":29}},"105":{"start":{"line":234,"column":40},"end":{"line":236,"column":18}},"106":{"start":{"line":237,"column":16},"end":{"line":239,"column":17}},"107":{"start":{"line":238,"column":20},"end":{"line":238,"column":32}},"108":{"start":{"line":240,"column":37},"end":{"line":240,"column":80}},"109":{"start":{"line":241,"column":16},"end":{"line":243,"column":17}},"110":{"start":{"line":242,"column":20},"end":{"line":242,"column":32}},"111":{"start":{"line":244,"column":16},"end":{"line":247,"column":18}},"112":{"start":{"line":251,"column":12},"end":{"line":255,"column":15}},"113":{"start":{"line":252,"column":16},"end":{"line":252,"column":29}},"114":{"start":{"line":253,"column":16},"end":{"line":253,"column":93}},"115":{"start":{"line":254,"column":16},"end":{"line":254,"column":74}},"116":{"start":{"line":258,"column":12},"end":{"line":263,"column":15}},"117":{"start":{"line":259,"column":16},"end":{"line":259,"column":29}},"118":{"start":{"line":260,"column":32},"end":{"line":260,"column":82}},"119":{"start":{"line":261,"column":16},"end":{"line":261,"column":67}},"120":{"start":{"line":262,"column":16},"end":{"line":262,"column":102}},"121":{"start":{"line":266,"column":12},"end":{"line":269,"column":15}},"122":{"start":{"line":267,"column":16},"end":{"line":267,"column":29}},"123":{"start":{"line":268,"column":16},"end":{"line":268,"column":61}},"124":{"start":{"line":272,"column":12},"end":{"line":280,"column":15}},"125":{"start":{"line":274,"column":16},"end":{"line":274,"column":29}},"126":{"start":{"line":275,"column":38},"end":{"line":277,"column":18}},"127":{"start":{"line":278,"column":16},"end":{"line":278,"column":75}},"128":{"start":{"line":279,"column":16},"end":{"line":279,"column":165}}},"fnMap":{"0":{"name":"(anonymous_0)","decl":{"start":{"line":2,"column":74},"end":{"line":2,"column":75}},"loc":{"start":{"line":2,"column":96},"end":{"line":9,"column":1}},"line":2},"1":{"name":"(anonymous_1)","decl":{"start":{"line":6,"column":38},"end":{"line":6,"column":39}},"loc":{"start":{"line":6,"column":49},"end":{"line":6,"column":65}},"line":6},"2":{"name":"(anonymous_2)","decl":{"start":{"line":9,"column":6},"end":{"line":9,"column":7}},"loc":{"start":{"line":9,"column":28},"end":{"line":12,"column":1}},"line":9},"3":{"name":"(anonymous_3)","decl":{"start":{"line":13,"column":80},"end":{"line":13,"column":81}},"loc":{"start":{"line":13,"column":95},"end":{"line":15,"column":1}},"line":13},"4":{"name":"(anonymous_4)","decl":{"start":{"line":15,"column":5},"end":{"line":15,"column":6}},"loc":{"start":{"line":15,"column":20},"end":{"line":17,"column":1}},"line":15},"5":{"name":"(anonymous_5)","decl":{"start":{"line":18,"column":51},"end":{"line":18,"column":52}},"loc":{"start":{"line":18,"column":63},"end":{"line":34,"column":1}},"line":18},"6":{"name":"(anonymous_6)","decl":{"start":{"line":19,"column":18},"end":{"line":19,"column":19}},"loc":{"start":{"line":19,"column":30},"end":{"line":26,"column":5}},"line":19},"7":{"name":"(anonymous_7)","decl":{"start":{"line":20,"column":48},"end":{"line":20,"column":49}},"loc":{"start":{"line":20,"column":61},"end":{"line":24,"column":9}},"line":20},"8":{"name":"(anonymous_8)","decl":{"start":{"line":27,"column":11},"end":{"line":27,"column":12}},"loc":{"start":{"line":27,"column":26},"end":{"line":33,"column":5}},"line":27},"9":{"name":"(anonymous_9)","decl":{"start":{"line":35,"column":44},"end":{"line":35,"column":45}},"loc":{"start":{"line":35,"column":89},"end":{"line":43,"column":1}},"line":35},"10":{"name":"adopt","decl":{"start":{"line":36,"column":13},"end":{"line":36,"column":18}},"loc":{"start":{"line":36,"column":26},"end":{"line":36,"column":112}},"line":36},"11":{"name":"(anonymous_11)","decl":{"start":{"line":36,"column":70},"end":{"line":36,"column":71}},"loc":{"start":{"line":36,"column":89},"end":{"line":36,"column":108}},"line":36},"12":{"name":"(anonymous_12)","decl":{"start":{"line":37,"column":36},"end":{"line":37,"column":37}},"loc":{"start":{"line":37,"column":63},"end":{"line":42,"column":5}},"line":37},"13":{"name":"fulfilled","decl":{"start":{"line":38,"column":17},"end":{"line":38,"column":26}},"loc":{"start":{"line":38,"column":34},"end":{"line":38,"column":99}},"line":38},"14":{"name":"rejected","decl":{"start":{"line":39,"column":17},"end":{"line":39,"column":25}},"loc":{"start":{"line":39,"column":33},"end":{"line":39,"column":102}},"line":39},"15":{"name":"step","decl":{"start":{"line":40,"column":17},"end":{"line":40,"column":21}},"loc":{"start":{"line":40,"column":30},"end":{"line":40,"column":118}},"line":40},"16":{"name":"SequelizeAdapter","decl":{"start":{"line":128,"column":9},"end":{"line":128,"column":25}},"loc":{"start":{"line":128,"column":43},"end":{"line":283,"column":1}},"line":128},"17":{"name":"(anonymous_17)","decl":{"start":{"line":139,"column":17},"end":{"line":139,"column":18}},"loc":{"start":{"line":139,"column":23},"end":{"line":150,"column":6}},"line":139},"18":{"name":"(anonymous_18)","decl":{"start":{"line":139,"column":55},"end":{"line":139,"column":56}},"loc":{"start":{"line":139,"column":68},"end":{"line":150,"column":5}},"line":139},"19":{"name":"(anonymous_19)","decl":{"start":{"line":154,"column":8},"end":{"line":154,"column":9}},"loc":{"start":{"line":154,"column":25},"end":{"line":160,"column":9}},"line":154},"20":{"name":"(anonymous_20)","decl":{"start":{"line":155,"column":51},"end":{"line":155,"column":52}},"loc":{"start":{"line":155,"column":64},"end":{"line":159,"column":13}},"line":155},"21":{"name":"(anonymous_21)","decl":{"start":{"line":161,"column":8},"end":{"line":161,"column":9}},"loc":{"start":{"line":161,"column":20},"end":{"line":168,"column":9}},"line":161},"22":{"name":"(anonymous_22)","decl":{"start":{"line":162,"column":51},"end":{"line":162,"column":52}},"loc":{"start":{"line":162,"column":64},"end":{"line":167,"column":13}},"line":162},"23":{"name":"(anonymous_23)","decl":{"start":{"line":169,"column":8},"end":{"line":169,"column":9}},"loc":{"start":{"line":169,"column":30},"end":{"line":178,"column":9}},"line":169},"24":{"name":"(anonymous_24)","decl":{"start":{"line":170,"column":51},"end":{"line":170,"column":52}},"loc":{"start":{"line":170,"column":64},"end":{"line":177,"column":13}},"line":170},"25":{"name":"(anonymous_25)","decl":{"start":{"line":179,"column":8},"end":{"line":179,"column":9}},"loc":{"start":{"line":179,"column":29},"end":{"line":193,"column":9}},"line":179},"26":{"name":"(anonymous_26)","decl":{"start":{"line":180,"column":54},"end":{"line":180,"column":55}},"loc":{"start":{"line":180,"column":98},"end":{"line":192,"column":13}},"line":180},"27":{"name":"(anonymous_27)","decl":{"start":{"line":194,"column":8},"end":{"line":194,"column":9}},"loc":{"start":{"line":194,"column":25},"end":{"line":202,"column":9}},"line":194},"28":{"name":"(anonymous_28)","decl":{"start":{"line":195,"column":51},"end":{"line":195,"column":52}},"loc":{"start":{"line":195,"column":64},"end":{"line":201,"column":13}},"line":195},"29":{"name":"(anonymous_29)","decl":{"start":{"line":203,"column":8},"end":{"line":203,"column":9}},"loc":{"start":{"line":203,"column":27},"end":{"line":210,"column":9}},"line":203},"30":{"name":"(anonymous_30)","decl":{"start":{"line":204,"column":51},"end":{"line":204,"column":52}},"loc":{"start":{"line":204,"column":64},"end":{"line":209,"column":13}},"line":204},"31":{"name":"(anonymous_31)","decl":{"start":{"line":211,"column":8},"end":{"line":211,"column":9}},"loc":{"start":{"line":211,"column":29},"end":{"line":216,"column":9}},"line":211},"32":{"name":"(anonymous_32)","decl":{"start":{"line":212,"column":51},"end":{"line":212,"column":52}},"loc":{"start":{"line":212,"column":64},"end":{"line":215,"column":13}},"line":212},"33":{"name":"(anonymous_33)","decl":{"start":{"line":217,"column":8},"end":{"line":217,"column":9}},"loc":{"start":{"line":217,"column":26},"end":{"line":224,"column":9}},"line":217},"34":{"name":"(anonymous_34)","decl":{"start":{"line":218,"column":54},"end":{"line":218,"column":55}},"loc":{"start":{"line":218,"column":98},"end":{"line":223,"column":13}},"line":218},"35":{"name":"(anonymous_35)","decl":{"start":{"line":225,"column":8},"end":{"line":225,"column":9}},"loc":{"start":{"line":225,"column":31},"end":{"line":230,"column":9}},"line":225},"36":{"name":"(anonymous_36)","decl":{"start":{"line":226,"column":51},"end":{"line":226,"column":52}},"loc":{"start":{"line":226,"column":64},"end":{"line":229,"column":13}},"line":226},"37":{"name":"(anonymous_37)","decl":{"start":{"line":231,"column":8},"end":{"line":231,"column":9}},"loc":{"start":{"line":231,"column":40},"end":{"line":249,"column":9}},"line":231},"38":{"name":"(anonymous_38)","decl":{"start":{"line":232,"column":51},"end":{"line":232,"column":52}},"loc":{"start":{"line":232,"column":64},"end":{"line":248,"column":13}},"line":232},"39":{"name":"(anonymous_39)","decl":{"start":{"line":250,"column":8},"end":{"line":250,"column":9}},"loc":{"start":{"line":250,"column":26},"end":{"line":256,"column":9}},"line":250},"40":{"name":"(anonymous_40)","decl":{"start":{"line":251,"column":54},"end":{"line":251,"column":55}},"loc":{"start":{"line":251,"column":92},"end":{"line":255,"column":13}},"line":251},"41":{"name":"(anonymous_41)","decl":{"start":{"line":257,"column":8},"end":{"line":257,"column":9}},"loc":{"start":{"line":257,"column":36},"end":{"line":264,"column":9}},"line":257},"42":{"name":"(anonymous_42)","decl":{"start":{"line":258,"column":51},"end":{"line":258,"column":52}},"loc":{"start":{"line":258,"column":64},"end":{"line":263,"column":13}},"line":258},"43":{"name":"(anonymous_43)","decl":{"start":{"line":265,"column":8},"end":{"line":265,"column":9}},"loc":{"start":{"line":265,"column":39},"end":{"line":270,"column":9}},"line":265},"44":{"name":"(anonymous_44)","decl":{"start":{"line":266,"column":51},"end":{"line":266,"column":52}},"loc":{"start":{"line":266,"column":64},"end":{"line":269,"column":13}},"line":266},"45":{"name":"(anonymous_45)","decl":{"start":{"line":271,"column":8},"end":{"line":271,"column":9}},"loc":{"start":{"line":271,"column":33},"end":{"line":281,"column":9}},"line":271},"46":{"name":"(anonymous_46)","decl":{"start":{"line":272,"column":54},"end":{"line":272,"column":55}},"loc":{"start":{"line":272,"column":88},"end":{"line":280,"column":13}},"line":272}},"branchMap":{"0":{"loc":{"start":{"line":2,"column":22},"end":{"line":12,"column":3}},"type":"binary-expr","locations":[{"start":{"line":2,"column":23},"end":{"line":2,"column":27}},{"start":{"line":2,"column":31},"end":{"line":2,"column":51}},{"start":{"line":2,"column":57},"end":{"line":12,"column":2}}],"line":2},"1":{"loc":{"start":{"line":2,"column":57},"end":{"line":12,"column":2}},"type":"cond-expr","locations":[{"start":{"line":2,"column":74},"end":{"line":9,"column":1}},{"start":{"line":9,"column":6},"end":{"line":12,"column":1}}],"line":2},"2":{"loc":{"start":{"line":3,"column":4},"end":{"line":3,"column":33}},"type":"if","locations":[{"start":{"line":3,"column":4},"end":{"line":3,"column":33}},{"start":{},"end":{}}],"line":3},"3":{"loc":{"start":{"line":5,"column":4},"end":{"line":7,"column":5}},"type":"if","locations":[{"start":{"line":5,"column":4},"end":{"line":7,"column":5}},{"start":{},"end":{}}],"line":5},"4":{"loc":{"start":{"line":5,"column":8},"end":{"line":5,"column":85}},"type":"binary-expr","locations":[{"start":{"line":5,"column":8},"end":{"line":5,"column":13}},{"start":{"line":5,"column":18},"end":{"line":5,"column":84}}],"line":5},"5":{"loc":{"start":{"line":5,"column":18},"end":{"line":5,"column":84}},"type":"cond-expr","locations":[{"start":{"line":5,"column":34},"end":{"line":5,"column":47}},{"start":{"line":5,"column":50},"end":{"line":5,"column":84}}],"line":5},"6":{"loc":{"start":{"line":5,"column":50},"end":{"line":5,"column":84}},"type":"binary-expr","locations":[{"start":{"line":5,"column":50},"end":{"line":5,"column":63}},{"start":{"line":5,"column":67},"end":{"line":5,"column":84}}],"line":5},"7":{"loc":{"start":{"line":10,"column":4},"end":{"line":10,"column":33}},"type":"if","locations":[{"start":{"line":10,"column":4},"end":{"line":10,"column":33}},{"start":{},"end":{}}],"line":10},"8":{"loc":{"start":{"line":13,"column":25},"end":{"line":17,"column":2}},"type":"binary-expr","locations":[{"start":{"line":13,"column":26},"end":{"line":13,"column":30}},{"start":{"line":13,"column":34},"end":{"line":13,"column":57}},{"start":{"line":13,"column":63},"end":{"line":17,"column":1}}],"line":13},"9":{"loc":{"start":{"line":13,"column":63},"end":{"line":17,"column":1}},"type":"cond-expr","locations":[{"start":{"line":13,"column":80},"end":{"line":15,"column":1}},{"start":{"line":15,"column":5},"end":{"line":17,"column":1}}],"line":13},"10":{"loc":{"start":{"line":18,"column":19},"end":{"line":34,"column":4}},"type":"binary-expr","locations":[{"start":{"line":18,"column":20},"end":{"line":18,"column":24}},{"start":{"line":18,"column":28},"end":{"line":18,"column":45}},{"start":{"line":18,"column":50},"end":{"line":34,"column":4}}],"line":18},"11":{"loc":{"start":{"line":20,"column":18},"end":{"line":24,"column":9}},"type":"binary-expr","locations":[{"start":{"line":20,"column":18},"end":{"line":20,"column":44}},{"start":{"line":20,"column":48},"end":{"line":24,"column":9}}],"line":20},"12":{"loc":{"start":{"line":22,"column":29},"end":{"line":22,"column":95}},"type":"if","locations":[{"start":{"line":22,"column":29},"end":{"line":22,"column":95}},{"start":{},"end":{}}],"line":22},"13":{"loc":{"start":{"line":28,"column":8},"end":{"line":28,"column":46}},"type":"if","locations":[{"start":{"line":28,"column":8},"end":{"line":28,"column":46}},{"start":{},"end":{}}],"line":28},"14":{"loc":{"start":{"line":28,"column":12},"end":{"line":28,"column":33}},"type":"binary-expr","locations":[{"start":{"line":28,"column":12},"end":{"line":28,"column":15}},{"start":{"line":28,"column":19},"end":{"line":28,"column":33}}],"line":28},"15":{"loc":{"start":{"line":30,"column":8},"end":{"line":30,"column":137}},"type":"if","locations":[{"start":{"line":30,"column":8},"end":{"line":30,"column":137}},{"start":{},"end":{}}],"line":30},"16":{"loc":{"start":{"line":30,"column":78},"end":{"line":30,"column":137}},"type":"if","locations":[{"start":{"line":30,"column":78},"end":{"line":30,"column":137}},{"start":{},"end":{}}],"line":30},"17":{"loc":{"start":{"line":35,"column":16},"end":{"line":43,"column":1}},"type":"binary-expr","locations":[{"start":{"line":35,"column":17},"end":{"line":35,"column":21}},{"start":{"line":35,"column":25},"end":{"line":35,"column":39}},{"start":{"line":35,"column":44},"end":{"line":43,"column":1}}],"line":35},"18":{"loc":{"start":{"line":36,"column":35},"end":{"line":36,"column":109}},"type":"cond-expr","locations":[{"start":{"line":36,"column":56},"end":{"line":36,"column":61}},{"start":{"line":36,"column":64},"end":{"line":36,"column":109}}],"line":36},"19":{"loc":{"start":{"line":37,"column":16},"end":{"line":37,"column":34}},"type":"binary-expr","locations":[{"start":{"line":37,"column":16},"end":{"line":37,"column":17}},{"start":{"line":37,"column":22},"end":{"line":37,"column":33}}],"line":37},"20":{"loc":{"start":{"line":40,"column":32},"end":{"line":40,"column":115}},"type":"cond-expr","locations":[{"start":{"line":40,"column":46},"end":{"line":40,"column":67}},{"start":{"line":40,"column":70},"end":{"line":40,"column":115}}],"line":40},"21":{"loc":{"start":{"line":41,"column":51},"end":{"line":41,"column":67}},"type":"binary-expr","locations":[{"start":{"line":41,"column":51},"end":{"line":41,"column":61}},{"start":{"line":41,"column":65},"end":{"line":41,"column":67}}],"line":41},"22":{"loc":{"start":{"line":130,"column":20},"end":{"line":130,"column":38}},"type":"default-arg","locations":[{"start":{"line":130,"column":34},"end":{"line":130,"column":38}}],"line":130},"23":{"loc":{"start":{"line":130,"column":43},"end":{"line":130,"column":96}},"type":"cond-expr","locations":[{"start":{"line":130,"column":84},"end":{"line":130,"column":91}},{"start":{"line":130,"column":94},"end":{"line":130,"column":96}}],"line":130},"24":{"loc":{"start":{"line":130,"column":43},"end":{"line":130,"column":81}},"type":"binary-expr","locations":[{"start":{"line":130,"column":43},"end":{"line":130,"column":59}},{"start":{"line":130,"column":63},"end":{"line":130,"column":81}}],"line":130},"25":{"loc":{"start":{"line":133,"column":14},"end":{"line":133,"column":176}},"type":"cond-expr","locations":[{"start":{"line":133,"column":109},"end":{"line":133,"column":111}},{"start":{"line":133,"column":114},"end":{"line":133,"column":176}}],"line":133},"26":{"loc":{"start":{"line":133,"column":14},"end":{"line":133,"column":106}},"type":"binary-expr","locations":[{"start":{"line":133,"column":14},"end":{"line":133,"column":89}},{"start":{"line":133,"column":93},"end":{"line":133,"column":106}}],"line":133},"27":{"loc":{"start":{"line":133,"column":20},"end":{"line":133,"column":79}},"type":"cond-expr","locations":[{"start":{"line":133,"column":59},"end":{"line":133,"column":65}},{"start":{"line":133,"column":68},"end":{"line":133,"column":79}}],"line":133},"28":{"loc":{"start":{"line":133,"column":20},"end":{"line":133,"column":56}},"type":"binary-expr","locations":[{"start":{"line":133,"column":20},"end":{"line":133,"column":35}},{"start":{"line":133,"column":39},"end":{"line":133,"column":56}}],"line":133},"29":{"loc":{"start":{"line":134,"column":17},"end":{"line":134,"column":188}},"type":"cond-expr","locations":[{"start":{"line":134,"column":115},"end":{"line":134,"column":117}},{"start":{"line":134,"column":120},"end":{"line":134,"column":188}}],"line":134},"30":{"loc":{"start":{"line":134,"column":17},"end":{"line":134,"column":112}},"type":"binary-expr","locations":[{"start":{"line":134,"column":17},"end":{"line":134,"column":95}},{"start":{"line":134,"column":99},"end":{"line":134,"column":112}}],"line":134},"31":{"loc":{"start":{"line":134,"column":23},"end":{"line":134,"column":85}},"type":"cond-expr","locations":[{"start":{"line":134,"column":62},"end":{"line":134,"column":68}},{"start":{"line":134,"column":71},"end":{"line":134,"column":85}}],"line":134},"32":{"loc":{"start":{"line":134,"column":23},"end":{"line":134,"column":59}},"type":"binary-expr","locations":[{"start":{"line":134,"column":23},"end":{"line":134,"column":38}},{"start":{"line":134,"column":42},"end":{"line":134,"column":59}}],"line":134},"33":{"loc":{"start":{"line":135,"column":17},"end":{"line":135,"column":188}},"type":"cond-expr","locations":[{"start":{"line":135,"column":115},"end":{"line":135,"column":117}},{"start":{"line":135,"column":120},"end":{"line":135,"column":188}}],"line":135},"34":{"loc":{"start":{"line":135,"column":17},"end":{"line":135,"column":112}},"type":"binary-expr","locations":[{"start":{"line":135,"column":17},"end":{"line":135,"column":95}},{"start":{"line":135,"column":99},"end":{"line":135,"column":112}}],"line":135},"35":{"loc":{"start":{"line":135,"column":23},"end":{"line":135,"column":85}},"type":"cond-expr","locations":[{"start":{"line":135,"column":62},"end":{"line":135,"column":68}},{"start":{"line":135,"column":71},"end":{"line":135,"column":85}}],"line":135},"36":{"loc":{"start":{"line":135,"column":23},"end":{"line":135,"column":59}},"type":"binary-expr","locations":[{"start":{"line":135,"column":23},"end":{"line":135,"column":38}},{"start":{"line":135,"column":42},"end":{"line":135,"column":59}}],"line":135},"37":{"loc":{"start":{"line":136,"column":27},"end":{"line":136,"column":228}},"type":"cond-expr","locations":[{"start":{"line":136,"column":135},"end":{"line":136,"column":137}},{"start":{"line":136,"column":140},"end":{"line":136,"column":228}}],"line":136},"38":{"loc":{"start":{"line":136,"column":27},"end":{"line":136,"column":132}},"type":"binary-expr","locations":[{"start":{"line":136,"column":27},"end":{"line":136,"column":115}},{"start":{"line":136,"column":119},"end":{"line":136,"column":132}}],"line":136},"39":{"loc":{"start":{"line":136,"column":33},"end":{"line":136,"column":105}},"type":"cond-expr","locations":[{"start":{"line":136,"column":72},"end":{"line":136,"column":78}},{"start":{"line":136,"column":81},"end":{"line":136,"column":105}}],"line":136},"40":{"loc":{"start":{"line":136,"column":33},"end":{"line":136,"column":69}},"type":"binary-expr","locations":[{"start":{"line":136,"column":33},"end":{"line":136,"column":48}},{"start":{"line":136,"column":52},"end":{"line":136,"column":69}}],"line":136},"41":{"loc":{"start":{"line":140,"column":8},"end":{"line":149,"column":9}},"type":"if","locations":[{"start":{"line":140,"column":8},"end":{"line":149,"column":9}},{"start":{},"end":{}}],"line":140},"42":{"loc":{"start":{"line":140,"column":12},"end":{"line":140,"column":76}},"type":"binary-expr","locations":[{"start":{"line":140,"column":12},"end":{"line":140,"column":49}},{"start":{"line":140,"column":53},"end":{"line":140,"column":64}},{"start":{"line":140,"column":68},"end":{"line":140,"column":76}}],"line":140},"43":{"loc":{"start":{"line":141,"column":32},"end":{"line":141,"column":89}},"type":"cond-expr","locations":[{"start":{"line":141,"column":66},"end":{"line":141,"column":77}},{"start":{"line":141,"column":80},"end":{"line":141,"column":89}}],"line":141},"44":{"loc":{"start":{"line":166,"column":23},"end":{"line":166,"column":161}},"type":"cond-expr","locations":[{"start":{"line":166,"column":152},"end":{"line":166,"column":154}},{"start":{"line":166,"column":157},"end":{"line":166,"column":161}}],"line":166},"45":{"loc":{"start":{"line":166,"column":23},"end":{"line":166,"column":149}},"type":"binary-expr","locations":[{"start":{"line":166,"column":23},"end":{"line":166,"column":132}},{"start":{"line":166,"column":136},"end":{"line":166,"column":149}}],"line":166},"46":{"loc":{"start":{"line":166,"column":29},"end":{"line":166,"column":122}},"type":"cond-expr","locations":[{"start":{"line":166,"column":80},"end":{"line":166,"column":86}},{"start":{"line":166,"column":89},"end":{"line":166,"column":122}}],"line":166},"47":{"loc":{"start":{"line":166,"column":29},"end":{"line":166,"column":77}},"type":"binary-expr","locations":[{"start":{"line":166,"column":29},"end":{"line":166,"column":50}},{"start":{"line":166,"column":54},"end":{"line":166,"column":77}}],"line":166},"48":{"loc":{"start":{"line":176,"column":23},"end":{"line":176,"column":161}},"type":"cond-expr","locations":[{"start":{"line":176,"column":152},"end":{"line":176,"column":154}},{"start":{"line":176,"column":157},"end":{"line":176,"column":161}}],"line":176},"49":{"loc":{"start":{"line":176,"column":23},"end":{"line":176,"column":149}},"type":"binary-expr","locations":[{"start":{"line":176,"column":23},"end":{"line":176,"column":132}},{"start":{"line":176,"column":136},"end":{"line":176,"column":149}}],"line":176},"50":{"loc":{"start":{"line":176,"column":29},"end":{"line":176,"column":122}},"type":"cond-expr","locations":[{"start":{"line":176,"column":80},"end":{"line":176,"column":86}},{"start":{"line":176,"column":89},"end":{"line":176,"column":122}}],"line":176},"51":{"loc":{"start":{"line":176,"column":29},"end":{"line":176,"column":77}},"type":"binary-expr","locations":[{"start":{"line":176,"column":29},"end":{"line":176,"column":50}},{"start":{"line":176,"column":54},"end":{"line":176,"column":77}}],"line":176},"52":{"loc":{"start":{"line":187,"column":16},"end":{"line":189,"column":17}},"type":"if","locations":[{"start":{"line":187,"column":16},"end":{"line":189,"column":17}},{"start":{},"end":{}}],"line":187},"53":{"loc":{"start":{"line":191,"column":23},"end":{"line":191,"column":161}},"type":"cond-expr","locations":[{"start":{"line":191,"column":152},"end":{"line":191,"column":154}},{"start":{"line":191,"column":157},"end":{"line":191,"column":161}}],"line":191},"54":{"loc":{"start":{"line":191,"column":23},"end":{"line":191,"column":149}},"type":"binary-expr","locations":[{"start":{"line":191,"column":23},"end":{"line":191,"column":132}},{"start":{"line":191,"column":136},"end":{"line":191,"column":149}}],"line":191},"55":{"loc":{"start":{"line":191,"column":29},"end":{"line":191,"column":122}},"type":"cond-expr","locations":[{"start":{"line":191,"column":80},"end":{"line":191,"column":86}},{"start":{"line":191,"column":89},"end":{"line":191,"column":122}}],"line":191},"56":{"loc":{"start":{"line":191,"column":29},"end":{"line":191,"column":77}},"type":"binary-expr","locations":[{"start":{"line":191,"column":29},"end":{"line":191,"column":50}},{"start":{"line":191,"column":54},"end":{"line":191,"column":77}}],"line":191},"57":{"loc":{"start":{"line":237,"column":16},"end":{"line":239,"column":17}},"type":"if","locations":[{"start":{"line":237,"column":16},"end":{"line":239,"column":17}},{"start":{},"end":{}}],"line":237},"58":{"loc":{"start":{"line":241,"column":16},"end":{"line":243,"column":17}},"type":"if","locations":[{"start":{"line":241,"column":16},"end":{"line":243,"column":17}},{"start":{},"end":{}}],"line":241},"59":{"loc":{"start":{"line":245,"column":29},"end":{"line":245,"column":131}},"type":"cond-expr","locations":[{"start":{"line":245,"column":86},"end":{"line":245,"column":92}},{"start":{"line":245,"column":95},"end":{"line":245,"column":131}}],"line":245},"60":{"loc":{"start":{"line":245,"column":29},"end":{"line":245,"column":83}},"type":"binary-expr","locations":[{"start":{"line":245,"column":29},"end":{"line":245,"column":53}},{"start":{"line":245,"column":57},"end":{"line":245,"column":83}}],"line":245},"61":{"loc":{"start":{"line":246,"column":26},"end":{"line":246,"column":119}},"type":"cond-expr","locations":[{"start":{"line":246,"column":77},"end":{"line":246,"column":83}},{"start":{"line":246,"column":86},"end":{"line":246,"column":119}}],"line":246},"62":{"loc":{"start":{"line":246,"column":26},"end":{"line":246,"column":74}},"type":"binary-expr","locations":[{"start":{"line":246,"column":26},"end":{"line":246,"column":47}},{"start":{"line":246,"column":51},"end":{"line":246,"column":74}}],"line":246},"63":{"loc":{"start":{"line":262,"column":23},"end":{"line":262,"column":101}},"type":"cond-expr","locations":[{"start":{"line":262,"column":64},"end":{"line":262,"column":70}},{"start":{"line":262,"column":73},"end":{"line":262,"column":101}}],"line":262},"64":{"loc":{"start":{"line":262,"column":23},"end":{"line":262,"column":61}},"type":"binary-expr","locations":[{"start":{"line":262,"column":23},"end":{"line":262,"column":39}},{"start":{"line":262,"column":43},"end":{"line":262,"column":61}}],"line":262},"65":{"loc":{"start":{"line":279,"column":23},"end":{"line":279,"column":164}},"type":"cond-expr","locations":[{"start":{"line":279,"column":155},"end":{"line":279,"column":157}},{"start":{"line":279,"column":160},"end":{"line":279,"column":164}}],"line":279},"66":{"loc":{"start":{"line":279,"column":23},"end":{"line":279,"column":152}},"type":"binary-expr","locations":[{"start":{"line":279,"column":23},"end":{"line":279,"column":135}},{"start":{"line":279,"column":139},"end":{"line":279,"column":152}}],"line":279},"67":{"loc":{"start":{"line":279,"column":29},"end":{"line":279,"column":125}},"type":"cond-expr","locations":[{"start":{"line":279,"column":82},"end":{"line":279,"column":88}},{"start":{"line":279,"column":91},"end":{"line":279,"column":125}}],"line":279},"68":{"loc":{"start":{"line":279,"column":29},"end":{"line":279,"column":79}},"type":"binary-expr","locations":[{"start":{"line":279,"column":29},"end":{"line":279,"column":51}},{"start":{"line":279,"column":55},"end":{"line":279,"column":79}}],"line":279}},"s":{"0":1,"1":0,"2":0,"3":0,"4":0,"5":0,"6":0,"7":0,"8":0,"9":0,"10":0,"11":1,"12":0,"13":0,"14":1,"15":1,"16":0,"17":0,"18":0,"19":0,"20":0,"21":0,"22":0,"23":1,"24":1,"25":1,"26":0,"27":0,"28":0,"29":0,"30":0,"31":0,"32":0,"33":0,"34":0,"35":1,"36":0,"37":0,"38":0,"39":0,"40":0,"41":0,"42":0,"43":0,"44":0,"45":0,"46":0,"47":1,"48":1,"49":1,"50":1,"51":1,"52":1,"53":1,"54":1,"55":1,"56":1,"57":0,"58":0,"59":0,"60":0,"61":0,"62":1,"63":1,"64":1,"65":0,"66":0,"67":0,"68":0,"69":0,"70":0,"71":0,"72":0,"73":0,"74":0,"75":0,"76":0,"77":0,"78":0,"79":0,"80":0,"81":0,"82":0,"83":0,"84":0,"85":0,"86":0,"87":0,"88":0,"89":0,"90":0,"91":0,"92":0,"93":0,"94":0,"95":0,"96":0,"97":0,"98":0,"99":0,"100":0,"101":0,"102":0,"103":0,"104":0,"105":0,"106":0,"107":0,"108":0,"109":0,"110":0,"111":0,"112":0,"113":0,"114":0,"115":0,"116":0,"117":0,"118":0,"119":0,"120":0,"121":0,"122":0,"123":0,"124":0,"125":0,"126":0,"127":0,"128":0},"f":{"0":0,"1":0,"2":0,"3":0,"4":0,"5":1,"6":0,"7":0,"8":1,"9":0,"10":0,"11":0,"12":0,"13":0,"14":0,"15":0,"16":1,"17":0,"18":0,"19":0,"20":0,"21":0,"22":0,"23":0,"24":0,"25":0,"26":0,"27":0,"28":0,"29":0,"30":0,"31":0,"32":0,"33":0,"34":0,"35":0,"36":0,"37":0,"38":0,"39":0,"40":0,"41":0,"42":0,"43":0,"44":0,"45":0,"46":0},"b":{"0":[1,1,1],"1":[1,0],"2":[0,0],"3":[0,0],"4":[0,0],"5":[0,0],"6":[0,0],"7":[0,0],"8":[1,1,1],"9":[1,0],"10":[1,1,1],"11":[0,0],"12":[0,0],"13":[1,0],"14":[1,1],"15":[0,0],"16":[0,0],"17":[1,1,1],"18":[0,0],"19":[0,0],"20":[0,0],"21":[0,0],"22":[1],"23":[1,0],"24":[1,1],"25":[1,0],"26":[1,1],"27":[0,1],"28":[1,1],"29":[0,1],"30":[1,1],"31":[0,1],"32":[1,1],"33":[0,1],"34":[1,1],"35":[0,1],"36":[1,1],"37":[0,1],"38":[1,1],"39":[0,1],"40":[1,1],"41":[0,0],"42":[0,0,0],"43":[0,0],"44":[0,0],"45":[0,0],"46":[0,0],"47":[0,0],"48":[0,0],"49":[0,0],"50":[0,0],"51":[0,0],"52":[0,0],"53":[0,0],"54":[0,0],"55":[0,0],"56":[0,0],"57":[0,0],"58":[0,0],"59":[0,0],"60":[0,0],"61":[0,0],"62":[0,0],"63":[0,0],"64":[0,0],"65":[0,0],"66":[0,0],"67":[0,0],"68":[0,0]},"inputSourceMap":{"version":3,"file":"/app/src/api/database/sequelize-adapter-src/index.ts","sources":["/app/src/api/database/sequelize-adapter-src/index.ts"],"names":[],"mappings":";;;;;;;;;;;;;;;;;;;;;;;;;;;;;;;;;;;;;;;;;;;;;AA2IA,mCA0LC;AA7SD,2DAA4C;AAElB,+BAAM;AAkChC;;;;;;;;;;;;;;;;;;;;;;;;;;;;;;;;;;;;;;;;;;;;;;;;;;;;;;;;;;;;;;;;;;;;;;;;;;;;;;GA8EG;AACH,SAAwB,gBAAgB,CACtC,MAAiB,EACjB,OAAiC;;IAEjC,MAAM,EAAE,MAAM,EAAE,WAAW,GAAG,IAAI,EAAE,GAAG,OAAO,aAAP,OAAO,cAAP,OAAO,GAAI,EAAE,CAAA;IACpD,MAAM,mBAAmB,GAAG,EAAE,WAAW,EAAE,IAAI,EAAE,UAAU,EAAE,KAAK,EAAE,CAAA;IACpE,MAAM,EAAE,IAAI,EAAE,OAAO,EAAE,OAAO,EAAE,iBAAiB,EAAE,GAAG;QACpD,IAAI,EACF,MAAA,MAAM,aAAN,MAAM,uBAAN,MAAM,CAAE,IAAI,mCACZ,MAAM,CAAC,MAAM,CACX,MAAM,EACN,aAAa,CAAC,IAAI,EAClB,mBAAmB,CACpB;QACH,OAAO,EACL,MAAA,MAAM,aAAN,MAAM,uBAAN,MAAM,CAAE,OAAO,mCACf,MAAM,CAAC,MAAM,CACX,SAAS,EACT,aAAa,CAAC,OAAO,EACrB,mBAAmB,CACpB;QACH,OAAO,EACL,MAAA,MAAM,aAAN,MAAM,uBAAN,MAAM,CAAE,OAAO,mCACf,MAAM,CAAC,MAAM,CACX,SAAS,EACT,aAAa,CAAC,OAAO,EACrB,mBAAmB,CACpB;QACH,iBAAiB,EACf,MAAA,MAAM,aAAN,MAAM,uBAAN,MAAM,CAAE,iBAAiB,mCACzB,MAAM,CAAC,MAAM,CACX,mBAAmB,EACnB,aAAa,CAAC,iBAAiB,EAC/B,mBAAmB,CACpB;KACJ,CAAA;IACD,IAAI,OAAO,GAAG,KAAK,CAAA;IACnB,MAAM,IAAI,GAAG,GAAS,EAAE;QACtB,IAAI,OAAO,CAAC,GAAG,CAAC,QAAQ,KAAK,YAAY,IAAI,WAAW,IAAI,CAAC,OAAO,EAAE,CAAC;YACrE,MAAM,WAAW,GACf,OAAO,WAAW,KAAK,QAAQ,CAAC,CAAC,CAAC,WAAW,CAAC,CAAC,CAAC,SAAS,CAAA;YAE3D,MAAM,OAAO,CAAC,GAAG,CAAC;gBAChB,IAAI,CAAC,IAAI,CAAC,WAAW,CAAC;gBACtB,OAAO,CAAC,IAAI,CAAC,WAAW,CAAC;gBACzB,OAAO,CAAC,IAAI,CAAC,WAAW,CAAC;gBACzB,iBAAiB,CAAC,IAAI,CAAC,WAAW,CAAC;aACpC,CAAC,CAAA;YAEF,OAAO,GAAG,IAAI,CAAA;QAChB,CAAC;IACH,CAAC,CAAA,CAAA;IAED,OAAO,CAAC,SAAS,CAAC,IAAI,EAAE,EAAE,QAAQ,EAAE,SAAS,EAAE,CAAC,CAAA;IAChD,OAAO,CAAC,SAAS,CAAC,IAAI,EAAE,EAAE,QAAQ,EAAE,SAAS,EAAE,CAAC,CAAA;IAEhD,OAAO;QACC,UAAU,CAAC,IAAI;;gBACnB,OAAO,CAAC,GAAG,CAAC,gBAAgB,EAAE,IAAI,CAAC,CAAA;gBACnC,MAAM,IAAI,EAAE,CAAA;gBAEZ,OAAO,MAAM,IAAI,CAAC,MAAM,CAAC,IAAI,CAAC,CAAA;YAChC,CAAC;SAAA;QACK,OAAO,CAAC,EAAE;;;gBACd,MAAM,IAAI,EAAE,CAAA;gBAEZ,MAAM,YAAY,GAAG,MAAM,IAAI,CAAC,QAAQ,CAAC,EAAE,CAAC,CAAA;gBAE5C,OAAO,MAAA,YAAY,aAAZ,YAAY,uBAAZ,YAAY,CAAE,GAAG,CAAC,EAAE,KAAK,EAAE,IAAI,EAAE,CAAC,mCAAI,IAAI,CAAA;YACnD,CAAC;SAAA;QACK,cAAc,CAAC,KAAK;;;gBACxB,MAAM,IAAI,EAAE,CAAA;gBAEZ,MAAM,YAAY,GAAG,MAAM,IAAI,CAAC,OAAO,CAAC;oBACtC,KAAK,EAAE,EAAE,KAAK,EAAE;iBACjB,CAAC,CAAA;gBAEF,OAAO,MAAA,YAAY,aAAZ,YAAY,uBAAZ,YAAY,CAAE,GAAG,CAAC,EAAE,KAAK,EAAE,IAAI,EAAE,CAAC,mCAAI,IAAI,CAAA;YACnD,CAAC;SAAA;QACK,gBAAgB;iEAAC,EAAE,QAAQ,EAAE,iBAAiB,EAAE;;gBACpD,MAAM,IAAI,EAAE,CAAA;gBAEZ,MAAM,eAAe,GAAG,MAAM,OAAO,CAAC,OAAO,CAAC;oBAC5C,mBAAmB;oBACnB,KAAK,EAAE,EAAE,QAAQ,EAAE,iBAAiB,EAAE;iBACvC,CAAC,CAAA;gBAEF,IAAI,CAAC,eAAe,EAAE,CAAC;oBACrB,OAAO,IAAI,CAAA;gBACb,CAAC;gBAED,MAAM,YAAY,GAAG,MAAM,IAAI,CAAC,QAAQ,CAAC,eAAe,CAAC,MAAM,CAAC,CAAA;gBAEhE,OAAO,MAAA,YAAY,aAAZ,YAAY,uBAAZ,YAAY,CAAE,GAAG,CAAC,EAAE,KAAK,EAAE,IAAI,EAAE,CAAC,mCAAI,IAAI,CAAA;YACnD,CAAC;SAAA;QACK,UAAU,CAAC,IAAI;;gBACnB,MAAM,IAAI,EAAE,CAAA;gBAEZ,MAAM,IAAI,CAAC,MAAM,CAAC,IAAI,EAAE,EAAE,KAAK,EAAE,EAAE,EAAE,EAAE,IAAI,CAAC,EAAE,EAAE,EAAE,CAAC,CAAA;gBACnD,MAAM,YAAY,GAAG,MAAM,IAAI,CAAC,QAAQ,CAAC,IAAI,CAAC,EAAE,CAAC,CAAA;gBAEjD,oEAAoE;gBACpE,OAAO,YAAa,CAAA;YACtB,CAAC;SAAA;QACK,UAAU,CAAC,MAAM;;gBACrB,MAAM,IAAI,EAAE,CAAA;gBAEZ,MAAM,YAAY,GAAG,MAAM,IAAI,CAAC,QAAQ,CAAC,MAAM,CAAC,CAAA;gBAEhD,MAAM,IAAI,CAAC,OAAO,CAAC,EAAE,KAAK,EAAE,EAAE,EAAE,EAAE,MAAM,EAAE,EAAE,CAAC,CAAA;gBAE7C,OAAO,YAAY,CAAA;YACrB,CAAC;SAAA;QACK,WAAW,CAAC,OAAO;;gBACvB,MAAM,IAAI,EAAE,CAAA;gBAEZ,MAAM,OAAO,CAAC,MAAM,CAAC,OAAO,CAAC,CAAA;YAC/B,CAAC;SAAA;QACK,aAAa;iEAAC,EAAE,QAAQ,EAAE,iBAAiB,EAAE;gBACjD,MAAM,IAAI,EAAE,CAAA;gBAEZ,MAAM,OAAO,CAAC,OAAO,CAAC;oBACpB,KAAK,EAAE,EAAE,QAAQ,EAAE,iBAAiB,EAAE;iBACvC,CAAC,CAAA;YACJ,CAAC;SAAA;QACK,aAAa,CAAC,OAAO;;gBACzB,MAAM,IAAI,EAAE,CAAA;gBAEZ,OAAO,MAAM,OAAO,CAAC,MAAM,CAAC,OAAO,CAAC,CAAA;YACtC,CAAC;SAAA;QACK,iBAAiB,CAAC,YAAY;;gBAClC,MAAM,IAAI,EAAE,CAAA;gBAEZ,MAAM,eAAe,GAAG,MAAM,OAAO,CAAC,OAAO,CAAC;oBAC5C,KAAK,EAAE,EAAE,YAAY,EAAE;iBACxB,CAAC,CAAA;gBAEF,IAAI,CAAC,eAAe,EAAE,CAAC;oBACrB,OAAO,IAAI,CAAA;gBACb,CAAC;gBAED,MAAM,YAAY,GAAG,MAAM,IAAI,CAAC,QAAQ,CAAC,eAAe,CAAC,MAAM,CAAC,CAAA;gBAEhE,IAAI,CAAC,YAAY,EAAE,CAAC;oBAClB,OAAO,IAAI,CAAA;gBACb,CAAC;gBAED,OAAO;oBACL,OAAO,EAAE,eAAe,aAAf,eAAe,uBAAf,eAAe,CAAE,GAAG,CAAC,EAAE,KAAK,EAAE,IAAI,EAAE,CAAC;oBAC9C,IAAI,EAAE,YAAY,aAAZ,YAAY,uBAAZ,YAAY,CAAE,GAAG,CAAC,EAAE,KAAK,EAAE,IAAI,EAAE,CAAC;iBACzC,CAAA;YACH,CAAC;SAAA;QACK,aAAa;iEAAC,EAAE,YAAY,EAAE,OAAO,EAAE;gBAC3C,MAAM,IAAI,EAAE,CAAA;gBAEZ,MAAM,OAAO,CAAC,MAAM,CAClB,EAAE,OAAO,EAAE,YAAY,EAAE,EACzB,EAAE,KAAK,EAAE,EAAE,YAAY,EAAE,EAAE,CAC5B,CAAA;gBAED,OAAO,MAAM,OAAO,CAAC,OAAO,CAAC,EAAE,KAAK,EAAE,EAAE,YAAY,EAAE,EAAE,CAAC,CAAA;YAC3D,CAAC;SAAA;QACK,aAAa,CAAC,YAAY;;gBAC9B,MAAM,IAAI,EAAE,CAAA;gBAEZ,MAAM,OAAO,GAAG,MAAM,OAAO,CAAC,OAAO,CAAC,EAAE,KAAK,EAAE,EAAE,YAAY,EAAE,EAAE,CAAC,CAAA;gBAClE,MAAM,OAAO,CAAC,OAAO,CAAC,EAAE,KAAK,EAAE,EAAE,YAAY,EAAE,EAAE,CAAC,CAAA;gBAClD,OAAO,OAAO,aAAP,OAAO,uBAAP,OAAO,CAAE,GAAG,CAAC,EAAE,KAAK,EAAE,IAAI,EAAE,CAAC,CAAA;YACtC,CAAC;SAAA;QACK,uBAAuB,CAAC,KAAK;;gBACjC,MAAM,IAAI,EAAE,CAAA;gBAEZ,OAAO,MAAM,iBAAiB,CAAC,MAAM,CAAC,KAAK,CAAC,CAAA;YAC9C,CAAC;SAAA;QACK,oBAAoB;iEAAC,EAAE,UAAU,EAAE,KAAK,EAAE;;gBAC9C,MAAM,IAAI,EAAE,CAAA;gBAEZ,MAAM,aAAa,GAAG,MAAM,iBAAiB,CAAC,OAAO,CAAC;oBACpD,KAAK,EAAE,EAAE,UAAU,EAAE,KAAK,EAAE;iBAC7B,CAAC,CAAA;gBAEF,MAAM,iBAAiB,CAAC,OAAO,CAAC,EAAE,KAAK,EAAE,EAAE,UAAU,EAAE,EAAE,CAAC,CAAA;gBAE1D,OAAO,MAAA,aAAa,aAAb,aAAa,uBAAb,aAAa,CAAE,GAAG,CAAC,EAAE,KAAK,EAAE,IAAI,EAAE,CAAC,mCAAI,IAAI,CAAA;YACpD,CAAC;SAAA;KACF,CAAA;AACH,CAAC","sourcesContent":["/**\n * <div style={{display: \"flex\", justifyContent: \"space-between\", alignItems: \"center\", padding: 16}}>\n *  <p style={{fontWeight: \"normal\"}}>Official <a href=\"https://sequelize.org/docs/v6/getting-started/\">Sequilize</a> adapter for Auth.js / NextAuth.js.</p>\n *  <a href=\"https://sequelize.org/\">\n *   <img style={{display: \"block\"}} src=\"https://authjs.dev/img/adapters/sequelize.svg\" height=\"30\"/>\n *  </a>\n * </div>\n *\n * ## Installation\n *\n * ```bash npm2yarn2pnpm\n * npm install next-auth @auth/sequelize-adapter sequelize\n * ```\n *\n * @module @auth/sequelize-adapter\n */\nimport type {\n  Adapter,\n  AdapterUser,\n  AdapterAccount,\n  AdapterSession,\n  VerificationToken,\n} from \"@auth/core/adapters\"\nimport { Sequelize, Model, ModelCtor } from \"sequelize\"\nimport * as defaultModels from \"./models.js\"\n\nexport { defaultModels as models }\n\n// @see https://sequelize.org/master/manual/typescript.html\n//@ts-expect-error\ninterface AccountInstance\n  extends Model<AdapterAccount, Partial<AdapterAccount>>,\n    AdapterAccount {}\ninterface UserInstance\n  extends Model<AdapterUser, Partial<AdapterUser>>,\n    AdapterUser {}\ninterface SessionInstance\n  extends Model<AdapterSession, Partial<AdapterSession>>,\n    AdapterSession {}\ninterface VerificationTokenInstance\n  extends Model<VerificationToken, Partial<VerificationToken>>,\n    VerificationToken {}\n\n/** This is the interface of the Sequelize adapter options. */\nexport interface SequelizeAdapterOptions {\n  /**\n   * Whether to {@link https://sequelize.org/docs/v6/core-concepts/model-basics/#model-synchronization synchronize} the models or not.\n   */\n  synchronize?: boolean\n  /**\n   * The {@link https://sequelize.org/docs/v6/core-concepts/model-basics/ Sequelize Models} related to Auth.js that will be created in your database.\n   */\n  models?: Partial<{\n    User: ModelCtor<UserInstance>\n    Account: ModelCtor<AccountInstance>\n    Session: ModelCtor<SessionInstance>\n    VerificationToken: ModelCtor<VerificationTokenInstance>\n  }>\n}\n\n/**\n * :::warning\n * You'll also have to manually install [the driver for your database](https://sequelize.org/master/manual/getting-started.html) of choice.\n * :::\n *\n * ## Setup\n *\n * ### Configuring Auth.js\n *\n *  Add this adapter to your `pages/api/[...nextauth].js` next-auth configuration object.\n *\n * ```javascript title=\"pages/api/auth/[...nextauth].js\"\n * import NextAuth from \"next-auth\"\n * import SequelizeAdapter from \"@auth/sequelize-adapter\"\n * import { Sequelize } from \"sequelize\"\n *\n * // https://sequelize.org/master/manual/getting-started.html#connecting-to-a-database\n * const sequelize = new Sequelize(\"yourconnectionstring\")\n *\n * // For more information on each option (and a full list of options) go to\n * // https://authjs.dev/reference/configuration/auth-config\n * export default NextAuth({\n *   // https://authjs.dev/reference/providers/\n *   providers: [],\n *   adapter: SequelizeAdapter(sequelize),\n * })\n * ```\n *\n * ### Updating the database schema\n *\n * By default, the sequelize adapter will not create tables in your database. In production, best practice is to create the [required tables](https://authjs.dev/reference/adapters/models) in your database via [migrations](https://sequelize.org/master/manual/migrations.html). In development, you are able to call [`sequelize.sync()`](https://sequelize.org/master/manual/model-basics.html#model-synchronization) to have sequelize create the necessary tables, foreign keys and indexes:\n *\n * > This schema is adapted for use in Sequelize and based upon our main [schema](https://authjs.dev/reference/adapters#models)\n *\n * ```js\n * import NextAuth from \"next-auth\"\n * import SequelizeAdapter from \"@auth/sequelize-adapter\"\n * import Sequelize from 'sequelize'\n *\n * const sequelize = new Sequelize(\"sqlite::memory:\")\n * const adapter = SequelizeAdapter(sequelize)\n *\n * // Calling sync() is not recommended in production\n * sequelize.sync()\n *\n * export default NextAuth({\n *   ...\n *   adapter\n *   ...\n * })\n * ```\n *\n * ## Advanced usage\n *\n * ### Using custom models\n *\n * Sequelize models are option to customization like so:\n *\n * ```js\n * import NextAuth from \"next-auth\"\n * import SequelizeAdapter, { models } from \"@auth/sequelize-adapter\"\n * import Sequelize, { DataTypes } from \"sequelize\"\n *\n * const sequelize = new Sequelize(\"sqlite::memory:\")\n *\n * export default NextAuth({\n *   // https://authjs.dev/reference/providers/\n *   providers: [],\n *   adapter: SequelizeAdapter(sequelize, {\n *     models: {\n *       User: sequelize.define(\"user\", {\n *         ...models.User,\n *         phoneNumber: DataTypes.STRING,\n *       }),\n *     },\n *   }),\n * })\n * ```\n */\nexport default function SequelizeAdapter(\n  client: Sequelize,\n  options?: SequelizeAdapterOptions\n): Adapter {\n  const { models, synchronize = true } = options ?? {}\n  const defaultModelOptions = { underscored: true, timestamps: false }\n  const { User, Account, Session, VerificationToken } = {\n    User:\n      models?.User ??\n      client.define<UserInstance>(\n        \"user\",\n        defaultModels.User,\n        defaultModelOptions\n      ),\n    Account:\n      models?.Account ??\n      client.define<AccountInstance>(\n        \"account\",\n        defaultModels.Account,\n        defaultModelOptions\n      ),\n    Session:\n      models?.Session ??\n      client.define<SessionInstance>(\n        \"session\",\n        defaultModels.Session,\n        defaultModelOptions\n      ),\n    VerificationToken:\n      models?.VerificationToken ??\n      client.define<VerificationTokenInstance>(\n        \"verificationToken\",\n        defaultModels.VerificationToken,\n        defaultModelOptions\n      ),\n  }\n  let _synced = false\n  const sync = async () => {\n    if (process.env.NODE_ENV !== \"production\" && synchronize && !_synced) {\n      const syncOptions =\n        typeof synchronize === \"object\" ? synchronize : undefined\n\n      await Promise.all([\n        User.sync(syncOptions),\n        Account.sync(syncOptions),\n        Session.sync(syncOptions),\n        VerificationToken.sync(syncOptions),\n      ])\n\n      _synced = true\n    }\n  }\n\n  Account.belongsTo(User, { onDelete: \"cascade\" })\n  Session.belongsTo(User, { onDelete: \"cascade\" })\n\n  return {\n    async createUser(user) {\n      console.log(\">>> createUser\", user)\n      await sync()\n\n      return await User.create(user)\n    },\n    async getUser(id) {\n      await sync()\n\n      const userInstance = await User.findByPk(id)\n\n      return userInstance?.get({ plain: true }) ?? null\n    },\n    async getUserByEmail(email) {\n      await sync()\n\n      const userInstance = await User.findOne({\n        where: { email },\n      })\n\n      return userInstance?.get({ plain: true }) ?? null\n    },\n    async getUserByAccount({ provider, providerAccountId }) {\n      await sync()\n\n      const accountInstance = await Account.findOne({\n        // @ts-expect-error\n        where: { provider, providerAccountId },\n      })\n\n      if (!accountInstance) {\n        return null\n      }\n\n      const userInstance = await User.findByPk(accountInstance.userId)\n\n      return userInstance?.get({ plain: true }) ?? null\n    },\n    async updateUser(user) {\n      await sync()\n\n      await User.update(user, { where: { id: user.id } })\n      const userInstance = await User.findByPk(user.id)\n\n      // eslint-disable-next-line @typescript-eslint/no-non-null-assertion\n      return userInstance!\n    },\n    async deleteUser(userId) {\n      await sync()\n\n      const userInstance = await User.findByPk(userId)\n\n      await User.destroy({ where: { id: userId } })\n\n      return userInstance\n    },\n    async linkAccount(account) {\n      await sync()\n\n      await Account.create(account)\n    },\n    async unlinkAccount({ provider, providerAccountId }) {\n      await sync()\n\n      await Account.destroy({\n        where: { provider, providerAccountId },\n      })\n    },\n    async createSession(session) {\n      await sync()\n\n      return await Session.create(session)\n    },\n    async getSessionAndUser(sessionToken) {\n      await sync()\n\n      const sessionInstance = await Session.findOne({\n        where: { sessionToken },\n      })\n\n      if (!sessionInstance) {\n        return null\n      }\n\n      const userInstance = await User.findByPk(sessionInstance.userId)\n\n      if (!userInstance) {\n        return null\n      }\n\n      return {\n        session: sessionInstance?.get({ plain: true }),\n        user: userInstance?.get({ plain: true }),\n      }\n    },\n    async updateSession({ sessionToken, expires }) {\n      await sync()\n\n      await Session.update(\n        { expires, sessionToken },\n        { where: { sessionToken } }\n      )\n\n      return await Session.findOne({ where: { sessionToken } })\n    },\n    async deleteSession(sessionToken) {\n      await sync()\n\n      const session = await Session.findOne({ where: { sessionToken } })\n      await Session.destroy({ where: { sessionToken } })\n      return session?.get({ plain: true })\n    },\n    async createVerificationToken(token) {\n      await sync()\n\n      return await VerificationToken.create(token)\n    },\n    async useVerificationToken({ identifier, token }) {\n      await sync()\n\n      const tokenInstance = await VerificationToken.findOne({\n        where: { identifier, token },\n      })\n\n      await VerificationToken.destroy({ where: { identifier } })\n\n      return tokenInstance?.get({ plain: true }) ?? null\n    },\n  }\n}\n"]},"_coverageSchema":"1a1c01bbd47fc00a2c39e90264f33305004495a9","hash":"973626bf6a9fb2436b8c774d6c63d48762ec7cd4","contentHash":"91c0e8b01ab62f0b7e33af28c852daf34214cb0617a34b194f18ff878603b7dd"},"/app/src/api/database/sequelize-adapter-src/models.js":{"path":"/app/src/api/database/sequelize-adapter-src/models.js","statementMap":{"0":{"start":{"line":3,"column":0},"end":{"line":5,"column":3}},"1":{"start":{"line":6,"column":0},"end":{"line":6,"column":86}},"2":{"start":{"line":7,"column":20},"end":{"line":7,"column":40}},"3":{"start":{"line":8,"column":0},"end":{"line":51,"column":2}},"4":{"start":{"line":52,"column":0},"end":{"line":71,"column":2}},"5":{"start":{"line":72,"column":0},"end":{"line":90,"column":2}},"6":{"start":{"line":91,"column":0},"end":{"line":104,"column":2}}},"fnMap":{},"branchMap":{},"s":{"0":1,"1":1,"2":1,"3":1,"4":1,"5":1,"6":1},"f":{},"b":{},"inputSourceMap":{"version":3,"names":["sequelize_1","require","exports","Account","id","type","DataTypes","UUID","defaultValue","UUIDV4","primaryKey","STRING","allowNull","provider","providerAccountId","refresh_token","TEXT","access_token","expires_at","INTEGER","token_type","scope","id_token","session_state","userId","User","name","email","unique","emailVerified","DATE","image","Session","expires","sessionToken","VerificationToken","token","identifier"],"sourceRoot":"/app/src/api/database/sequelize-adapter-src/","sources":["/app/src/api/database/sequelize-adapter-src/models.js"],"sourcesContent":["import { DataTypes } from \"sequelize\";\nexport const Account = {\n    id: {\n        type: DataTypes.UUID,\n        defaultValue: DataTypes.UUIDV4,\n        primaryKey: true,\n    },\n    type: { type: DataTypes.STRING, allowNull: false },\n    provider: { type: DataTypes.STRING, allowNull: false },\n    providerAccountId: { type: DataTypes.STRING, allowNull: false },\n    // OAuth access/refresh tokens are often JWTs or JWEs and exceed 255 chars.\n    refresh_token: { type: DataTypes.TEXT },\n    access_token: { type: DataTypes.TEXT },\n    expires_at: { type: DataTypes.INTEGER },\n    token_type: { type: DataTypes.STRING },\n    scope: { type: DataTypes.STRING },\n    id_token: { type: DataTypes.TEXT },\n    session_state: { type: DataTypes.STRING },\n    userId: { type: DataTypes.UUID },\n};\nexport const User = {\n    id: {\n        type: DataTypes.UUID,\n        defaultValue: DataTypes.UUIDV4,\n        primaryKey: true,\n    },\n    name: { type: DataTypes.STRING },\n    email: { type: DataTypes.STRING, unique: \"email\" },\n    emailVerified: { type: DataTypes.DATE },\n    image: { type: DataTypes.STRING },\n};\nexport const Session = {\n    id: {\n        type: DataTypes.UUID,\n        defaultValue: DataTypes.UUIDV4,\n        primaryKey: true,\n    },\n    expires: { type: DataTypes.DATE, allowNull: false },\n    sessionToken: {\n        type: DataTypes.STRING,\n        unique: \"sessionToken\",\n        allowNull: false,\n    },\n    userId: { type: DataTypes.UUID },\n};\nexport const VerificationToken = {\n    token: { type: DataTypes.STRING, primaryKey: true },\n    identifier: { type: DataTypes.STRING, allowNull: false },\n    expires: { type: DataTypes.DATE, allowNull: false },\n};\n"],"mappings":";;;;;;AAAA,MAAAA,WAAA,GAAAC,OAAA;AACaC,OAAA,CAAAC,OAAO,GAAG;EACnBC,EAAE,EAAE;IACAC,IAAI,EAAEL,WAAA,CAAAM,SAAS,CAACC,IAAI;IACpBC,YAAY,EAAER,WAAA,CAAAM,SAAS,CAACG,MAAM;IAC9BC,UAAU,EAAE;GACf;EACDL,IAAI,EAAE;IAAEA,IAAI,EAAEL,WAAA,CAAAM,SAAS,CAACK,MAAM;IAAEC,SAAS,EAAE;EAAK,CAAE;EAClDC,QAAQ,EAAE;IAAER,IAAI,EAAEL,WAAA,CAAAM,SAAS,CAACK,MAAM;IAAEC,SAAS,EAAE;EAAK,CAAE;EACtDE,iBAAiB,EAAE;IAAET,IAAI,EAAEL,WAAA,CAAAM,SAAS,CAACK,MAAM;IAAEC,SAAS,EAAE;EAAK,CAAE;EAC/D;EACAG,aAAa,EAAE;IAAEV,IAAI,EAAEL,WAAA,CAAAM,SAAS,CAACU;EAAI,CAAE;EACvCC,YAAY,EAAE;IAAEZ,IAAI,EAAEL,WAAA,CAAAM,SAAS,CAACU;EAAI,CAAE;EACtCE,UAAU,EAAE;IAAEb,IAAI,EAAEL,WAAA,CAAAM,SAAS,CAACa;EAAO,CAAE;EACvCC,UAAU,EAAE;IAAEf,IAAI,EAAEL,WAAA,CAAAM,SAAS,CAACK;EAAM,CAAE;EACtCU,KAAK,EAAE;IAAEhB,IAAI,EAAEL,WAAA,CAAAM,SAAS,CAACK;EAAM,CAAE;EACjCW,QAAQ,EAAE;IAAEjB,IAAI,EAAEL,WAAA,CAAAM,SAAS,CAACU;EAAI,CAAE;EAClCO,aAAa,EAAE;IAAElB,IAAI,EAAEL,WAAA,CAAAM,SAAS,CAACK;EAAM,CAAE;EACzCa,MAAM,EAAE;IAAEnB,IAAI,EAAEL,WAAA,CAAAM,SAAS,CAACC;EAAI;CACjC;AACYL,OAAA,CAAAuB,IAAI,GAAG;EAChBrB,EAAE,EAAE;IACAC,IAAI,EAAEL,WAAA,CAAAM,SAAS,CAACC,IAAI;IACpBC,YAAY,EAAER,WAAA,CAAAM,SAAS,CAACG,MAAM;IAC9BC,UAAU,EAAE;GACf;EACDgB,IAAI,EAAE;IAAErB,IAAI,EAAEL,WAAA,CAAAM,SAAS,CAACK;EAAM,CAAE;EAChCgB,KAAK,EAAE;IAAEtB,IAAI,EAAEL,WAAA,CAAAM,SAAS,CAACK,MAAM;IAAEiB,MAAM,EAAE;EAAO,CAAE;EAClDC,aAAa,EAAE;IAAExB,IAAI,EAAEL,WAAA,CAAAM,SAAS,CAACwB;EAAI,CAAE;EACvCC,KAAK,EAAE;IAAE1B,IAAI,EAAEL,WAAA,CAAAM,SAAS,CAACK;EAAM;CAClC;AACYT,OAAA,CAAA8B,OAAO,GAAG;EACnB5B,EAAE,EAAE;IACAC,IAAI,EAAEL,WAAA,CAAAM,SAAS,CAACC,IAAI;IACpBC,YAAY,EAAER,WAAA,CAAAM,SAAS,CAACG,MAAM;IAC9BC,UAAU,EAAE;GACf;EACDuB,OAAO,EAAE;IAAE5B,IAAI,EAAEL,WAAA,CAAAM,SAAS,CAACwB,IAAI;IAAElB,SAAS,EAAE;EAAK,CAAE;EACnDsB,YAAY,EAAE;IACV7B,IAAI,EAAEL,WAAA,CAAAM,SAAS,CAACK,MAAM;IACtBiB,MAAM,EAAE,cAAc;IACtBhB,SAAS,EAAE;GACd;EACDY,MAAM,EAAE;IAAEnB,IAAI,EAAEL,WAAA,CAAAM,SAAS,CAACC;EAAI;CACjC;AACYL,OAAA,CAAAiC,iBAAiB,GAAG;EAC7BC,KAAK,EAAE;IAAE/B,IAAI,EAAEL,WAAA,CAAAM,SAAS,CAACK,MAAM;IAAED,UAAU,EAAE;EAAI,CAAE;EACnD2B,UAAU,EAAE;IAAEhC,IAAI,EAAEL,WAAA,CAAAM,SAAS,CAACK,MAAM;IAAEC,SAAS,EAAE;EAAK,CAAE;EACxDqB,OAAO,EAAE;IAAE5B,IAAI,EAAEL,WAAA,CAAAM,SAAS,CAACwB,IAAI;IAAElB,SAAS,EAAE;EAAK;CACpD","ignoreList":[]},"_coverageSchema":"1a1c01bbd47fc00a2c39e90264f33305004495a9","hash":"b5fc28fb0fde8631be52435118dafd5eea903f10","contentHash":"85013eaec6fac1286ba5367f3e9fe54256d51b9571a96cf37ff24bd297e89f0b"},"/app/src/api/database/sequelize.ts":{"path":"/app/src/api/database/sequelize.ts","statementMap":{"0":{"start":{"line":2,"column":22},"end":{"line":4,"column":1}},"1":{"start":{"line":3,"column":4},"end":{"line":3,"column":62}},"2":{"start":{"line":6,"column":0},"end":{"line":6,"column":62}},"3":{"start":{"line":7,"column":31},"end":{"line":7,"column":62}},"4":{"start":{"line":8,"column":13},"end":{"line":8,"column":43}},"5":{"start":{"line":9,"column":20},"end":{"line":9,"column":55}},"6":{"start":{"line":10,"column":13},"end":{"line":10,"column":45}},"7":{"start":{"line":11,"column":0},"end":{"line":13,"column":1}},"8":{"start":{"line":12,"column":4},"end":{"line":12,"column":48}},"9":{"start":{"line":14,"column":18},"end":{"line":29,"column":2}},"10":{"start":{"line":30,"column":0},"end":{"line":30,"column":51}},"11":{"start":{"line":31,"column":0},"end":{"line":31,"column":28}}},"fnMap":{"0":{"name":"(anonymous_0)","decl":{"start":{"line":2,"column":56},"end":{"line":2,"column":57}},"loc":{"start":{"line":2,"column":71},"end":{"line":4,"column":1}},"line":2}},"branchMap":{"0":{"loc":{"start":{"line":2,"column":22},"end":{"line":4,"column":1}},"type":"binary-expr","locations":[{"start":{"line":2,"column":23},"end":{"line":2,"column":27}},{"start":{"line":2,"column":31},"end":{"line":2,"column":51}},{"start":{"line":2,"column":56},"end":{"line":4,"column":1}}],"line":2},"1":{"loc":{"start":{"line":3,"column":11},"end":{"line":3,"column":61}},"type":"cond-expr","locations":[{"start":{"line":3,"column":37},"end":{"line":3,"column":40}},{"start":{"line":3,"column":43},"end":{"line":3,"column":61}}],"line":3},"2":{"loc":{"start":{"line":3,"column":12},"end":{"line":3,"column":33}},"type":"binary-expr","locations":[{"start":{"line":3,"column":12},"end":{"line":3,"column":15}},{"start":{"line":3,"column":19},"end":{"line":3,"column":33}}],"line":3},"3":{"loc":{"start":{"line":11,"column":0},"end":{"line":13,"column":1}},"type":"if","locations":[{"start":{"line":11,"column":0},"end":{"line":13,"column":1}},{"start":{},"end":{}}],"line":11},"4":{"loc":{"start":{"line":26,"column":22},"end":{"line":26,"column":100}},"type":"cond-expr","locations":[{"start":{"line":26,"column":92},"end":{"line":26,"column":94}},{"start":{"line":26,"column":97},"end":{"line":26,"column":100}}],"line":26},"5":{"loc":{"start":{"line":26,"column":22},"end":{"line":26,"column":89}},"type":"binary-expr","locations":[{"start":{"line":26,"column":22},"end":{"line":26,"column":72}},{"start":{"line":26,"column":76},"end":{"line":26,"column":89}}],"line":26},"6":{"loc":{"start":{"line":27,"column":22},"end":{"line":27,"column":100}},"type":"cond-expr","locations":[{"start":{"line":27,"column":92},"end":{"line":27,"column":94}},{"start":{"line":27,"column":97},"end":{"line":27,"column":100}}],"line":27},"7":{"loc":{"start":{"line":27,"column":22},"end":{"line":27,"column":89}},"type":"binary-expr","locations":[{"start":{"line":27,"column":22},"end":{"line":27,"column":72}},{"start":{"line":27,"column":76},"end":{"line":27,"column":89}}],"line":27}},"s":{"0":1,"1":2,"2":1,"3":1,"4":1,"5":1,"6":1,"7":1,"8":0,"9":1,"10":1,"11":1},"f":{"0":2},"b":{"0":[1,1,1],"1":[1,1],"2":[2,2],"3":[0,1],"4":[0,1],"5":[1,1],"6":[0,1],"7":[1,1]},"inputSourceMap":{"version":3,"file":"/app/src/api/database/sequelize.ts","sources":["/app/src/api/database/sequelize.ts"],"names":[],"mappings":";;;;;;AAAA,+DAAiD;AACjD,4CAAoB;AACpB,wDAA2E;AAC3E,8CAAsB;AAEtB,IAAI,CAAC,OAAO,CAAC,GAAG,CAAC,YAAY,EAAE,CAAC;IAC9B,MAAM,IAAI,KAAK,CAAC,0BAA0B,CAAC,CAAC;AAC9C,CAAC;AAED,MAAM,SAAS,GAAG,IAAI,gCAAS,CAAC,OAAO,CAAC,GAAG,CAAC,YAAY,EAAE;IACxD,MAAM,EAAE,MAAM,CAAC,MAAM,CAAC,YAAE,CAAC;IACzB,OAAO,EAAE,KAAK;IACd,aAAa,EAAE,YAAE;IAEjB,KAAK,EAAE;QACL,oEAAoE;QACpE,KAAK,EAAE;YACL,iBAAiB,EAAE,oEAAoE;SACxF;QACD,GAAG,EAAE,CAAC;KACP;IAED,IAAI,EAAE;QACJ,GAAG,EAAE,QAAQ,CAAC,MAAA,OAAO,CAAC,GAAG,CAAC,sBAAsB,mCAAI,GAAG,CAAC;QACxD,GAAG,EAAE,QAAQ,CAAC,MAAA,OAAO,CAAC,GAAG,CAAC,sBAAsB,mCAAI,GAAG,CAAC;KACzD;CACF,CAAC,CAAC;AAEH,IAAA,2CAA+B,GAAE,CAAC;AAElC,kBAAe,SAAS,CAAC","sourcesContent":["import { Sequelize } from \"sequelize-typescript\";\nimport pg from \"pg\";\nimport { hookIsPartialAfterSequelizeInit } from \"./modelHelpers/ZodColumn\";\nimport db from \"./db\";\n\nif (!process.env.DATABASE_URI) {\n  throw new Error(\"DATABASE_URI is not set.\");\n}\n\nconst sequelize = new Sequelize(process.env.DATABASE_URI, {\n  models: Object.values(db),\n  logging: false,\n  dialectModule: pg,\n\n  retry: {\n    // Error types: https://sequelize.org/api/v6/identifiers.html#errors\n    match: [\n      /ConnectionError/, // Fix pg vercel bug: https://github.com/orgs/vercel/discussions/234\n    ],\n    max: 3,\n  },\n\n  pool: {\n    max: parseInt(process.env.DATABASE_MAX_POOL_SIZE ?? \"5\"),\n    min: parseInt(process.env.DATABASE_MIN_POOL_SIZE ?? \"0\"),\n  },\n});\n\nhookIsPartialAfterSequelizeInit();\n\nexport default sequelize;\n"]},"_coverageSchema":"1a1c01bbd47fc00a2c39e90264f33305004495a9","hash":"f9ae6f26dc54a23d0d400f1b2540edeaa7d37966","contentHash":"4bd499b1ec1694f36e8929bc74ad5dc7ae82fc8696b365b5e612938ebc32f8fb"},"/app/src/api/database/modelHelpers/ZodColumn.ts":{"path":"/app/src/a
[...]
lumn":16},"end":{"line":4,"column":34}},"type":"binary-expr","locations":[{"start":{"line":4,"column":16},"end":{"line":4,"column":17}},{"start":{"line":4,"column":22},"end":{"line":4,"column":33}}],"line":4},"3":{"loc":{"start":{"line":7,"column":32},"end":{"line":7,"column":115}},"type":"cond-expr","locations":[{"start":{"line":7,"column":46},"end":{"line":7,"column":67}},{"start":{"line":7,"column":70},"end":{"line":7,"column":115}}],"line":7},"4":{"loc":{"start":{"line":8,"column":51},"end":{"line":8,"column":67}},"type":"binary-expr","locations":[{"start":{"line":8,"column":51},"end":{"line":8,"column":61}},{"start":{"line":8,"column":65},"end":{"line":8,"column":67}}],"line":8},"5":{"loc":{"start":{"line":11,"column":22},"end":{"line":13,"column":1}},"type":"binary-expr","locations":[{"start":{"line":11,"column":23},"end":{"line":11,"column":27}},{"start":{"line":11,"column":31},"end":{"line":11,"column":51}},{"start":{"line":11,"column":56},"end":{"line":13,"column":1}}],"line":11},"6":{"loc":{"start":{"line":12,"column":11},"end":{"line":12,"column":61}},"type":"cond-expr","locations":[{"start":{"line":12,"column":37},"end":{"line":12,"column":40}},{"start":{"line":12,"column":43},"end":{"line":12,"column":61}}],"line":12},"7":{"loc":{"start":{"line":12,"column":12},"end":{"line":12,"column":33}},"type":"binary-expr","locations":[{"start":{"line":12,"column":12},"end":{"line":12,"column":15}},{"start":{"line":12,"column":19},"end":{"line":12,"column":33}}],"line":12},"8":{"loc":{"start":{"line":38,"column":8},"end":{"line":40,"column":9}},"type":"if","locations":[{"start":{"line":38,"column":8},"end":{"line":40,"column":9}},{"start":{},"end":{}}],"line":38},"9":{"loc":{"start":{"line":38,"column":12},"end":{"line":38,"column":56}},"type":"binary-expr","locations":[{"start":{"line":38,"column":12},"end":{"line":38,"column":17}},{"start":{"line":38,"column":21},"end":{"line":38,"column":56}}],"line":38},"10":{"loc":{"start":{"line":41,"column":62},"end":{"line":44,"column":9}},"type":"binary-expr","locations":[{"start":{"line":41,"column":62},"end":{"line":41,"column":80}},{"start":{"line":41,"column":84},"end":{"line":44,"column":9}}],"line":41},"11":{"loc":{"start":{"line":43,"column":20},"end":{"line":43,"column":72}},"type":"cond-expr","locations":[{"start":{"line":43,"column":36},"end":{"line":43,"column":40}},{"start":{"line":43,"column":43},"end":{"line":43,"column":72}}],"line":43},"12":{"loc":{"start":{"line":44,"column":14},"end":{"line":44,"column":158}},"type":"binary-expr","locations":[{"start":{"line":44,"column":14},"end":{"line":44,"column":33}},{"start":{"line":44,"column":37},"end":{"line":44,"column":158}}],"line":44},"13":{"loc":{"start":{"line":44,"column":46},"end":{"line":44,"column":156}},"type":"cond-expr","locations":[{"start":{"line":44,"column":147},"end":{"line":44,"column":149}},{"start":{"line":44,"column":152},"end":{"line":44,"column":156}}],"line":44},"14":{"loc":{"start":{"line":44,"column":46},"end":{"line":44,"column":144}},"type":"binary-expr","locations":[{"start":{"line":44,"column":46},"end":{"line":44,"column":127}},{"start":{"line":44,"column":131},"end":{"line":44,"column":144}}],"line":44},"15":{"loc":{"start":{"line":44,"column":52},"end":{"line":44,"column":117}},"type":"cond-expr","locations":[{"start":{"line":44,"column":89},"end":{"line":44,"column":95}},{"start":{"line":44,"column":98},"end":{"line":44,"column":117}}],"line":44},"16":{"loc":{"start":{"line":44,"column":52},"end":{"line":44,"column":86}},"type":"binary-expr","locations":[{"start":{"line":44,"column":52},"end":{"line":44,"column":66}},{"start":{"line":44,"column":70},"end":{"line":44,"column":86}}],"line":44},"17":{"loc":{"start":{"line":49,"column":8},"end":{"line":93,"column":9}},"type":"if","locations":[{"start":{"line":49,"column":8},"end":{"line":93,"column":9}},{"start":{"line":68,"column":13},"end":{"line":93,"column":9}}],"line":49},"18":{"loc":{"start":{"line":49,"column":12},"end":{"line":49,"column":45}},"type":"binary-expr","locations":[{"start":{"line":49,"column":12},"end":{"line":49,"column":29}},{"start":{"line":49,"column":33},"end":{"line":49,"column":45}}],"line":49},"19":{"loc":{"start":{"line":50,"column":12},"end":{"line":52,"column":13}},"type":"if","locations":[{"start":{"line":50,"column":12},"end":{"line":52,"column":13}},{"start":{},"end":{}}],"line":50},"20":{"loc":{"start":{"line":53,"column":12},"end":{"line":66,"column":13}},"type":"if","locations":[{"start":{"line":53,"column":12},"end":{"line":66,"column":13}},{"start":{"line":57,"column":17},"end":{"line":66,"column":13}}],"line":53},"21":{"loc":{"start":{"line":57,"column":17},"end":{"line":66,"column":13}},"type":"if","locations":[{"start":{"line":57,"column":17},"end":{"line":66,"column":13}},{"start":{"line":61,"column":17},"end":{"line":66,"column":13}}],"line":57},"22":{"loc":{"start":{"line":62,"column":16},"end":{"line":64,"column":17}},"type":"if","locations":[{"start":{"line":62,"column":16},"end":{"line":64,"column":17}},{"start":{},"end":{}}],"line":62},"23":{"loc":{"start":{"line":68,"column":13},"end":{"line":93,"column":9}},"type":"if","locations":[{"start":{"line":68,"column":13},"end":{"line":93,"column":9}},{"start":{"line":72,"column":13},"end":{"line":93,"column":9}}],"line":68},"24":{"loc":{"start":{"line":72,"column":13},"end":{"line":93,"column":9}},"type":"if","locations":[{"start":{"line":72,"column":13},"end":{"line":93,"column":9}},{"start":{"line":76,"column":13},"end":{"line":93,"column":9}}],"line":72},"25":{"loc":{"start":{"line":78,"column":25},"end":{"line":80,"column":29}},"type":"cond-expr","locations":[{"start":{"line":79,"column":18},"end":{"line":79,"column":90}},{"start":{"line":80,"column":18},"end":{"line":80,"column":29}}],"line":78},"26":{"loc":{"start":{"line":83,"column":36},"end":{"line":83,"column":67}},"type":"cond-expr","locations":[{"start":{"line":83,"column":51},"end":{"line":83,"column":53}},{"start":{"line":83,"column":56},"end":{"line":83,"column":67}}],"line":83},"27":{"loc":{"start":{"line":89,"column":16},"end":{"line":91,"column":17}},"type":"if","locations":[{"start":{"line":89,"column":16},"end":{"line":91,"column":17}},{"start":{},"end":{}}],"line":89}},"s":{"0":1,"1":2,"2":0,"3":4,"4":2,"5":2,"6":0,"7":0,"8":0,"9":0,"10":6,"11":4,"12":1,"13":1,"14":1,"15":1,"16":1,"17":1,"18":1,"19":1,"20":0,"21":2,"22":2,"23":0,"24":2,"25":2,"26":2,"27":0,"28":0,"29":0,"30":0,"31":0,"32":0,"33":0,"34":0,"35":0,"36":2,"37":0,"38":2,"39":2,"40":0,"41":0,"42":0,"43":0,"44":0,"45":0,"46":0,"47":0,"48":0,"49":0},"f":{"0":4,"1":2,"2":0,"3":4,"4":2,"5":0,"6":6,"7":1,"8":0,"9":2,"10":2,"11":2,"12":2,"13":0},"b":{"0":[1,1,1],"1":[2,0],"2":[4,4],"3":[4,2],"4":[4,2],"5":[1,1,1],"6":[1,0],"7":[1,1],"8":[0,2],"9":[2,1],"10":[2,1],"11":[0,1],"12":[2,1],"13":[1,0],"14":[1,1],"15":[0,1],"16":[1,1],"17":[0,2],"18":[2,0],"19":[0,0],"20":[0,0],"21":[0,0],"22":[0,0],"23":[0,2],"24":[2,0],"25":[0,0],"26":[0,0],"27":[0,0]},"inputSourceMap":{"version":3,"file":"/app/src/api/routes/checkAndComputeUserFields.ts","sources":["/app/src/api/routes/checkAndComputeUserFields.ts"],"names":[],"mappings":";;;;;;;;;;;;;;AAgBA,8DAsCC;AArDD,wDAAgC;AAChC,4CAAgD;AAChD,sCAAmD;AACnD,kDAA8E;AAE9E,SAAS,cAAc,CAAC,GAAW;IACjC,OAAO,aAAa,CAAC,IAAI,CAAC,GAAG,CAAC,CAAC;AACjC,CAAC;AAED;;;;;GAKG;AACH,SAAsB,yBAAyB;yDAAC,EAC9C,KAAK,EACL,IAAI,EACJ,WAAW,EACX,GAAG,EACH,MAAM,EACN,WAAW,GAQZ;;QAMC;;;;;WAKG;QACH,IAAI,KAAK,IAAI,CAAC,IAAA,sBAAY,EAAC,KAAK,CAAC,EAAE,CAAC;YAClC,MAAM,IAAA,+BAAsB,EAAC,YAAY,CAAC,CAAC;QAC7C,CAAC;QAED,qDACK,CAAC,IAAI,KAAK,SAAS,IAAI;YACxB,IAAI;YACJ,MAAM,EAAE,IAAI,KAAK,IAAI,CAAC,CAAC,CAAC,IAAI,CAAC,CAAC,CAAC,IAAA,kBAAQ,EAAC,IAAI,CAAC;SAC9C,CAAC,GACC,CAAC,KAAK,KAAK,SAAS,IAAI,EAAE,KAAK,EAAE,MAAA,KAAK,aAAL,KAAK,uBAAL,KAAK,CAAE,WAAW,EAAE,mCAAI,IAAI,EAAE,CAAC,GAChE,CAAC,MAAM,kBAAkB,CAAC,IAAI,EAAE,WAAW,EAAE,MAAM,EAAE,GAAG,EAAE,WAAW,CAAC,CAAC,EAC1E;IACJ,CAAC;CAAA;AAED,SAAe,kBAAkB,CAC/B,IAA+B,EAC/B,WAAoB,EACpB,MAAqB,EACrB,GAA8B,EAC9B,WAAwB;;QAIxB,IAAI,GAAG,KAAK,SAAS,IAAI,GAAG,KAAK,IAAI,EAAE,CAAC;YACtC,IAAI,CAAC,cAAc,CAAC,GAAG,CAAC,EAAE,CAAC;gBACzB,MAAM,IAAA,+BAAsB,EAC1B,yBAAyB,CAC1B,CAAC;YACJ,CAAC;YAED,IAAI,GAAG,KAAK,MAAM,EAAE,CAAC;gBACnB,sBAAsB;gBACtB,OAAO,EAAE,CAAC;YACZ,CAAC;iBAAM,IAAI,CAAC,WAAW,EAAE,CAAC;gBACxB,0CAA0C;gBAC1C,MAAM,IAAA,+BAAsB,EAC1B,IAAI,IAAA,kBAAW,EAAC,WAAW,CAAC,EAAE,GAAG,aAAa,CAC/C,CAAC;YACJ,CAAC;iBAAM,CAAC;gBACN,IAAI,MAAM,YAAE,CAAC,IAAI,CAAC,KAAK,CAAC,EAAE,KAAK,EAAE,EAAE,GAAG,EAAE,EAAE,WAAW,EAAE,CAAC,EAAE,CAAC;oBACzD,MAAM,IAAA,+BAAsB,EAAC,aAAa,CAAC,CAAC;gBAC9C,CAAC;gBACD,OAAO,EAAE,GAAG,EAAE,CAAC;YACjB,CAAC;QACH,CAAC;aAAM,IAAI,MAAM,KAAK,IAAI,EAAE,CAAC;YAC3B,yCAAyC;YACzC,OAAO,EAAE,CAAC;QACZ,CAAC;aAAM,IAAI,CAAC,WAAW,EAAE,CAAC;YACxB,oCAAoC;YACpC,OAAO,EAAE,CAAC;QACZ,CAAC;aAAM,CAAC;YACN,uBAAuB;YACvB,MAAM,IAAI,GAAG,IAAI;gBACf,CAAC,CAAC,IAAA,kBAAQ,EAAC,IAAA,wBAAc,EAAC,IAAI,EAAE,UAAU,CAAC,CAAC;gBAC5C,CAAC,CAAC,WAAW,CAAC;YAEhB,IAAI,MAAM,GAAG,CAAC,CAAC;YACf,MAAM,UAAU,GAAG,GAAG,EAAE;gBACtB,MAAM,GAAG,GAAG,IAAI,GAAG,CAAC,MAAM,KAAK,CAAC,CAAC,CAAC,CAAC,EAAE,CAAC,CAAC,CAAC,GAAG,MAAM,EAAE,CAAC,CAAC;gBACrD,MAAM,EAAE,CAAC;gBACT,OAAO,GAAG,CAAC;YACb,CAAC,CAAC;YAEF,OAAO,IAAI,EAAE,CAAC;gBACZ,MAAM,OAAO,GAAG,UAAU,EAAE,CAAC;gBAC7B,IACE,CAAC,MAAM,YAAE,CAAC,IAAI,CAAC,KAAK,CAAC,EAAE,KAAK,EAAE,EAAE,GAAG,EAAE,OAAO,EAAE,EAAE,WAAW,EAAE,CAAC,CAAC,KAAK,CAAC,EACrE,CAAC;oBACD,OAAO,EAAE,GAAG,EAAE,OAAO,EAAE,CAAC;gBAC1B,CAAC;YACH,CAAC;QACH,CAAC;IACH,CAAC;CAAA","sourcesContent":["import { Transaction } from \"sequelize\";\nimport db from \"../database/db\";\nimport { displayName } from \"../../shared/Role\";\nimport { generalBadRequestError } from \"../errors\";\nimport { formatUserName, isValidEmail, toPinyin } from \"../../shared/strings\";\n\nfunction isValidUserUrl(url: string) {\n  return /^[a-z0-9]+$/.test(url);\n}\n\n/**\n * @param email Set to undefined to omit it in the output.\n * @param name Set to undefined to omit it in the output.\n * @param url Set to null or undefined to auto generate the url or inherit the\n * old url if `oldUrl` is not null.\n */\nexport async function checkAndComputeUserFields({\n  email,\n  name,\n  isVolunteer,\n  url,\n  oldUrl,\n  transaction,\n}: {\n  email?: string | null;\n  name?: string | null;\n  isVolunteer: boolean;\n  url?: string | null;\n  oldUrl: string | null;\n  transaction: Transaction;\n}): Promise<{\n  email?: string | null;\n  name?: string | null;\n  pinyin?: string | null;\n  url?: string | null;\n}> {\n  /**\n   * We don't check Chinese name validity here, because the user\n   * may be automatically created via WeChat sign-in or application form\n   * submission. We simply can't enforce Chinese names in these cases without\n   * breaking the workflow.\n   */\n  if (email && !isValidEmail(email)) {\n    throw generalBadRequestError(\"Email地址无效。\");\n  }\n\n  return {\n    ...(name !== undefined && {\n      name,\n      pinyin: name === null ? null : toPinyin(name),\n    }),\n    ...(email !== undefined && { email: email?.toLowerCase() ?? null }),\n    ...(await checkAndComputeUrl(name, isVolunteer, oldUrl, url, transaction)),\n  };\n}\n\nasync function checkAndComputeUrl(\n  name: string | null | undefined,\n  isVolunteer: boolean,\n  oldUrl: string | null,\n  url: string | null | undefined,\n  transaction: Transaction,\n): Promise<{\n  url?: string | null;\n}> {\n  if (url !== undefined && url !== null) {\n    if (!isValidUserUrl(url)) {\n      throw generalBadRequestError(\n        \"用户URL格式无效。只允许小写英文字母和数字。\",\n      );\n    }\n\n    if (url === oldUrl) {\n      // Nothing is changing\n      return {};\n    } else if (!isVolunteer) {\n      // Only volunteers are allowed to set urls\n      throw generalBadRequestError(\n        `非${displayName(\"Volunteer\")}` + \"没有设置URL的权限。\",\n      );\n    } else {\n      if (await db.User.count({ where: { url }, transaction })) {\n        throw generalBadRequestError(\"此用户URL已被注册。\");\n      }\n      return { url };\n    }\n  } else if (oldUrl !== null) {\n    // Retain the old url if it's already set\n    return {};\n  } else if (!isVolunteer) {\n    // Only populate urls for volunteers\n    return {};\n  } else {\n    // Auto generate an url\n    const base = name\n      ? toPinyin(formatUserName(name, \"friendly\"))\n      : \"anonymous\";\n\n    let suffix = 1;\n    const getNextUrl = () => {\n      const ret = base + (suffix === 1 ? \"\" : `${suffix}`);\n      suffix++;\n      return ret;\n    };\n\n    while (true) {\n      const nextUrl = getNextUrl();\n      if (\n        (await db.User.count({ where: { url: nextUrl }, transaction })) === 0\n      ) {\n        return { url: nextUrl };\n      }\n    }\n  }\n}\n"]},"_coverageSchema":"1a1c01bbd47fc00a2c39e90264f33305004495a9","hash":"dfd18dbab2203a40ef70129cd61da21729eaf873","contentHash":"f3122bd7040d29ad9e7f28dd520c4dc18967a2fa62f92d8b9dce354bec092694"},"/app/src/api/errors.ts":{"path":"/app/src/api/errors.ts","statementMap":{"0":{"start":{"line":2,"column":0},"end":{"line":2,"column":62}},"1":{"start":{"line":3,"column":0},"end":{"line":3,"column":241}},"2":{"start":{"line":4,"column":17},"end":{"line":4,"column":40}},"3":{"start":{"line":5,"column":22},"end":{"line":8,"column":2}},"4":{"start":{"line":5,"column":36},"end":{"line":8,"column":2}},"5":{"start":{"line":9,"column":0},"end":{"line":9,"column":38}},"6":{"start":{"line":10,"column":26},"end":{"line":13,"column":2}},"7":{"start":{"line":10,"column":40},"end":{"line":13,"column":2}},"8":{"start":{"line":14,"column":0},"end":{"line":14,"column":46}},"9":{"start":{"line":15,"column":34},"end":{"line":15,"column":58}},"10":{"start":{"line":15,"column":44},"end":{"line":15,"column":58}},"11":{"start":{"line":16,"column":0},"end":{"line":16,"column":62}},"12":{"start":{"line":17,"column":27},"end":{"line":20,"column":2}},"13":{"start":{"line":17,"column":37},"end":{"line":20,"column":2}},"14":{"start":{"line":21,"column":0},"end":{"line":21,"column":48}},"15":{"start":{"line":25,"column":31},"end":{"line":25,"column":100}},"16":{"start":{"line":25,"column":44},"end":{"line":25,"column":100}},"17":{"start":{"line":26,"column":0},"end":{"line":26,"column":56}},"18":{"start":{"line":27,"column":22},"end":{"line":27,"column":90}},"19":{"start":{"line":27,"column":28},"end":{"line":27,"column":90}},"20":{"start":{"line":28,"column":0},"end":{"line":28,"column":38}},"21":{"start":{"line":29,"column":28},"end":{"line":29,"column":110}},"22":{"start":{"line":29,"column":34},"end":{"line":29,"column":110}},"23":{"start":{"line":30,"column":0},"end":{"line":30,"column":50}},"24":{"start":{"line":31,"column":28},"end":{"line":31,"column":107}},"25":{"start":{"line":31,"column":41},"end":{"line":31,"column":107}},"26":{"start":{"line":32,"column":0},"end":{"line":32,"column":50}}},"fnMap":{"0":{"name":"(anonymous_0)","decl":{"start":{"line":5,"column":22},"end":{"line":5,"column":23}},"loc":{"start":{"line":5,"column":36},"end":{"line":8,"column":2}},"line":5},"1":{"name":"(anonymous_1)","decl":{"start":{"line":10,"column":26},"end":{"line":10,"column":27}},"loc":{"start":{"line":10,"column":40},"end":{"line":13,"column":2}},"line":10},"2":{"name":"(anonymous_2)","decl":{"start":{"line":15,"column":34},"end":{"line":15,"column":35}},"loc":{"start":{"line":15,"column":44},"end":{"line":15,"column":58}},"line":15},"3":{"name":"(anonymous_3)","decl":{"start":{"line":17,"column":27},"end":{"line":17,"column":28}},"loc":{"start":{"line":17,"column":37},"end":{"line":20,"column":2}},"line":17},"4":{"name":"(anonymous_4)","decl":{"start":{"line":25,"column":31},"end":{"line":25,"column":32}},"loc":{"start":{"line":25,"column":44},"end":{"line":25,"column":100}},"line":25},"5":{"name":"(anonymous_5)","decl":{"start":{"line":27,"column":22},"end":{"line":27,"column":23}},"loc":{"start":{"line":27,"column":28},"end":{"line":27,"column":90}},"line":27},"6":{"name":"(anonymous_6)","decl":{"start":{"line":29,"column":28},"end":{"line":29,"column":29}},"loc":{"start":{"line":29,"column":34},"end":{"line":29,"column":110}},"line":29},"7":{"name":"(anonymous_7)","decl":{"start":{"line":31,"column":28},"end":{"line":31,"column":29}},"loc":{"start":{"line":31,"column":41},"end":{"line":31,"column":107}},"line":31}},"branchMap":{"0":{"loc":{"start":{"line":7,"column":23},"end":{"line":7,"column":42}},"type":"cond-expr","locations":[{"start":{"line":7,"column":28},"end":{"line":7,"column":37}},{"start":{"line":7,"column":40},"end":{"line":7,"column":42}}],"line":7},"1":{"loc":{"start":{"line":12,"column":29},"end":{"line":12,"column":47}},"type":"cond-expr","locations":[{"start":{"line":12,"column":34},"end":{"line":12,"column":42}},{"start":{"line":12,"column":45},"end":{"line":12,"column":47}}],"line":12}},"s":{"0":1,"1":1,"2":1,"3":1,"4":0,"5":1,"6":1,"7":0,"8":1,"9":1,"10":0,"11":1,"12":1,"13":0,"14":1,"15":1,"16":0,"17":1,"18":1,"19":0,"20":1,"21":1,"22":0,"23":1,"24":1,"25":0,"26":1},"f":{"0":0,"1":0,"2":0,"3":0,"4":0,"5":0,"6":0,"7":0},"b":{"0":[0,0],"1":[0,0]},"inputSourceMap":{"version":3,"file":"/app/src/api/errors.ts","sources":["/app/src/api/errors.ts"],"names":[],"mappings":";;;AAAA,yCAAyC;AAwBlC,MAAM,aAAa,GAAG,CAAC,IAAU,EAAE,EAAW,EAAE,EAAE,CACvD,IAAI,kBAAS,CAAC;IACZ,IAAI,EAAE,WAAW;IACjB,OAAO,EAAE,GAAG,IAAI,GAAG,EAAE,CAAC,CAAC,CAAC,IAAI,EAAE,GAAG,CAAC,CAAC,CAAC,EAAE,MAAM;CAC7C,CAAC,CAAC;AAJQ,QAAA,aAAa,iBAIrB;AAEE,MAAM,iBAAiB,GAAG,CAAC,IAAU,EAAE,EAAW,EAAE,EAAE,CAC3D,IAAI,kBAAS,CAAC;IACZ,IAAI,EAAE,WAAW;IACjB,OAAO,EAAE,SAAS,IAAI,GAAG,EAAE,CAAC,CAAC,CAAC,IAAI,EAAE,EAAE,CAAC,CAAC,CAAC,EAAE,GAAG;CAC/C,CAAC,CAAC;AAJQ,QAAA,iBAAiB,qBAIzB;AAEE,MAAM,yBAAyB,GAAG,CAAC,IAAU,EAAE,EAAE,CAAC,GAAG,IAAI,OAAO,CAAC;AAA3D,QAAA,yBAAyB,6BAAkC;AAEjE,MAAM,kBAAkB,GAAG,CAAC,IAAU,EAAE,EAAE,CAC/C,IAAI,kBAAS,CAAC;IACZ,IAAI,EAAE,aAAa;IACnB,OAAO,EAAE,IAAA,iCAAyB,EAAC,IAAI,CAAC;CACzC,CAAC,CAAC;AAJQ,QAAA,kBAAkB,sBAI1B;AAEL;;GAEG;AACI,MAAM,sBAAsB,GAAG,CAAC,OAAe,EAAE,EAAE,CACxD,IAAI,kBAAS,CAAC,EAAE,IAAI,EAAE,aAAa,EAAE,OAAO,EAAE,CAAC,CAAC;AADrC,QAAA,sBAAsB,0BACe;AAE3C,MAAM,aAAa,GAAG,GAAG,EAAE,CAChC,IAAI,kBAAS,CAAC,EAAE,IAAI,EAAE,UAAU,EAAE,OAAO,EAAE,OAAO,EAAE,CAAC,CAAC;AAD3C,QAAA,aAAa,iBAC8B;AAEjD,MAAM,mBAAmB,GAAG,GAAG,EAAE,CACtC,IAAI,kBAAS,CAAC,EAAE,IAAI,EAAE,sBAAsB,EAAE,OAAO,EAAE,SAAS,EAAE,CAAC,CAAC;AADzD,QAAA,mBAAmB,uBACsC;AAE/D,MAAM,mBAAmB,GAAG,CAAC,OAAe,EAAE,EAAE,CACrD,IAAI,kBAAS,CAAC,EAAE,IAAI,EAAE,uBAAuB,EAAE,OAAO,EAAE,CAAC,CAAC;AAD/C,QAAA,mBAAmB,uBAC4B","sourcesContent":["import { TRPCError } from \"@trpc/server\";\n\ntype Kind =\n  | \"用户\"\n  | \"分组\"\n  | \"评估\"\n  | \"一对一匹配\"\n  | \"资深导师匹配\"\n  | \"面试\"\n  | \"面试反馈\"\n  | \"申请表\"\n  | \"面试讨论\"\n  | \"会议纪要\"\n  | \"讨论空间\"\n  | \"讨论消息\"\n  | \"学生\"\n  | \"学生状态\"\n  | \"学生面试\"\n  | \"导师\"\n  | \"导师选择\"\n  | \"待办事项\"\n  | \"机构\"\n  | \"数据\"; // A general kind\n\nexport const notFoundError = (kind: Kind, id?: string) =>\n  new TRPCError({\n    code: \"NOT_FOUND\",\n    message: `${kind}${id ? ` ${id} ` : \"\"}不存在。`,\n  });\n\nexport const noPermissionError = (kind: Kind, id?: string) =>\n  new TRPCError({\n    code: \"FORBIDDEN\",\n    message: `没有权限访问${kind}${id ? ` ${id}` : \"\"}。`,\n  });\n\nexport const alreadyExistsErrorMessage = (kind: Kind) => `${kind}已经存在。`;\n\nexport const alreadyExistsError = (kind: Kind) =>\n  new TRPCError({\n    code: \"BAD_REQUEST\",\n    message: alreadyExistsErrorMessage(kind),\n  });\n\n/**\n * Add a period \"。\" at the end of the message\n */\nexport const generalBadRequestError = (message: string) =>\n  new TRPCError({ code: \"BAD_REQUEST\", message });\n\nexport const conflictError = () =>\n  new TRPCError({ code: \"CONFLICT\", message: \"版本冲突。\" });\n\nexport const notImplemnetedError = () =>\n  new TRPCError({ code: \"METHOD_NOT_SUPPORTED\", message: \"功能尚未实现。\" });\n\nexport const internalServerError = (message: string) =>\n  new TRPCError({ code: \"INTERNAL_SERVER_ERROR\", message });\n"]},"_coverageSchema":"1a1c01bbd47fc00a2c39e90264f33305004495a9","hash":"1bf0cdd76346ed60e20cc04686a53afa5ac4fe86","contentHash":"80e368a86b7a62c5b9ee8a43779b6a2b67a669bde1bba18fa95015f1cf698f39"}}